[0.014s] Invoking command in '/home/toffanetto/ecai21/src/build/two_turtle_control': CMAKE_PREFIX_PATH=/opt/ros/foxy /usr/bin/cmake --build /home/toffanetto/ecai21/src/build/two_turtle_control -- -j12 -l12
[0.055s] [35m[1mScanning dependencies of target two_turtle[0m
[0.081s] [ 50%] [32mBuilding CXX object CMakeFiles/two_turtle.dir/src/two_turtle.cpp.o[0m
[1.152s] In file included from [01m[K/opt/ros/foxy/include/rclcpp/context.hpp:19[m[K,
[1.152s]                  from [01m[K/opt/ros/foxy/include/rclcpp/contexts/default_context.hpp:18[m[K,
[1.152s]                  from [01m[K/opt/ros/foxy/include/rclcpp/executor.hpp:32[m[K,
[1.152s]                  from [01m[K/opt/ros/foxy/include/rclcpp/executors/multi_threaded_executor.hpp:26[m[K,
[1.152s]                  from [01m[K/opt/ros/foxy/include/rclcpp/executors.hpp:21[m[K,
[1.152s]                  from [01m[K/opt/ros/foxy/include/rclcpp/rclcpp.hpp:146[m[K,
[1.152s]                  from [01m[K/home/toffanetto/ecai21/src/two_turtle_control/src/two_turtle.cpp:6[m[K:
[1.152s] /usr/include/c++/9/functional: In instantiation of ‘[01m[Kstruct std::_Bind_check_arity<void (TwoTurtle::*)(), TwoTurtle*, const std::_Placeholder<1>&>[m[K’:
[1.152s] [01m[K/usr/include/c++/9/functional:787:12:[m[K   required from ‘[01m[Kstruct std::_Bind_helper<false, void (TwoTurtle::*)(), TwoTurtle*, const std::_Placeholder<1>&>[m[K’
[1.153s] [01m[K/usr/include/c++/9/functional:808:5:[m[K   required by substitution of ‘[01m[Ktemplate<class _Func, class ... _BoundArgs> typename std::_Bind_helper<std::__is_socketlike<_Func>::value, _Func, _BoundArgs ...>::type std::bind(_Func&&, _BoundArgs&& ...) [with _Func = void (TwoTurtle::*)(); _BoundArgs = {TwoTurtle*, const std::_Placeholder<1>&}][m[K’
[1.153s] [01m[K/home/toffanetto/ecai21/src/two_turtle_control/src/two_turtle.cpp:32:97:[m[K   required from here
[1.153s] [01m[K/usr/include/c++/9/functional:775:7:[m[K [01;31m[Kerror: [m[Kstatic assertion failed: Wrong number of arguments for pointer-to-member
[1.153s]   774 |       static_assert(_Varargs::[01;31m[Kvalue[m[K
[1.153s]       |                               [01;31m[K~~~~~[m[K
[1.153s]   775 | [01;31m[K      ? sizeof...(_BoundArgs) >= _Arity::value + 1[m[K
[1.153s]       |       [01;31m[K^~~~~~~~~~~~~~~~~~~~~~~~~~~~~~~~~~~~~~~~~~~~[m[K
[1.153s]   776 | [01;31m[K      : sizeof...(_BoundArgs) == _Arity::value + 1[m[K,
[1.153s]       |       [01;31m[K~~~~~~~~~~~~~~~~~~~~~~~~~~~~~~~~~~~~~~~~~~~~[m[K
[1.158s] In file included from [01m[K/usr/include/c++/9/bits/unique_ptr.h:37[m[K,
[1.158s]                  from [01m[K/usr/include/c++/9/memory:80[m[K,
[1.158s]                  from [01m[K/home/toffanetto/ecai21/src/two_turtle_control/src/two_turtle.cpp:2[m[K:
[1.158s] /usr/include/c++/9/tuple: In instantiation of ‘[01m[Kstruct std::tuple_element<0, std::tuple<> >[m[K’:
[1.158s] [01m[K/opt/ros/foxy/include/rclcpp/function_traits.hpp:71:9:[m[K   required by substitution of ‘[01m[Ktemplate<class ReturnTypeT, class ... Args> template<long unsigned int N> using argument_type = typename std::tuple_element<N, std::tuple<_Elements ...> >::type [with long unsigned int N = 0; ReturnTypeT = void; Args = {}][m[K’
[1.158s] [01m[K/opt/ros/foxy/include/rclcpp/subscription_traits.hpp:97:8:[m[K   required from ‘[01m[Kstruct rclcpp::subscription_traits::has_message_type<std::_Bind<void (TwoTurtle::*(TwoTurtle*, std::_Placeholder<1>))()>, std::allocator<void>, void, void, void, void>[m[K’
[1.158s] [01m[K/opt/ros/foxy/include/rclcpp/node.hpp:204:5:[m[K   required by substitution of ‘[01m[Ktemplate<class MessageT, class CallbackT, class AllocatorT, class CallbackMessageT, class SubscriptionT, class MessageMemoryStrategyT> std::shared_ptr<SubscriptionT> rclcpp::Node::create_subscription(const string&, const rclcpp::QoS&, CallbackT&&, const rclcpp::SubscriptionOptionsWithAllocator<AllocatorT>&, typename MessageMemoryStrategyT::SharedPtr) [with MessageT = turtlesim::msg::Pose_<std::allocator<void> >; CallbackT = std::_Bind<void (TwoTurtle::*(TwoTurtle*, std::_Placeholder<1>))()>; AllocatorT = std::allocator<void>; CallbackMessageT = <missing>; SubscriptionT = <missing>; MessageMemoryStrategyT = <missing>][m[K’
[1.158s] [01m[K/home/toffanetto/ecai21/src/two_turtle_control/src/two_turtle.cpp:32:98:[m[K   required from here
[1.158s] [01m[K/usr/include/c++/9/tuple:1303:25:[m[K [01;31m[Kerror: [m[Kstatic assertion failed: tuple index is in range
[1.158s]  1303 |       static_assert([01;31m[K__i < tuple_size<tuple<>>::value[m[K,
[1.158s]       |                     [01;31m[K~~~~^~~~~~~~~~~~~~~~~~~~~~~~~~~~[m[K
[1.158s] In file included from [01m[K/opt/ros/foxy/include/rclcpp/client.hpp:32[m[K,
[1.159s]                  from [01m[K/opt/ros/foxy/include/rclcpp/callback_group.hpp:23[m[K,
[1.159s]                  from [01m[K/opt/ros/foxy/include/rclcpp/any_executable.hpp:20[m[K,
[1.159s]                  from [01m[K/opt/ros/foxy/include/rclcpp/memory_strategy.hpp:24[m[K,
[1.159s]                  from [01m[K/opt/ros/foxy/include/rclcpp/memory_strategies.hpp:18[m[K,
[1.159s]                  from [01m[K/opt/ros/foxy/include/rclcpp/executor_options.hpp:20[m[K,
[1.159s]                  from [01m[K/opt/ros/foxy/include/rclcpp/executor.hpp:33[m[K,
[1.159s]                  from [01m[K/opt/ros/foxy/include/rclcpp/executors/multi_threaded_executor.hpp:26[m[K,
[1.159s]                  from [01m[K/opt/ros/foxy/include/rclcpp/executors.hpp:21[m[K,
[1.159s]                  from [01m[K/opt/ros/foxy/include/rclcpp/rclcpp.hpp:146[m[K,
[1.159s]                  from [01m[K/home/toffanetto/ecai21/src/two_turtle_control/src/two_turtle.cpp:6[m[K:
[1.159s] /opt/ros/foxy/include/rclcpp/function_traits.hpp: In substitution of ‘[01m[Ktemplate<class ReturnTypeT, class ... Args> template<long unsigned int N> using argument_type = typename std::tuple_element<N, std::tuple<_Elements ...> >::type [with long unsigned int N = 0; ReturnTypeT = void; Args = {}][m[K’:
[1.159s] [01m[K/opt/ros/foxy/include/rclcpp/subscription_traits.hpp:97:8:[m[K   required from ‘[01m[Kstruct rclcpp::subscription_traits::has_message_type<std::_Bind<void (TwoTurtle::*(TwoTurtle*, std::_Placeholder<1>))()>, std::allocator<void>, void, void, void, void>[m[K’
[1.159s] [01m[K/opt/ros/foxy/include/rclcpp/node.hpp:204:5:[m[K   required by substitution of ‘[01m[Ktemplate<class MessageT, class CallbackT, class AllocatorT, class CallbackMessageT, class SubscriptionT, class MessageMemoryStrategyT> std::shared_ptr<SubscriptionT> rclcpp::Node::create_subscription(const string&, const rclcpp::QoS&, CallbackT&&, const rclcpp::SubscriptionOptionsWithAllocator<AllocatorT>&, typename MessageMemoryStrategyT::SharedPtr) [with MessageT = turtlesim::msg::Pose_<std::allocator<void> >; CallbackT = std::_Bind<void (TwoTurtle::*(TwoTurtle*, std::_Placeholder<1>))()>; AllocatorT = std::allocator<void>; CallbackMessageT = <missing>; SubscriptionT = <missing>; MessageMemoryStrategyT = <missing>][m[K’
[1.159s] [01m[K/home/toffanetto/ecai21/src/two_turtle_control/src/two_turtle.cpp:32:98:[m[K   required from here
[1.159s] [01m[K/opt/ros/foxy/include/rclcpp/function_traits.hpp:71:9:[m[K [01;31m[Kerror: [m[Kno type named ‘[01m[Ktype[m[K’ in ‘[01m[Kstruct std::tuple_element<0, std::tuple<> >[m[K’
[1.159s]    71 |   using [01;31m[Kargument_type[m[K = typename std::tuple_element<N, arguments>::type;
[1.159s]       |         [01;31m[K^~~~~~~~~~~~~[m[K
[1.160s] [01m[K/home/toffanetto/ecai21/src/two_turtle_control/src/two_turtle.cpp:[m[K In constructor ‘[01m[KTwoTurtle::TwoTurtle()[m[K’:
[1.160s] [01m[K/home/toffanetto/ecai21/src/two_turtle_control/src/two_turtle.cpp:32:98:[m[K [01;31m[Kerror: [m[Kno matching function for call to ‘[01m[KTwoTurtle::create_subscription<turtlesim::msg::Pose>(const char [14], rclcpp::QoS&, std::_Bind_helper<false, void (TwoTurtle::*)(), TwoTurtle*, const std::_Placeholder<1>&>::type)[m[K’
[1.160s]    32 |                 std::bind(&TwoTurtle::pose_callback, this, std::placeholders::_1)[01;31m[K)[m[K;
[1.160s]       |                                                                                  [01;31m[K^[m[K
[1.160s] 
[1.160s] In file included from [01m[K/opt/ros/foxy/include/rclcpp/executors/single_threaded_executor.hpp:28[m[K,
[1.160s]                  from [01m[K/opt/ros/foxy/include/rclcpp/executors.hpp:22[m[K,
[1.160s]                  from [01m[K/opt/ros/foxy/include/rclcpp/rclcpp.hpp:146[m[K,
[1.160s]                  from [01m[K/home/toffanetto/ecai21/src/two_turtle_control/src/two_turtle.cpp:6[m[K:
[1.160s] [01m[K/opt/ros/foxy/include/rclcpp/node.hpp:213:3:[m[K [01;36m[Knote: [m[Kcandidate: ‘[01m[Ktemplate<class MessageT, class CallbackT, class AllocatorT, class CallbackMessageT, class SubscriptionT, class MessageMemoryStrategyT> std::shared_ptr<SubscriptionT> rclcpp::Node::create_subscription(const string&, const rclcpp::QoS&, CallbackT&&, const rclcpp::SubscriptionOptionsWithAllocator<AllocatorT>&, typename MessageMemoryStrategyT::SharedPtr)[m[K’
[1.160s]   213 |   [01;36m[Kcreate_subscription[m[K(
[1.160s]       |   [01;36m[K^~~~~~~~~~~~~~~~~~~[m[K
[1.160s] [01m[K/opt/ros/foxy/include/rclcpp/node.hpp:213:3:[m[K [01;36m[Knote: [m[K  substitution of deduced template arguments resulted in errors seen above
[1.856s] make[2]: *** [CMakeFiles/two_turtle.dir/build.make:63: CMakeFiles/two_turtle.dir/src/two_turtle.cpp.o] Error 1
[1.857s] make[1]: *** [CMakeFiles/Makefile2:78: CMakeFiles/two_turtle.dir/all] Error 2
[1.857s] make: *** [Makefile:141: all] Error 2
[1.859s] Invoked command in '/home/toffanetto/ecai21/src/build/two_turtle_control' returned '2': CMAKE_PREFIX_PATH=/opt/ros/foxy /usr/bin/cmake --build /home/toffanetto/ecai21/src/build/two_turtle_control -- -j12 -l12
