[0.016s] Invoking command in '/home/toffanetto/ecai21/src/build/two_turtle_control': CMAKE_PREFIX_PATH=/opt/ros/foxy /usr/bin/cmake --build /home/toffanetto/ecai21/src/build/two_turtle_control -- -j12 -l12
[0.056s] [35m[1mScanning dependencies of target two_turtle[0m
[0.083s] [ 50%] [32mBuilding CXX object CMakeFiles/two_turtle.dir/src/two_turtle.cpp.o[0m
[4.181s] [100%] [32m[1mLinking CXX executable two_turtle[0m
[4.415s] [100%] Built target two_turtle
[4.426s] Invoked command in '/home/toffanetto/ecai21/src/build/two_turtle_control' returned '0': CMAKE_PREFIX_PATH=/opt/ros/foxy /usr/bin/cmake --build /home/toffanetto/ecai21/src/build/two_turtle_control -- -j12 -l12
[4.461s] Invoking command in '/home/toffanetto/ecai21/src/build/two_turtle_control': CMAKE_PREFIX_PATH=/opt/ros/foxy /usr/bin/cmake --install /home/toffanetto/ecai21/src/build/two_turtle_control
[4.469s] -- Install configuration: ""
[4.469s] -- Installing: /home/toffanetto/ecai21/src/install/two_turtle_control/lib/two_turtle_control/two_turtle
[4.471s] -- Set runtime path of "/home/toffanetto/ecai21/src/install/two_turtle_control/lib/two_turtle_control/two_turtle" to ""
[4.471s] -- Up-to-date: /home/toffanetto/ecai21/src/install/two_turtle_control/share/ament_index/resource_index/package_run_dependencies/two_turtle_control
[4.472s] -- Up-to-date: /home/toffanetto/ecai21/src/install/two_turtle_control/share/ament_index/resource_index/parent_prefix_path/two_turtle_control
[4.472s] -- Up-to-date: /home/toffanetto/ecai21/src/install/two_turtle_control/share/two_turtle_control/environment/ament_prefix_path.sh
[4.472s] -- Up-to-date: /home/toffanetto/ecai21/src/install/two_turtle_control/share/two_turtle_control/environment/ament_prefix_path.dsv
[4.472s] -- Up-to-date: /home/toffanetto/ecai21/src/install/two_turtle_control/share/two_turtle_control/environment/path.sh
[4.472s] -- Up-to-date: /home/toffanetto/ecai21/src/install/two_turtle_control/share/two_turtle_control/environment/path.dsv
[4.472s] -- Up-to-date: /home/toffanetto/ecai21/src/install/two_turtle_control/share/two_turtle_control/local_setup.bash
[4.472s] -- Up-to-date: /home/toffanetto/ecai21/src/install/two_turtle_control/share/two_turtle_control/local_setup.sh
[4.472s] -- Up-to-date: /home/toffanetto/ecai21/src/install/two_turtle_control/share/two_turtle_control/local_setup.zsh
[4.472s] -- Up-to-date: /home/toffanetto/ecai21/src/install/two_turtle_control/share/two_turtle_control/local_setup.dsv
[4.473s] -- Installing: /home/toffanetto/ecai21/src/install/two_turtle_control/share/two_turtle_control/package.dsv
[4.473s] -- Up-to-date: /home/toffanetto/ecai21/src/install/two_turtle_control/share/ament_index/resource_index/packages/two_turtle_control
[4.473s] -- Up-to-date: /home/toffanetto/ecai21/src/install/two_turtle_control/share/two_turtle_control/cmake/two_turtle_controlConfig.cmake
[4.473s] -- Up-to-date: /home/toffanetto/ecai21/src/install/two_turtle_control/share/two_turtle_control/cmake/two_turtle_controlConfig-version.cmake
[4.473s] -- Up-to-date: /home/toffanetto/ecai21/src/install/two_turtle_control/share/two_turtle_control/package.xml
[4.475s] Invoked command in '/home/toffanetto/ecai21/src/build/two_turtle_control' returned '0': CMAKE_PREFIX_PATH=/opt/ros/foxy /usr/bin/cmake --install /home/toffanetto/ecai21/src/build/two_turtle_control
