[0.141s] DEBUG:colcon:Command line arguments: ['/usr/bin/colcon', 'build']
[0.141s] DEBUG:colcon:Parsed command line arguments: Namespace(allow_overriding=[], ament_cmake_args=None, base_paths=['.'], build_base='build', catkin_cmake_args=None, catkin_skip_building_tests=False, cmake_args=None, cmake_clean_cache=False, cmake_clean_first=False, cmake_force_configure=False, cmake_target=None, cmake_target_skip_unavailable=False, continue_on_error=False, event_handlers=None, executor='parallel', ignore_user_meta=False, install_base='install', log_base=None, log_level=None, main=<bound method BuildVerb.main of <colcon_core.verb.build.BuildVerb object at 0x7febd1c67100>>, merge_install=False, metas=['./colcon.meta'], packages_above=None, packages_above_and_dependencies=None, packages_above_depth=None, packages_end=None, packages_ignore=None, packages_ignore_regex=None, packages_select=None, packages_select_build_failed=False, packages_select_by_dep=None, packages_select_regex=None, packages_select_test_failures=False, packages_skip=None, packages_skip_build_finished=False, packages_skip_by_dep=None, packages_skip_regex=None, packages_skip_test_passed=False, packages_skip_up_to=None, packages_start=None, packages_up_to=None, packages_up_to_regex=None, parallel_workers=12, paths=None, symlink_install=False, test_result_base=None, verb_extension=<colcon_core.verb.build.BuildVerb object at 0x7febd1c67100>, verb_name='build', verb_parser=<colcon_defaults.argument_parser.defaults.DefaultArgumentsDecorator object at 0x7febd1c67580>)
[0.162s] Level 1:colcon.colcon_core.package_discovery:discover_packages(colcon_meta) check parameters
[0.162s] Level 1:colcon.colcon_core.package_discovery:discover_packages(recursive) check parameters
[0.162s] Level 1:colcon.colcon_core.package_discovery:discover_packages(ignore) check parameters
[0.162s] Level 1:colcon.colcon_core.package_discovery:discover_packages(path) check parameters
[0.162s] Level 1:colcon.colcon_core.package_discovery:discover_packages(colcon_meta) discover
[0.162s] Level 1:colcon.colcon_core.package_discovery:discover_packages(recursive) discover
[0.162s] INFO:colcon.colcon_core.package_discovery:Crawling recursively for packages in '/home/toffanetto/ecai21'
[0.162s] Level 1:colcon.colcon_core.package_identification:_identify(.) by extensions ['ignore', 'ignore_ament_install']
[0.162s] Level 1:colcon.colcon_core.package_identification:_identify(.) by extension 'ignore'
[0.162s] Level 1:colcon.colcon_core.package_identification:_identify(.) by extension 'ignore_ament_install'
[0.162s] Level 1:colcon.colcon_core.package_identification:_identify(.) by extensions ['colcon_pkg']
[0.162s] Level 1:colcon.colcon_core.package_identification:_identify(.) by extension 'colcon_pkg'
[0.163s] Level 1:colcon.colcon_core.package_identification:_identify(.) by extensions ['colcon_meta']
[0.163s] Level 1:colcon.colcon_core.package_identification:_identify(.) by extension 'colcon_meta'
[0.163s] Level 1:colcon.colcon_core.package_identification:_identify(.) by extensions ['ros']
[0.163s] Level 1:colcon.colcon_core.package_identification:_identify(.) by extension 'ros'
[0.171s] Level 1:colcon.colcon_core.package_identification:_identify(.) by extensions ['cmake', 'python']
[0.171s] Level 1:colcon.colcon_core.package_identification:_identify(.) by extension 'cmake'
[0.172s] Level 1:colcon.colcon_core.package_identification:_identify(.) by extension 'python'
[0.172s] Level 1:colcon.colcon_core.package_identification:_identify(.) by extensions ['python_setup_py']
[0.172s] Level 1:colcon.colcon_core.package_identification:_identify(.) by extension 'python_setup_py'
[0.172s] Level 1:colcon.colcon_core.package_identification:_identify(build) by extensions ['ignore', 'ignore_ament_install']
[0.172s] Level 1:colcon.colcon_core.package_identification:_identify(build) by extension 'ignore'
[0.172s] Level 1:colcon.colcon_core.package_identification:_identify(build) ignored
[0.172s] Level 1:colcon.colcon_core.package_identification:_identify(install) by extensions ['ignore', 'ignore_ament_install']
[0.172s] Level 1:colcon.colcon_core.package_identification:_identify(install) by extension 'ignore'
[0.172s] Level 1:colcon.colcon_core.package_identification:_identify(install) ignored
[0.172s] Level 1:colcon.colcon_core.package_identification:_identify(log) by extensions ['ignore', 'ignore_ament_install']
[0.172s] Level 1:colcon.colcon_core.package_identification:_identify(log) by extension 'ignore'
[0.172s] Level 1:colcon.colcon_core.package_identification:_identify(log) ignored
[0.172s] Level 1:colcon.colcon_core.package_identification:_identify(src) by extensions ['ignore', 'ignore_ament_install']
[0.172s] Level 1:colcon.colcon_core.package_identification:_identify(src) by extension 'ignore'
[0.172s] Level 1:colcon.colcon_core.package_identification:_identify(src) by extension 'ignore_ament_install'
[0.173s] Level 1:colcon.colcon_core.package_identification:_identify(src) by extensions ['colcon_pkg']
[0.173s] Level 1:colcon.colcon_core.package_identification:_identify(src) by extension 'colcon_pkg'
[0.173s] Level 1:colcon.colcon_core.package_identification:_identify(src) by extensions ['colcon_meta']
[0.173s] Level 1:colcon.colcon_core.package_identification:_identify(src) by extension 'colcon_meta'
[0.173s] Level 1:colcon.colcon_core.package_identification:_identify(src) by extensions ['ros']
[0.173s] Level 1:colcon.colcon_core.package_identification:_identify(src) by extension 'ros'
[0.173s] Level 1:colcon.colcon_core.package_identification:_identify(src) by extensions ['cmake', 'python']
[0.173s] Level 1:colcon.colcon_core.package_identification:_identify(src) by extension 'cmake'
[0.173s] Level 1:colcon.colcon_core.package_identification:_identify(src) by extension 'python'
[0.173s] Level 1:colcon.colcon_core.package_identification:_identify(src) by extensions ['python_setup_py']
[0.173s] Level 1:colcon.colcon_core.package_identification:_identify(src) by extension 'python_setup_py'
[0.173s] Level 1:colcon.colcon_core.package_identification:_identify(src/build) by extensions ['ignore', 'ignore_ament_install']
[0.173s] Level 1:colcon.colcon_core.package_identification:_identify(src/build) by extension 'ignore'
[0.173s] Level 1:colcon.colcon_core.package_identification:_identify(src/build) ignored
[0.173s] Level 1:colcon.colcon_core.package_identification:_identify(src/install) by extensions ['ignore', 'ignore_ament_install']
[0.173s] Level 1:colcon.colcon_core.package_identification:_identify(src/install) by extension 'ignore'
[0.173s] Level 1:colcon.colcon_core.package_identification:_identify(src/install) ignored
[0.173s] Level 1:colcon.colcon_core.package_identification:_identify(src/log) by extensions ['ignore', 'ignore_ament_install']
[0.173s] Level 1:colcon.colcon_core.package_identification:_identify(src/log) by extension 'ignore'
[0.174s] Level 1:colcon.colcon_core.package_identification:_identify(src/log) ignored
[0.174s] Level 1:colcon.colcon_core.package_identification:_identify(src/teleop_cmd_vel) by extensions ['ignore', 'ignore_ament_install']
[0.174s] Level 1:colcon.colcon_core.package_identification:_identify(src/teleop_cmd_vel) by extension 'ignore'
[0.174s] Level 1:colcon.colcon_core.package_identification:_identify(src/teleop_cmd_vel) by extension 'ignore_ament_install'
[0.174s] Level 1:colcon.colcon_core.package_identification:_identify(src/teleop_cmd_vel) by extensions ['colcon_pkg']
[0.174s] Level 1:colcon.colcon_core.package_identification:_identify(src/teleop_cmd_vel) by extension 'colcon_pkg'
[0.174s] Level 1:colcon.colcon_core.package_identification:_identify(src/teleop_cmd_vel) by extensions ['colcon_meta']
[0.174s] Level 1:colcon.colcon_core.package_identification:_identify(src/teleop_cmd_vel) by extension 'colcon_meta'
[0.174s] Level 1:colcon.colcon_core.package_identification:_identify(src/teleop_cmd_vel) by extensions ['ros']
[0.174s] Level 1:colcon.colcon_core.package_identification:_identify(src/teleop_cmd_vel) by extension 'ros'
[0.176s] DEBUG:colcon.colcon_core.package_identification:Package 'src/teleop_cmd_vel' with type 'ros.ament_cmake' and name 'teleop_cmd_vel'
[0.177s] Level 1:colcon.colcon_core.package_identification:_identify(src/two_turtle_control) by extensions ['ignore', 'ignore_ament_install']
[0.177s] Level 1:colcon.colcon_core.package_identification:_identify(src/two_turtle_control) by extension 'ignore'
[0.177s] Level 1:colcon.colcon_core.package_identification:_identify(src/two_turtle_control) by extension 'ignore_ament_install'
[0.177s] Level 1:colcon.colcon_core.package_identification:_identify(src/two_turtle_control) by extensions ['colcon_pkg']
[0.177s] Level 1:colcon.colcon_core.package_identification:_identify(src/two_turtle_control) by extension 'colcon_pkg'
[0.177s] Level 1:colcon.colcon_core.package_identification:_identify(src/two_turtle_control) by extensions ['colcon_meta']
[0.177s] Level 1:colcon.colcon_core.package_identification:_identify(src/two_turtle_control) by extension 'colcon_meta'
[0.177s] Level 1:colcon.colcon_core.package_identification:_identify(src/two_turtle_control) by extensions ['ros']
[0.177s] Level 1:colcon.colcon_core.package_identification:_identify(src/two_turtle_control) by extension 'ros'
[0.178s] DEBUG:colcon.colcon_core.package_identification:Package 'src/two_turtle_control' with type 'ros.ament_cmake' and name 'two_turtle_control'
[0.178s] Level 1:colcon.colcon_core.package_discovery:discover_packages(recursive) using defaults
[0.178s] Level 1:colcon.colcon_core.package_discovery:discover_packages(ignore) discover
[0.178s] Level 1:colcon.colcon_core.package_discovery:discover_packages(ignore) using defaults
[0.178s] Level 1:colcon.colcon_core.package_discovery:discover_packages(path) discover
[0.178s] Level 1:colcon.colcon_core.package_discovery:discover_packages(path) using defaults
[0.201s] Level 1:colcon.colcon_core.package_discovery:discover_packages(prefix_path) check parameters
[0.201s] Level 1:colcon.colcon_core.package_discovery:discover_packages(prefix_path) discover
[0.203s] DEBUG:colcon.colcon_installed_package_information.package_discovery:Found 2 installed packages in /home/toffanetto/ecai21/install
[0.205s] DEBUG:colcon.colcon_installed_package_information.package_discovery:Found 305 installed packages in /opt/ros/foxy
[0.206s] Level 1:colcon.colcon_core.package_discovery:discover_packages(prefix_path) using defaults
[0.268s] Level 5:colcon.colcon_core.verb:set package 'teleop_cmd_vel' build argument 'cmake_args' from command line to 'None'
[0.268s] Level 5:colcon.colcon_core.verb:set package 'teleop_cmd_vel' build argument 'cmake_target' from command line to 'None'
[0.268s] Level 5:colcon.colcon_core.verb:set package 'teleop_cmd_vel' build argument 'cmake_target_skip_unavailable' from command line to 'False'
[0.268s] Level 5:colcon.colcon_core.verb:set package 'teleop_cmd_vel' build argument 'cmake_clean_cache' from command line to 'False'
[0.268s] Level 5:colcon.colcon_core.verb:set package 'teleop_cmd_vel' build argument 'cmake_clean_first' from command line to 'False'
[0.268s] Level 5:colcon.colcon_core.verb:set package 'teleop_cmd_vel' build argument 'cmake_force_configure' from command line to 'False'
[0.268s] Level 5:colcon.colcon_core.verb:set package 'teleop_cmd_vel' build argument 'ament_cmake_args' from command line to 'None'
[0.269s] Level 5:colcon.colcon_core.verb:set package 'teleop_cmd_vel' build argument 'catkin_cmake_args' from command line to 'None'
[0.269s] Level 5:colcon.colcon_core.verb:set package 'teleop_cmd_vel' build argument 'catkin_skip_building_tests' from command line to 'False'
[0.269s] DEBUG:colcon.colcon_core.verb:Building package 'teleop_cmd_vel' with the following arguments: {'ament_cmake_args': None, 'build_base': '/home/toffanetto/ecai21/build/teleop_cmd_vel', 'catkin_cmake_args': None, 'catkin_skip_building_tests': False, 'cmake_args': None, 'cmake_clean_cache': False, 'cmake_clean_first': False, 'cmake_force_configure': False, 'cmake_target': None, 'cmake_target_skip_unavailable': False, 'install_base': '/home/toffanetto/ecai21/install/teleop_cmd_vel', 'merge_install': False, 'path': '/home/toffanetto/ecai21/src/teleop_cmd_vel', 'symlink_install': False, 'test_result_base': None}
[0.269s] Level 5:colcon.colcon_core.verb:set package 'two_turtle_control' build argument 'cmake_args' from command line to 'None'
[0.269s] Level 5:colcon.colcon_core.verb:set package 'two_turtle_control' build argument 'cmake_target' from command line to 'None'
[0.269s] Level 5:colcon.colcon_core.verb:set package 'two_turtle_control' build argument 'cmake_target_skip_unavailable' from command line to 'False'
[0.269s] Level 5:colcon.colcon_core.verb:set package 'two_turtle_control' build argument 'cmake_clean_cache' from command line to 'False'
[0.270s] Level 5:colcon.colcon_core.verb:set package 'two_turtle_control' build argument 'cmake_clean_first' from command line to 'False'
[0.270s] Level 5:colcon.colcon_core.verb:set package 'two_turtle_control' build argument 'cmake_force_configure' from command line to 'False'
[0.270s] Level 5:colcon.colcon_core.verb:set package 'two_turtle_control' build argument 'ament_cmake_args' from command line to 'None'
[0.270s] Level 5:colcon.colcon_core.verb:set package 'two_turtle_control' build argument 'catkin_cmake_args' from command line to 'None'
[0.270s] Level 5:colcon.colcon_core.verb:set package 'two_turtle_control' build argument 'catkin_skip_building_tests' from command line to 'False'
[0.270s] DEBUG:colcon.colcon_core.verb:Building package 'two_turtle_control' with the following arguments: {'ament_cmake_args': None, 'build_base': '/home/toffanetto/ecai21/build/two_turtle_control', 'catkin_cmake_args': None, 'catkin_skip_building_tests': False, 'cmake_args': None, 'cmake_clean_cache': False, 'cmake_clean_first': False, 'cmake_force_configure': False, 'cmake_target': None, 'cmake_target_skip_unavailable': False, 'install_base': '/home/toffanetto/ecai21/install/two_turtle_control', 'merge_install': False, 'path': '/home/toffanetto/ecai21/src/two_turtle_control', 'symlink_install': False, 'test_result_base': None}
[0.270s] INFO:colcon.colcon_core.executor:Executing jobs using 'parallel' executor
[0.273s] DEBUG:colcon.colcon_parallel_executor.executor.parallel:run_until_complete
[0.274s] INFO:colcon.colcon_ros.task.ament_cmake.build:Building ROS package in '/home/toffanetto/ecai21/src/teleop_cmd_vel' with build type 'ament_cmake'
[0.274s] INFO:colcon.colcon_cmake.task.cmake.build:Building CMake package in '/home/toffanetto/ecai21/src/teleop_cmd_vel'
[0.277s] INFO:colcon.colcon_core.plugin_system:Skipping extension 'colcon_core.shell.bat': Not used on non-Windows systems
[0.278s] INFO:colcon.colcon_core.shell:Skip shell extension 'powershell' for command environment: Not usable outside of PowerShell
[0.278s] DEBUG:colcon.colcon_core.shell:Skip shell extension 'dsv' for command environment
[0.283s] INFO:colcon.colcon_ros.task.ament_cmake.build:Building ROS package in '/home/toffanetto/ecai21/src/two_turtle_control' with build type 'ament_cmake'
[0.283s] INFO:colcon.colcon_cmake.task.cmake.build:Building CMake package in '/home/toffanetto/ecai21/src/two_turtle_control'
[0.284s] INFO:colcon.colcon_core.shell:Skip shell extension 'powershell' for command environment: Not usable outside of PowerShell
[0.284s] DEBUG:colcon.colcon_core.shell:Skip shell extension 'dsv' for command environment
[0.298s] DEBUG:colcon.colcon_core.event_handler.log_command:Invoking command in '/home/toffanetto/ecai21/build/teleop_cmd_vel': CMAKE_PREFIX_PATH=${CMAKE_PREFIX_PATH}:/opt/ros/foxy /usr/bin/cmake --build /home/toffanetto/ecai21/build/teleop_cmd_vel -- -j12 -l12
[0.307s] DEBUG:colcon.colcon_core.event_handler.log_command:Invoking command in '/home/toffanetto/ecai21/build/two_turtle_control': CMAKE_PREFIX_PATH=${CMAKE_PREFIX_PATH}:/opt/ros/foxy /usr/bin/cmake --build /home/toffanetto/ecai21/build/two_turtle_control -- -j12 -l12
[0.370s] DEBUG:colcon.colcon_core.event_handler.log_command:Invoked command in '/home/toffanetto/ecai21/build/teleop_cmd_vel' returned '0': CMAKE_PREFIX_PATH=${CMAKE_PREFIX_PATH}:/opt/ros/foxy /usr/bin/cmake --build /home/toffanetto/ecai21/build/teleop_cmd_vel -- -j12 -l12
[0.410s] DEBUG:colcon.colcon_core.event_handler.log_command:Invoking command in '/home/toffanetto/ecai21/build/teleop_cmd_vel': CMAKE_PREFIX_PATH=${CMAKE_PREFIX_PATH}:/opt/ros/foxy /usr/bin/cmake --install /home/toffanetto/ecai21/build/teleop_cmd_vel
[0.421s] Level 1:colcon.colcon_core.environment:create_environment_scripts_only(teleop_cmd_vel)
[0.423s] DEBUG:colcon.colcon_core.event_handler.log_command:Invoked command in '/home/toffanetto/ecai21/build/teleop_cmd_vel' returned '0': CMAKE_PREFIX_PATH=${CMAKE_PREFIX_PATH}:/opt/ros/foxy /usr/bin/cmake --install /home/toffanetto/ecai21/build/teleop_cmd_vel
[0.427s] Level 1:colcon.colcon_core.environment:checking '/home/toffanetto/ecai21/install/teleop_cmd_vel' for CMake module files
[0.441s] Level 1:colcon.colcon_core.environment:checking '/home/toffanetto/ecai21/install/teleop_cmd_vel' for CMake config files
[0.442s] Level 1:colcon.colcon_core.shell:create_environment_hook('teleop_cmd_vel', 'cmake_prefix_path')
[0.447s] INFO:colcon.colcon_core.shell:Creating environment hook '/home/toffanetto/ecai21/install/teleop_cmd_vel/share/teleop_cmd_vel/hook/cmake_prefix_path.ps1'
[0.449s] INFO:colcon.colcon_core.shell:Creating environment descriptor '/home/toffanetto/ecai21/install/teleop_cmd_vel/share/teleop_cmd_vel/hook/cmake_prefix_path.dsv'
[0.451s] INFO:colcon.colcon_core.shell:Creating environment hook '/home/toffanetto/ecai21/install/teleop_cmd_vel/share/teleop_cmd_vel/hook/cmake_prefix_path.sh'
[0.454s] Level 1:colcon.colcon_core.environment:checking '/home/toffanetto/ecai21/install/teleop_cmd_vel/lib'
[0.454s] Level 1:colcon.colcon_core.environment:checking '/home/toffanetto/ecai21/install/teleop_cmd_vel/bin'
[0.455s] Level 1:colcon.colcon_core.environment:checking '/home/toffanetto/ecai21/install/teleop_cmd_vel/lib/pkgconfig/teleop_cmd_vel.pc'
[0.455s] Level 1:colcon.colcon_core.environment:checking '/home/toffanetto/ecai21/install/teleop_cmd_vel/lib/python3.8/site-packages'
[0.456s] Level 1:colcon.colcon_core.environment:checking '/home/toffanetto/ecai21/install/teleop_cmd_vel/bin'
[0.461s] INFO:colcon.colcon_core.shell:Creating package script '/home/toffanetto/ecai21/install/teleop_cmd_vel/share/teleop_cmd_vel/package.ps1'
[0.463s] INFO:colcon.colcon_core.shell:Creating package descriptor '/home/toffanetto/ecai21/install/teleop_cmd_vel/share/teleop_cmd_vel/package.dsv'
[0.464s] INFO:colcon.colcon_core.shell:Creating package script '/home/toffanetto/ecai21/install/teleop_cmd_vel/share/teleop_cmd_vel/package.sh'
[0.466s] INFO:colcon.colcon_core.shell:Creating package script '/home/toffanetto/ecai21/install/teleop_cmd_vel/share/teleop_cmd_vel/package.bash'
[0.468s] INFO:colcon.colcon_core.shell:Creating package script '/home/toffanetto/ecai21/install/teleop_cmd_vel/share/teleop_cmd_vel/package.zsh'
[0.469s] Level 1:colcon.colcon_core.environment:create_file_with_runtime_dependencies(/home/toffanetto/ecai21/install/teleop_cmd_vel/share/colcon-core/packages/teleop_cmd_vel)
[0.503s] Level 1:colcon.colcon_core.environment:create_environment_scripts_only(teleop_cmd_vel)
[0.505s] Level 1:colcon.colcon_core.environment:checking '/home/toffanetto/ecai21/install/teleop_cmd_vel' for CMake module files
[0.505s] Level 1:colcon.colcon_core.environment:checking '/home/toffanetto/ecai21/install/teleop_cmd_vel' for CMake config files
[0.506s] Level 1:colcon.colcon_core.shell:create_environment_hook('teleop_cmd_vel', 'cmake_prefix_path')
[0.507s] INFO:colcon.colcon_core.shell:Creating environment hook '/home/toffanetto/ecai21/install/teleop_cmd_vel/share/teleop_cmd_vel/hook/cmake_prefix_path.ps1'
[0.639s] INFO:colcon.colcon_core.shell:Creating environment descriptor '/home/toffanetto/ecai21/install/teleop_cmd_vel/share/teleop_cmd_vel/hook/cmake_prefix_path.dsv'
[0.639s] INFO:colcon.colcon_core.shell:Creating environment hook '/home/toffanetto/ecai21/install/teleop_cmd_vel/share/teleop_cmd_vel/hook/cmake_prefix_path.sh'
[0.640s] Level 1:colcon.colcon_core.environment:checking '/home/toffanetto/ecai21/install/teleop_cmd_vel/lib'
[0.640s] Level 1:colcon.colcon_core.environment:checking '/home/toffanetto/ecai21/install/teleop_cmd_vel/bin'
[0.640s] Level 1:colcon.colcon_core.environment:checking '/home/toffanetto/ecai21/install/teleop_cmd_vel/lib/pkgconfig/teleop_cmd_vel.pc'
[0.640s] Level 1:colcon.colcon_core.environment:checking '/home/toffanetto/ecai21/install/teleop_cmd_vel/lib/python3.8/site-packages'
[0.640s] Level 1:colcon.colcon_core.environment:checking '/home/toffanetto/ecai21/install/teleop_cmd_vel/bin'
[0.642s] INFO:colcon.colcon_core.shell:Creating package script '/home/toffanetto/ecai21/install/teleop_cmd_vel/share/teleop_cmd_vel/package.ps1'
[0.642s] INFO:colcon.colcon_core.shell:Creating package descriptor '/home/toffanetto/ecai21/install/teleop_cmd_vel/share/teleop_cmd_vel/package.dsv'
[0.643s] INFO:colcon.colcon_core.shell:Creating package script '/home/toffanetto/ecai21/install/teleop_cmd_vel/share/teleop_cmd_vel/package.sh'
[0.643s] INFO:colcon.colcon_core.shell:Creating package script '/home/toffanetto/ecai21/install/teleop_cmd_vel/share/teleop_cmd_vel/package.bash'
[0.643s] INFO:colcon.colcon_core.shell:Creating package script '/home/toffanetto/ecai21/install/teleop_cmd_vel/share/teleop_cmd_vel/package.zsh'
[0.644s] Level 1:colcon.colcon_core.environment:create_file_with_runtime_dependencies(/home/toffanetto/ecai21/install/teleop_cmd_vel/share/colcon-core/packages/teleop_cmd_vel)
[6.640s] DEBUG:colcon.colcon_core.event_handler.log_command:Invoked command in '/home/toffanetto/ecai21/build/two_turtle_control' returned '0': CMAKE_PREFIX_PATH=${CMAKE_PREFIX_PATH}:/opt/ros/foxy /usr/bin/cmake --build /home/toffanetto/ecai21/build/two_turtle_control -- -j12 -l12
[6.718s] DEBUG:colcon.colcon_core.event_handler.log_command:Invoking command in '/home/toffanetto/ecai21/build/two_turtle_control': CMAKE_PREFIX_PATH=${CMAKE_PREFIX_PATH}:/opt/ros/foxy /usr/bin/cmake --install /home/toffanetto/ecai21/build/two_turtle_control
[6.750s] Level 1:colcon.colcon_core.environment:create_environment_scripts_only(two_turtle_control)
[6.755s] Level 1:colcon.colcon_core.environment:checking '/home/toffanetto/ecai21/install/two_turtle_control' for CMake module files
[6.755s] DEBUG:colcon.colcon_core.event_handler.log_command:Invoked command in '/home/toffanetto/ecai21/build/two_turtle_control' returned '0': CMAKE_PREFIX_PATH=${CMAKE_PREFIX_PATH}:/opt/ros/foxy /usr/bin/cmake --install /home/toffanetto/ecai21/build/two_turtle_control
[6.756s] Level 1:colcon.colcon_core.environment:checking '/home/toffanetto/ecai21/install/two_turtle_control' for CMake config files
[6.756s] Level 1:colcon.colcon_core.shell:create_environment_hook('two_turtle_control', 'cmake_prefix_path')
[6.758s] INFO:colcon.colcon_core.shell:Creating environment hook '/home/toffanetto/ecai21/install/two_turtle_control/share/two_turtle_control/hook/cmake_prefix_path.ps1'
[6.758s] INFO:colcon.colcon_core.shell:Creating environment descriptor '/home/toffanetto/ecai21/install/two_turtle_control/share/two_turtle_control/hook/cmake_prefix_path.dsv'
[6.759s] INFO:colcon.colcon_core.shell:Creating environment hook '/home/toffanetto/ecai21/install/two_turtle_control/share/two_turtle_control/hook/cmake_prefix_path.sh'
[6.759s] Level 1:colcon.colcon_core.environment:checking '/home/toffanetto/ecai21/install/two_turtle_control/lib'
[6.759s] Level 1:colcon.colcon_core.environment:checking '/home/toffanetto/ecai21/install/two_turtle_control/bin'
[6.760s] Level 1:colcon.colcon_core.environment:checking '/home/toffanetto/ecai21/install/two_turtle_control/lib/pkgconfig/two_turtle_control.pc'
[6.760s] Level 1:colcon.colcon_core.environment:checking '/home/toffanetto/ecai21/install/two_turtle_control/lib/python3.8/site-packages'
[6.760s] Level 1:colcon.colcon_core.environment:checking '/home/toffanetto/ecai21/install/two_turtle_control/bin'
[6.762s] INFO:colcon.colcon_core.shell:Creating package script '/home/toffanetto/ecai21/install/two_turtle_control/share/two_turtle_control/package.ps1'
[6.763s] INFO:colcon.colcon_core.shell:Creating package descriptor '/home/toffanetto/ecai21/install/two_turtle_control/share/two_turtle_control/package.dsv'
[6.763s] INFO:colcon.colcon_core.shell:Creating package script '/home/toffanetto/ecai21/install/two_turtle_control/share/two_turtle_control/package.sh'
[6.763s] INFO:colcon.colcon_core.shell:Creating package script '/home/toffanetto/ecai21/install/two_turtle_control/share/two_turtle_control/package.bash'
[6.764s] INFO:colcon.colcon_core.shell:Creating package script '/home/toffanetto/ecai21/install/two_turtle_control/share/two_turtle_control/package.zsh'
[6.764s] Level 1:colcon.colcon_core.environment:create_file_with_runtime_dependencies(/home/toffanetto/ecai21/install/two_turtle_control/share/colcon-core/packages/two_turtle_control)
[6.797s] Level 1:colcon.colcon_core.environment:create_environment_scripts_only(two_turtle_control)
[6.800s] Level 1:colcon.colcon_core.environment:checking '/home/toffanetto/ecai21/install/two_turtle_control' for CMake module files
[6.800s] Level 1:colcon.colcon_core.environment:checking '/home/toffanetto/ecai21/install/two_turtle_control' for CMake config files
[6.801s] Level 1:colcon.colcon_core.shell:create_environment_hook('two_turtle_control', 'cmake_prefix_path')
[6.802s] INFO:colcon.colcon_core.shell:Creating environment hook '/home/toffanetto/ecai21/install/two_turtle_control/share/two_turtle_control/hook/cmake_prefix_path.ps1'
[7.029s] INFO:colcon.colcon_core.shell:Creating environment descriptor '/home/toffanetto/ecai21/install/two_turtle_control/share/two_turtle_control/hook/cmake_prefix_path.dsv'
[7.030s] INFO:colcon.colcon_core.shell:Creating environment hook '/home/toffanetto/ecai21/install/two_turtle_control/share/two_turtle_control/hook/cmake_prefix_path.sh'
[7.032s] Level 1:colcon.colcon_core.environment:checking '/home/toffanetto/ecai21/install/two_turtle_control/lib'
[7.033s] Level 1:colcon.colcon_core.environment:checking '/home/toffanetto/ecai21/install/two_turtle_control/bin'
[7.033s] Level 1:colcon.colcon_core.environment:checking '/home/toffanetto/ecai21/install/two_turtle_control/lib/pkgconfig/two_turtle_control.pc'
[7.034s] Level 1:colcon.colcon_core.environment:checking '/home/toffanetto/ecai21/install/two_turtle_control/lib/python3.8/site-packages'
[7.034s] Level 1:colcon.colcon_core.environment:checking '/home/toffanetto/ecai21/install/two_turtle_control/bin'
[7.035s] INFO:colcon.colcon_core.shell:Creating package script '/home/toffanetto/ecai21/install/two_turtle_control/share/two_turtle_control/package.ps1'
[7.284s] INFO:colcon.colcon_core.shell:Creating package descriptor '/home/toffanetto/ecai21/install/two_turtle_control/share/two_turtle_control/package.dsv'
[7.286s] INFO:colcon.colcon_core.shell:Creating package script '/home/toffanetto/ecai21/install/two_turtle_control/share/two_turtle_control/package.sh'
[7.288s] INFO:colcon.colcon_core.shell:Creating package script '/home/toffanetto/ecai21/install/two_turtle_control/share/two_turtle_control/package.bash'
[7.289s] INFO:colcon.colcon_core.shell:Creating package script '/home/toffanetto/ecai21/install/two_turtle_control/share/two_turtle_control/package.zsh'
[7.291s] Level 1:colcon.colcon_core.environment:create_file_with_runtime_dependencies(/home/toffanetto/ecai21/install/two_turtle_control/share/colcon-core/packages/two_turtle_control)
[7.292s] DEBUG:colcon.colcon_parallel_executor.executor.parallel:closing loop
[7.293s] DEBUG:colcon.colcon_parallel_executor.executor.parallel:loop closed
[7.294s] DEBUG:colcon.colcon_parallel_executor.executor.parallel:run_until_complete finished with '0'
[7.295s] DEBUG:colcon.colcon_core.event_reactor:joining thread
[7.305s] INFO:colcon.colcon_core.plugin_system:Skipping extension 'colcon_notification.desktop_notification.notify_send': Could not find 'notify-send'
[7.305s] INFO:colcon.colcon_core.plugin_system:Skipping extension 'colcon_notification.desktop_notification.terminal_notifier': Not used on non-Darwin systems
[7.305s] INFO:colcon.colcon_core.plugin_system:Skipping extension 'colcon_notification.desktop_notification.win32': Not used on non-Windows systems
[7.305s] INFO:colcon.colcon_notification.desktop_notification:Sending desktop notification using 'notify2'
[7.350s] DEBUG:colcon.colcon_core.event_reactor:joined thread
[7.351s] INFO:colcon.colcon_core.shell:Creating prefix script '/home/toffanetto/ecai21/install/local_setup.ps1'
[7.352s] INFO:colcon.colcon_core.shell:Creating prefix util module '/home/toffanetto/ecai21/install/_local_setup_util_ps1.py'
[7.353s] INFO:colcon.colcon_core.shell:Creating prefix chain script '/home/toffanetto/ecai21/install/setup.ps1'
[7.356s] INFO:colcon.colcon_core.shell:Creating prefix script '/home/toffanetto/ecai21/install/local_setup.sh'
[7.357s] INFO:colcon.colcon_core.shell:Creating prefix util module '/home/toffanetto/ecai21/install/_local_setup_util_sh.py'
[7.357s] INFO:colcon.colcon_core.shell:Creating prefix chain script '/home/toffanetto/ecai21/install/setup.sh'
[7.358s] INFO:colcon.colcon_core.shell:Creating prefix script '/home/toffanetto/ecai21/install/local_setup.bash'
[7.359s] INFO:colcon.colcon_core.shell:Creating prefix chain script '/home/toffanetto/ecai21/install/setup.bash'
[7.360s] INFO:colcon.colcon_core.shell:Creating prefix script '/home/toffanetto/ecai21/install/local_setup.zsh'
[7.361s] INFO:colcon.colcon_core.shell:Creating prefix chain script '/home/toffanetto/ecai21/install/setup.zsh'
