[0.128s] DEBUG:colcon:Command line arguments: ['/usr/bin/colcon', 'build', '--packages-select', 'two_turtle_control']
[0.128s] DEBUG:colcon:Parsed command line arguments: Namespace(allow_overriding=[], ament_cmake_args=None, base_paths=['.'], build_base='build', catkin_cmake_args=None, catkin_skip_building_tests=False, cmake_args=None, cmake_clean_cache=False, cmake_clean_first=False, cmake_force_configure=False, cmake_target=None, cmake_target_skip_unavailable=False, continue_on_error=False, event_handlers=None, executor='parallel', ignore_user_meta=False, install_base='install', log_base=None, log_level=None, main=<bound method BuildVerb.main of <colcon_core.verb.build.BuildVerb object at 0x7f5c7f180dc0>>, merge_install=False, metas=['./colcon.meta'], packages_above=None, packages_above_and_dependencies=None, packages_above_depth=None, packages_end=None, packages_ignore=None, packages_ignore_regex=None, packages_select=['two_turtle_control'], packages_select_build_failed=False, packages_select_by_dep=None, packages_select_regex=None, packages_select_test_failures=False, packages_skip=None, packages_skip_build_finished=False, packages_skip_by_dep=None, packages_skip_regex=None, packages_skip_test_passed=False, packages_skip_up_to=None, packages_start=None, packages_up_to=None, packages_up_to_regex=None, parallel_workers=12, paths=None, symlink_install=False, test_result_base=None, verb_extension=<colcon_core.verb.build.BuildVerb object at 0x7f5c7f180dc0>, verb_name='build', verb_parser=<colcon_defaults.argument_parser.defaults.DefaultArgumentsDecorator object at 0x7f5c7f189370>)
[0.148s] Level 1:colcon.colcon_core.package_discovery:discover_packages(colcon_meta) check parameters
[0.148s] Level 1:colcon.colcon_core.package_discovery:discover_packages(recursive) check parameters
[0.148s] Level 1:colcon.colcon_core.package_discovery:discover_packages(ignore) check parameters
[0.148s] Level 1:colcon.colcon_core.package_discovery:discover_packages(path) check parameters
[0.148s] Level 1:colcon.colcon_core.package_discovery:discover_packages(colcon_meta) discover
[0.149s] Level 1:colcon.colcon_core.package_discovery:discover_packages(recursive) discover
[0.149s] INFO:colcon.colcon_core.package_discovery:Crawling recursively for packages in '/home/toffanetto/ecai21/src'
[0.149s] Level 1:colcon.colcon_core.package_identification:_identify(.) by extensions ['ignore', 'ignore_ament_install']
[0.149s] Level 1:colcon.colcon_core.package_identification:_identify(.) by extension 'ignore'
[0.149s] Level 1:colcon.colcon_core.package_identification:_identify(.) by extension 'ignore_ament_install'
[0.149s] Level 1:colcon.colcon_core.package_identification:_identify(.) by extensions ['colcon_pkg']
[0.149s] Level 1:colcon.colcon_core.package_identification:_identify(.) by extension 'colcon_pkg'
[0.149s] Level 1:colcon.colcon_core.package_identification:_identify(.) by extensions ['colcon_meta']
[0.149s] Level 1:colcon.colcon_core.package_identification:_identify(.) by extension 'colcon_meta'
[0.149s] Level 1:colcon.colcon_core.package_identification:_identify(.) by extensions ['ros']
[0.149s] Level 1:colcon.colcon_core.package_identification:_identify(.) by extension 'ros'
[0.158s] Level 1:colcon.colcon_core.package_identification:_identify(.) by extensions ['cmake', 'python']
[0.158s] Level 1:colcon.colcon_core.package_identification:_identify(.) by extension 'cmake'
[0.158s] Level 1:colcon.colcon_core.package_identification:_identify(.) by extension 'python'
[0.158s] Level 1:colcon.colcon_core.package_identification:_identify(.) by extensions ['python_setup_py']
[0.158s] Level 1:colcon.colcon_core.package_identification:_identify(.) by extension 'python_setup_py'
[0.158s] Level 1:colcon.colcon_core.package_identification:_identify(build) by extensions ['ignore', 'ignore_ament_install']
[0.158s] Level 1:colcon.colcon_core.package_identification:_identify(build) by extension 'ignore'
[0.158s] Level 1:colcon.colcon_core.package_identification:_identify(build) ignored
[0.158s] Level 1:colcon.colcon_core.package_identification:_identify(install) by extensions ['ignore', 'ignore_ament_install']
[0.158s] Level 1:colcon.colcon_core.package_identification:_identify(install) by extension 'ignore'
[0.158s] Level 1:colcon.colcon_core.package_identification:_identify(install) ignored
[0.158s] Level 1:colcon.colcon_core.package_identification:_identify(log) by extensions ['ignore', 'ignore_ament_install']
[0.159s] Level 1:colcon.colcon_core.package_identification:_identify(log) by extension 'ignore'
[0.159s] Level 1:colcon.colcon_core.package_identification:_identify(log) ignored
[0.159s] Level 1:colcon.colcon_core.package_identification:_identify(teleop_cmd_vel) by extensions ['ignore', 'ignore_ament_install']
[0.159s] Level 1:colcon.colcon_core.package_identification:_identify(teleop_cmd_vel) by extension 'ignore'
[0.159s] Level 1:colcon.colcon_core.package_identification:_identify(teleop_cmd_vel) by extension 'ignore_ament_install'
[0.159s] Level 1:colcon.colcon_core.package_identification:_identify(teleop_cmd_vel) by extensions ['colcon_pkg']
[0.159s] Level 1:colcon.colcon_core.package_identification:_identify(teleop_cmd_vel) by extension 'colcon_pkg'
[0.159s] Level 1:colcon.colcon_core.package_identification:_identify(teleop_cmd_vel) by extensions ['colcon_meta']
[0.159s] Level 1:colcon.colcon_core.package_identification:_identify(teleop_cmd_vel) by extension 'colcon_meta'
[0.159s] Level 1:colcon.colcon_core.package_identification:_identify(teleop_cmd_vel) by extensions ['ros']
[0.159s] Level 1:colcon.colcon_core.package_identification:_identify(teleop_cmd_vel) by extension 'ros'
[0.162s] DEBUG:colcon.colcon_core.package_identification:Package 'teleop_cmd_vel' with type 'ros.ament_cmake' and name 'teleop_cmd_vel'
[0.162s] Level 1:colcon.colcon_core.package_identification:_identify(two_turtle_control) by extensions ['ignore', 'ignore_ament_install']
[0.162s] Level 1:colcon.colcon_core.package_identification:_identify(two_turtle_control) by extension 'ignore'
[0.162s] Level 1:colcon.colcon_core.package_identification:_identify(two_turtle_control) by extension 'ignore_ament_install'
[0.162s] Level 1:colcon.colcon_core.package_identification:_identify(two_turtle_control) by extensions ['colcon_pkg']
[0.162s] Level 1:colcon.colcon_core.package_identification:_identify(two_turtle_control) by extension 'colcon_pkg'
[0.162s] Level 1:colcon.colcon_core.package_identification:_identify(two_turtle_control) by extensions ['colcon_meta']
[0.162s] Level 1:colcon.colcon_core.package_identification:_identify(two_turtle_control) by extension 'colcon_meta'
[0.162s] Level 1:colcon.colcon_core.package_identification:_identify(two_turtle_control) by extensions ['ros']
[0.162s] Level 1:colcon.colcon_core.package_identification:_identify(two_turtle_control) by extension 'ros'
[0.163s] DEBUG:colcon.colcon_core.package_identification:Package 'two_turtle_control' with type 'ros.ament_cmake' and name 'two_turtle_control'
[0.163s] Level 1:colcon.colcon_core.package_discovery:discover_packages(recursive) using defaults
[0.163s] Level 1:colcon.colcon_core.package_discovery:discover_packages(ignore) discover
[0.163s] Level 1:colcon.colcon_core.package_discovery:discover_packages(ignore) using defaults
[0.163s] Level 1:colcon.colcon_core.package_discovery:discover_packages(path) discover
[0.163s] Level 1:colcon.colcon_core.package_discovery:discover_packages(path) using defaults
[0.185s] INFO:colcon.colcon_core.package_selection:Skipping not selected package 'teleop_cmd_vel' in 'teleop_cmd_vel'
[0.185s] Level 1:colcon.colcon_core.package_discovery:discover_packages(prefix_path) check parameters
[0.185s] Level 1:colcon.colcon_core.package_discovery:discover_packages(prefix_path) discover
[0.188s] DEBUG:colcon.colcon_installed_package_information.package_discovery:Found 305 installed packages in /opt/ros/foxy
[0.190s] Level 1:colcon.colcon_core.package_discovery:discover_packages(prefix_path) using defaults
[0.257s] Level 5:colcon.colcon_core.verb:set package 'two_turtle_control' build argument 'cmake_args' from command line to 'None'
[0.257s] Level 5:colcon.colcon_core.verb:set package 'two_turtle_control' build argument 'cmake_target' from command line to 'None'
[0.257s] Level 5:colcon.colcon_core.verb:set package 'two_turtle_control' build argument 'cmake_target_skip_unavailable' from command line to 'False'
[0.258s] Level 5:colcon.colcon_core.verb:set package 'two_turtle_control' build argument 'cmake_clean_cache' from command line to 'False'
[0.258s] Level 5:colcon.colcon_core.verb:set package 'two_turtle_control' build argument 'cmake_clean_first' from command line to 'False'
[0.258s] Level 5:colcon.colcon_core.verb:set package 'two_turtle_control' build argument 'cmake_force_configure' from command line to 'False'
[0.258s] Level 5:colcon.colcon_core.verb:set package 'two_turtle_control' build argument 'ament_cmake_args' from command line to 'None'
[0.258s] Level 5:colcon.colcon_core.verb:set package 'two_turtle_control' build argument 'catkin_cmake_args' from command line to 'None'
[0.258s] Level 5:colcon.colcon_core.verb:set package 'two_turtle_control' build argument 'catkin_skip_building_tests' from command line to 'False'
[0.258s] DEBUG:colcon.colcon_core.verb:Building package 'two_turtle_control' with the following arguments: {'ament_cmake_args': None, 'build_base': '/home/toffanetto/ecai21/src/build/two_turtle_control', 'catkin_cmake_args': None, 'catkin_skip_building_tests': False, 'cmake_args': None, 'cmake_clean_cache': False, 'cmake_clean_first': False, 'cmake_force_configure': False, 'cmake_target': None, 'cmake_target_skip_unavailable': False, 'install_base': '/home/toffanetto/ecai21/src/install/two_turtle_control', 'merge_install': False, 'path': '/home/toffanetto/ecai21/src/two_turtle_control', 'symlink_install': False, 'test_result_base': None}
[0.258s] INFO:colcon.colcon_core.executor:Executing jobs using 'parallel' executor
[0.262s] DEBUG:colcon.colcon_parallel_executor.executor.parallel:run_until_complete
[0.263s] INFO:colcon.colcon_ros.task.ament_cmake.build:Building ROS package in '/home/toffanetto/ecai21/src/two_turtle_control' with build type 'ament_cmake'
[0.263s] INFO:colcon.colcon_cmake.task.cmake.build:Building CMake package in '/home/toffanetto/ecai21/src/two_turtle_control'
[0.267s] INFO:colcon.colcon_core.plugin_system:Skipping extension 'colcon_core.shell.bat': Not used on non-Windows systems
[0.267s] INFO:colcon.colcon_core.shell:Skip shell extension 'powershell' for command environment: Not usable outside of PowerShell
[0.267s] DEBUG:colcon.colcon_core.shell:Skip shell extension 'dsv' for command environment
[0.278s] DEBUG:colcon.colcon_core.event_handler.log_command:Invoking command in '/home/toffanetto/ecai21/src/build/two_turtle_control': CMAKE_PREFIX_PATH=/opt/ros/foxy /usr/bin/cmake --build /home/toffanetto/ecai21/src/build/two_turtle_control -- -j12 -l12
[5.504s] DEBUG:colcon.colcon_core.event_handler.log_command:Invoked command in '/home/toffanetto/ecai21/src/build/two_turtle_control' returned '0': CMAKE_PREFIX_PATH=/opt/ros/foxy /usr/bin/cmake --build /home/toffanetto/ecai21/src/build/two_turtle_control -- -j12 -l12
[5.538s] DEBUG:colcon.colcon_core.event_handler.log_command:Invoking command in '/home/toffanetto/ecai21/src/build/two_turtle_control': CMAKE_PREFIX_PATH=/opt/ros/foxy /usr/bin/cmake --install /home/toffanetto/ecai21/src/build/two_turtle_control
[5.552s] Level 1:colcon.colcon_core.environment:create_environment_scripts_only(two_turtle_control)
[5.553s] DEBUG:colcon.colcon_core.event_handler.log_command:Invoked command in '/home/toffanetto/ecai21/src/build/two_turtle_control' returned '0': CMAKE_PREFIX_PATH=/opt/ros/foxy /usr/bin/cmake --install /home/toffanetto/ecai21/src/build/two_turtle_control
[5.557s] Level 1:colcon.colcon_core.environment:checking '/home/toffanetto/ecai21/src/install/two_turtle_control' for CMake module files
[5.558s] Level 1:colcon.colcon_core.environment:checking '/home/toffanetto/ecai21/src/install/two_turtle_control' for CMake config files
[5.558s] Level 1:colcon.colcon_core.shell:create_environment_hook('two_turtle_control', 'cmake_prefix_path')
[5.559s] INFO:colcon.colcon_core.shell:Creating environment hook '/home/toffanetto/ecai21/src/install/two_turtle_control/share/two_turtle_control/hook/cmake_prefix_path.ps1'
[5.594s] INFO:colcon.colcon_core.shell:Creating environment descriptor '/home/toffanetto/ecai21/src/install/two_turtle_control/share/two_turtle_control/hook/cmake_prefix_path.dsv'
[5.608s] INFO:colcon.colcon_core.shell:Creating environment hook '/home/toffanetto/ecai21/src/install/two_turtle_control/share/two_turtle_control/hook/cmake_prefix_path.sh'
[5.613s] Level 1:colcon.colcon_core.environment:checking '/home/toffanetto/ecai21/src/install/two_turtle_control/lib'
[5.614s] Level 1:colcon.colcon_core.environment:checking '/home/toffanetto/ecai21/src/install/two_turtle_control/bin'
[5.614s] Level 1:colcon.colcon_core.environment:checking '/home/toffanetto/ecai21/src/install/two_turtle_control/lib/pkgconfig/two_turtle_control.pc'
[5.615s] Level 1:colcon.colcon_core.environment:checking '/home/toffanetto/ecai21/src/install/two_turtle_control/lib/python3.8/site-packages'
[5.616s] Level 1:colcon.colcon_core.environment:checking '/home/toffanetto/ecai21/src/install/two_turtle_control/bin'
[5.622s] INFO:colcon.colcon_core.shell:Creating package script '/home/toffanetto/ecai21/src/install/two_turtle_control/share/two_turtle_control/package.ps1'
[5.626s] INFO:colcon.colcon_core.shell:Creating package descriptor '/home/toffanetto/ecai21/src/install/two_turtle_control/share/two_turtle_control/package.dsv'
[5.628s] INFO:colcon.colcon_core.shell:Creating package script '/home/toffanetto/ecai21/src/install/two_turtle_control/share/two_turtle_control/package.sh'
[5.631s] INFO:colcon.colcon_core.shell:Creating package script '/home/toffanetto/ecai21/src/install/two_turtle_control/share/two_turtle_control/package.bash'
[5.634s] INFO:colcon.colcon_core.shell:Creating package script '/home/toffanetto/ecai21/src/install/two_turtle_control/share/two_turtle_control/package.zsh'
[5.636s] Level 1:colcon.colcon_core.environment:create_file_with_runtime_dependencies(/home/toffanetto/ecai21/src/install/two_turtle_control/share/colcon-core/packages/two_turtle_control)
[5.690s] Level 1:colcon.colcon_core.environment:create_environment_scripts_only(two_turtle_control)
[5.695s] Level 1:colcon.colcon_core.environment:checking '/home/toffanetto/ecai21/src/install/two_turtle_control' for CMake module files
[5.696s] Level 1:colcon.colcon_core.environment:checking '/home/toffanetto/ecai21/src/install/two_turtle_control' for CMake config files
[5.697s] Level 1:colcon.colcon_core.shell:create_environment_hook('two_turtle_control', 'cmake_prefix_path')
[5.700s] INFO:colcon.colcon_core.shell:Creating environment hook '/home/toffanetto/ecai21/src/install/two_turtle_control/share/two_turtle_control/hook/cmake_prefix_path.ps1'
[5.701s] INFO:colcon.colcon_core.shell:Creating environment descriptor '/home/toffanetto/ecai21/src/install/two_turtle_control/share/two_turtle_control/hook/cmake_prefix_path.dsv'
[5.702s] INFO:colcon.colcon_core.shell:Creating environment hook '/home/toffanetto/ecai21/src/install/two_turtle_control/share/two_turtle_control/hook/cmake_prefix_path.sh'
[5.703s] Level 1:colcon.colcon_core.environment:checking '/home/toffanetto/ecai21/src/install/two_turtle_control/lib'
[5.703s] Level 1:colcon.colcon_core.environment:checking '/home/toffanetto/ecai21/src/install/two_turtle_control/bin'
[5.704s] Level 1:colcon.colcon_core.environment:checking '/home/toffanetto/ecai21/src/install/two_turtle_control/lib/pkgconfig/two_turtle_control.pc'
[5.704s] Level 1:colcon.colcon_core.environment:checking '/home/toffanetto/ecai21/src/install/two_turtle_control/lib/python3.8/site-packages'
[5.705s] Level 1:colcon.colcon_core.environment:checking '/home/toffanetto/ecai21/src/install/two_turtle_control/bin'
[5.708s] INFO:colcon.colcon_core.shell:Creating package script '/home/toffanetto/ecai21/src/install/two_turtle_control/share/two_turtle_control/package.ps1'
[5.709s] INFO:colcon.colcon_core.shell:Creating package descriptor '/home/toffanetto/ecai21/src/install/two_turtle_control/share/two_turtle_control/package.dsv'
[5.711s] INFO:colcon.colcon_core.shell:Creating package script '/home/toffanetto/ecai21/src/install/two_turtle_control/share/two_turtle_control/package.sh'
[5.711s] INFO:colcon.colcon_core.shell:Creating package script '/home/toffanetto/ecai21/src/install/two_turtle_control/share/two_turtle_control/package.bash'
[5.712s] INFO:colcon.colcon_core.shell:Creating package script '/home/toffanetto/ecai21/src/install/two_turtle_control/share/two_turtle_control/package.zsh'
[5.713s] Level 1:colcon.colcon_core.environment:create_file_with_runtime_dependencies(/home/toffanetto/ecai21/src/install/two_turtle_control/share/colcon-core/packages/two_turtle_control)
[5.714s] DEBUG:colcon.colcon_parallel_executor.executor.parallel:closing loop
[5.714s] DEBUG:colcon.colcon_parallel_executor.executor.parallel:loop closed
[5.715s] DEBUG:colcon.colcon_parallel_executor.executor.parallel:run_until_complete finished with '0'
[5.715s] DEBUG:colcon.colcon_core.event_reactor:joining thread
[5.725s] INFO:colcon.colcon_core.plugin_system:Skipping extension 'colcon_notification.desktop_notification.notify_send': Could not find 'notify-send'
[5.725s] INFO:colcon.colcon_core.plugin_system:Skipping extension 'colcon_notification.desktop_notification.terminal_notifier': Not used on non-Darwin systems
[5.725s] INFO:colcon.colcon_core.plugin_system:Skipping extension 'colcon_notification.desktop_notification.win32': Not used on non-Windows systems
[5.725s] INFO:colcon.colcon_notification.desktop_notification:Sending desktop notification using 'notify2'
[5.796s] DEBUG:colcon.colcon_core.event_reactor:joined thread
[5.801s] INFO:colcon.colcon_core.shell:Creating prefix script '/home/toffanetto/ecai21/src/install/local_setup.ps1'
[5.803s] INFO:colcon.colcon_core.shell:Creating prefix util module '/home/toffanetto/ecai21/src/install/_local_setup_util_ps1.py'
[5.806s] INFO:colcon.colcon_core.shell:Creating prefix chain script '/home/toffanetto/ecai21/src/install/setup.ps1'
[5.809s] INFO:colcon.colcon_core.shell:Creating prefix script '/home/toffanetto/ecai21/src/install/local_setup.sh'
[5.810s] INFO:colcon.colcon_core.shell:Creating prefix util module '/home/toffanetto/ecai21/src/install/_local_setup_util_sh.py'
[5.811s] INFO:colcon.colcon_core.shell:Creating prefix chain script '/home/toffanetto/ecai21/src/install/setup.sh'
[5.814s] INFO:colcon.colcon_core.shell:Creating prefix script '/home/toffanetto/ecai21/src/install/local_setup.bash'
[5.815s] INFO:colcon.colcon_core.shell:Creating prefix chain script '/home/toffanetto/ecai21/src/install/setup.bash'
[5.817s] INFO:colcon.colcon_core.shell:Creating prefix script '/home/toffanetto/ecai21/src/install/local_setup.zsh'
[5.818s] INFO:colcon.colcon_core.shell:Creating prefix chain script '/home/toffanetto/ecai21/src/install/setup.zsh'
