[0.020s] Invoking command in '/home/toffanetto/ecai21/build/two_turtle_control': CMAKE_PREFIX_PATH=${CMAKE_PREFIX_PATH}:/opt/ros/foxy /usr/bin/cmake --build /home/toffanetto/ecai21/build/two_turtle_control -- -j12 -l12
[0.064s] [35m[1mScanning dependencies of target two_turtle[0m
[0.092s] [ 50%] [32mBuilding CXX object CMakeFiles/two_turtle.dir/src/two_turtle.cpp.o[0m
[5.935s] [100%] [32m[1mLinking CXX executable two_turtle[0m
[6.200s] [100%] Built target two_turtle
[7.050s] Invoked command in '/home/toffanetto/ecai21/build/two_turtle_control' returned '0': CMAKE_PREFIX_PATH=${CMAKE_PREFIX_PATH}:/opt/ros/foxy /usr/bin/cmake --build /home/toffanetto/ecai21/build/two_turtle_control -- -j12 -l12
[7.115s] Invoking command in '/home/toffanetto/ecai21/build/two_turtle_control': CMAKE_PREFIX_PATH=${CMAKE_PREFIX_PATH}:/opt/ros/foxy /usr/bin/cmake --install /home/toffanetto/ecai21/build/two_turtle_control
[7.128s] -- Install configuration: ""
[7.128s] -- Installing: /home/toffanetto/ecai21/install/two_turtle_control/lib/two_turtle_control/two_turtle
[7.134s] -- Set runtime path of "/home/toffanetto/ecai21/install/two_turtle_control/lib/two_turtle_control/two_turtle" to ""
[7.134s] -- Up-to-date: /home/toffanetto/ecai21/install/two_turtle_control/share/two_turtle_control/launch
[7.135s] -- Up-to-date: /home/toffanetto/ecai21/install/two_turtle_control/share/two_turtle_control/launch/two_turtle.py
[7.135s] -- Up-to-date: /home/toffanetto/ecai21/install/two_turtle_control/share/ament_index/resource_index/package_run_dependencies/two_turtle_control
[7.135s] -- Up-to-date: /home/toffanetto/ecai21/install/two_turtle_control/share/ament_index/resource_index/parent_prefix_path/two_turtle_control
[7.135s] -- Up-to-date: /home/toffanetto/ecai21/install/two_turtle_control/share/two_turtle_control/environment/ament_prefix_path.sh
[7.135s] -- Up-to-date: /home/toffanetto/ecai21/install/two_turtle_control/share/two_turtle_control/environment/ament_prefix_path.dsv
[7.136s] -- Up-to-date: /home/toffanetto/ecai21/install/two_turtle_control/share/two_turtle_control/environment/path.sh
[7.136s] -- Up-to-date: /home/toffanetto/ecai21/install/two_turtle_control/share/two_turtle_control/environment/path.dsv
[7.136s] -- Up-to-date: /home/toffanetto/ecai21/install/two_turtle_control/share/two_turtle_control/local_setup.bash
[7.136s] -- Up-to-date: /home/toffanetto/ecai21/install/two_turtle_control/share/two_turtle_control/local_setup.sh
[7.136s] -- Up-to-date: /home/toffanetto/ecai21/install/two_turtle_control/share/two_turtle_control/local_setup.zsh
[7.136s] -- Up-to-date: /home/toffanetto/ecai21/install/two_turtle_control/share/two_turtle_control/local_setup.dsv
[7.136s] -- Installing: /home/toffanetto/ecai21/install/two_turtle_control/share/two_turtle_control/package.dsv
[7.136s] -- Up-to-date: /home/toffanetto/ecai21/install/two_turtle_control/share/ament_index/resource_index/packages/two_turtle_control
[7.136s] -- Up-to-date: /home/toffanetto/ecai21/install/two_turtle_control/share/two_turtle_control/cmake/two_turtle_controlConfig.cmake
[7.137s] -- Up-to-date: /home/toffanetto/ecai21/install/two_turtle_control/share/two_turtle_control/cmake/two_turtle_controlConfig-version.cmake
[7.137s] -- Up-to-date: /home/toffanetto/ecai21/install/two_turtle_control/share/two_turtle_control/package.xml
[7.144s] Invoked command in '/home/toffanetto/ecai21/build/two_turtle_control' returned '0': CMAKE_PREFIX_PATH=${CMAKE_PREFIX_PATH}:/opt/ros/foxy /usr/bin/cmake --install /home/toffanetto/ecai21/build/two_turtle_control
