[0.014s] Invoking command in '/home/toffanetto/ecai21/src/build/two_turtle_control': CMAKE_PREFIX_PATH=/opt/ros/foxy /usr/bin/cmake --build /home/toffanetto/ecai21/src/build/two_turtle_control -- -j12 -l12
[0.055s] [35m[1mScanning dependencies of target two_turtle[0m
[0.082s] [ 50%] [32mBuilding CXX object CMakeFiles/two_turtle.dir/src/two_turtle.cpp.o[0m
[1.161s] [01m[K/home/toffanetto/ecai21/src/two_turtle_control/src/two_turtle.cpp:[m[K In member function ‘[01m[Kvoid TwoTurtle::pose_callback(turtlesim::msg::Pose_<std::allocator<void> >::SharedPtr)[m[K’:
[1.161s] [01m[K/home/toffanetto/ecai21/src/two_turtle_control/src/two_turtle.cpp:41:60:[m[K [01;35m[Kwarning: [m[Kunused parameter ‘[01m[Ktarget[m[K’ [[01;35m[K-Wunused-parameter[m[K]
[1.161s]    41 |   void pose_callback([01;35m[Kconst turtlesim::msg::Pose::SharedPtr target[m[K){
[1.161s]       |                      [01;35m[K~~~~~~~~~~~~~~~~~~~~~~~~~~~~~~~~~~~~~~^~~~~~[m[K
[4.998s] [100%] [32m[1mLinking CXX executable two_turtle[0m
[5.229s] [100%] Built target two_turtle
[5.240s] Invoked command in '/home/toffanetto/ecai21/src/build/two_turtle_control' returned '0': CMAKE_PREFIX_PATH=/opt/ros/foxy /usr/bin/cmake --build /home/toffanetto/ecai21/src/build/two_turtle_control -- -j12 -l12
[5.274s] Invoking command in '/home/toffanetto/ecai21/src/build/two_turtle_control': CMAKE_PREFIX_PATH=/opt/ros/foxy /usr/bin/cmake --install /home/toffanetto/ecai21/src/build/two_turtle_control
[5.283s] -- Install configuration: ""
[5.283s] -- Installing: /home/toffanetto/ecai21/src/install/two_turtle_control/lib/two_turtle_control/two_turtle
[5.285s] -- Set runtime path of "/home/toffanetto/ecai21/src/install/two_turtle_control/lib/two_turtle_control/two_turtle" to ""
[5.285s] -- Installing: /home/toffanetto/ecai21/src/install/two_turtle_control/share/ament_index/resource_index/package_run_dependencies/two_turtle_control
[5.285s] -- Installing: /home/toffanetto/ecai21/src/install/two_turtle_control/share/ament_index/resource_index/parent_prefix_path/two_turtle_control
[5.285s] -- Installing: /home/toffanetto/ecai21/src/install/two_turtle_control/share/two_turtle_control/environment/ament_prefix_path.sh
[5.285s] -- Installing: /home/toffanetto/ecai21/src/install/two_turtle_control/share/two_turtle_control/environment/ament_prefix_path.dsv
[5.285s] -- Installing: /home/toffanetto/ecai21/src/install/two_turtle_control/share/two_turtle_control/environment/path.sh
[5.285s] -- Installing: /home/toffanetto/ecai21/src/install/two_turtle_control/share/two_turtle_control/environment/path.dsv
[5.286s] -- Installing: /home/toffanetto/ecai21/src/install/two_turtle_control/share/two_turtle_control/local_setup.bash
[5.286s] -- Installing: /home/toffanetto/ecai21/src/install/two_turtle_control/share/two_turtle_control/local_setup.sh
[5.286s] -- Installing: /home/toffanetto/ecai21/src/install/two_turtle_control/share/two_turtle_control/local_setup.zsh
[5.286s] -- Installing: /home/toffanetto/ecai21/src/install/two_turtle_control/share/two_turtle_control/local_setup.dsv
[5.286s] -- Installing: /home/toffanetto/ecai21/src/install/two_turtle_control/share/two_turtle_control/package.dsv
[5.286s] -- Installing: /home/toffanetto/ecai21/src/install/two_turtle_control/share/ament_index/resource_index/packages/two_turtle_control
[5.286s] -- Installing: /home/toffanetto/ecai21/src/install/two_turtle_control/share/two_turtle_control/cmake/two_turtle_controlConfig.cmake
[5.287s] -- Installing: /home/toffanetto/ecai21/src/install/two_turtle_control/share/two_turtle_control/cmake/two_turtle_controlConfig-version.cmake
[5.287s] -- Installing: /home/toffanetto/ecai21/src/install/two_turtle_control/share/two_turtle_control/package.xml
[5.289s] Invoked command in '/home/toffanetto/ecai21/src/build/two_turtle_control' returned '0': CMAKE_PREFIX_PATH=/opt/ros/foxy /usr/bin/cmake --install /home/toffanetto/ecai21/src/build/two_turtle_control
