[0.020s] Invoking command in '/home/toffanetto/ecai21/build/two_turtle_control': CMAKE_PREFIX_PATH=${CMAKE_PREFIX_PATH}:/opt/ros/foxy /usr/bin/cmake --build /home/toffanetto/ecai21/build/two_turtle_control -- -j12 -l12
[0.064s] [35m[1mScanning dependencies of target two_turtle[0m
[0.093s] [ 50%] [32mBuilding CXX object CMakeFiles/two_turtle.dir/src/two_turtle.cpp.o[0m
[1.179s] In file included from [01m[K/opt/ros/foxy/include/rclcpp/client.hpp:40[m[K,
[1.180s]                  from [01m[K/opt/ros/foxy/include/rclcpp/callback_group.hpp:23[m[K,
[1.180s]                  from [01m[K/opt/ros/foxy/include/rclcpp/any_executable.hpp:20[m[K,
[1.180s]                  from [01m[K/opt/ros/foxy/include/rclcpp/memory_strategy.hpp:24[m[K,
[1.180s]                  from [01m[K/opt/ros/foxy/include/rclcpp/memory_strategies.hpp:18[m[K,
[1.180s]                  from [01m[K/opt/ros/foxy/include/rclcpp/executor_options.hpp:20[m[K,
[1.180s]                  from [01m[K/opt/ros/foxy/include/rclcpp/executor.hpp:33[m[K,
[1.180s]                  from [01m[K/opt/ros/foxy/include/rclcpp/executors/multi_threaded_executor.hpp:26[m[K,
[1.180s]                  from [01m[K/opt/ros/foxy/include/rclcpp/executors.hpp:21[m[K,
[1.180s]                  from [01m[K/opt/ros/foxy/include/rclcpp/rclcpp.hpp:146[m[K,
[1.180s]                  from [01m[K/home/toffanetto/ecai21/src/two_turtle_control/src/two_turtle.cpp:9[m[K:
[1.180s] [01m[K/home/toffanetto/ecai21/src/two_turtle_control/src/two_turtle.cpp:[m[K In member function ‘[01m[Kdouble TwoTurtle::yaw_error()[m[K’:
[1.180s] [01m[K/home/toffanetto/ecai21/src/two_turtle_control/src/two_turtle.cpp:114:3:[m[K [01;31m[Kerror: [m[Kno matching function for call to ‘[01m[Kget_c_string(double&)[m[K’
[1.180s]   114 |   [01;31m[KRCLCPP_INFO[m[K(this->get_logger(), yaw_target);
[1.180s]       |   [01;31m[K^~~~~~~~~~~[m[K
[1.180s] In file included from [01m[K/opt/ros/foxy/include/rclcpp/client.hpp:36[m[K,
[1.180s]                  from [01m[K/opt/ros/foxy/include/rclcpp/callback_group.hpp:23[m[K,
[1.180s]                  from [01m[K/opt/ros/foxy/include/rclcpp/any_executable.hpp:20[m[K,
[1.180s]                  from [01m[K/opt/ros/foxy/include/rclcpp/memory_strategy.hpp:24[m[K,
[1.181s]                  from [01m[K/opt/ros/foxy/include/rclcpp/memory_strategies.hpp:18[m[K,
[1.181s]                  from [01m[K/opt/ros/foxy/include/rclcpp/executor_options.hpp:20[m[K,
[1.181s]                  from [01m[K/opt/ros/foxy/include/rclcpp/executor.hpp:33[m[K,
[1.181s]                  from [01m[K/opt/ros/foxy/include/rclcpp/executors/multi_threaded_executor.hpp:26[m[K,
[1.181s]                  from [01m[K/opt/ros/foxy/include/rclcpp/executors.hpp:21[m[K,
[1.181s]                  from [01m[K/opt/ros/foxy/include/rclcpp/rclcpp.hpp:146[m[K,
[1.181s]                  from [01m[K/home/toffanetto/ecai21/src/two_turtle_control/src/two_turtle.cpp:9[m[K:
[1.181s] [01m[K/opt/ros/foxy/include/rclcpp/utilities.hpp:296:1:[m[K [01;36m[Knote: [m[Kcandidate: ‘[01m[Kconst char* rclcpp::get_c_string(const char*)[m[K’
[1.181s]   296 | [01;36m[Kget_c_string[m[K(const char * string_in);
[1.181s]       | [01;36m[K^~~~~~~~~~~~[m[K
[1.181s] [01m[K/opt/ros/foxy/include/rclcpp/utilities.hpp:296:27:[m[K [01;36m[Knote: [m[K  no known conversion for argument 1 from ‘[01m[Kdouble[m[K’ to ‘[01m[Kconst char*[m[K’
[1.181s]   296 | get_c_string([01;36m[Kconst char * string_in[m[K);
[1.181s]       |              [01;36m[K~~~~~~~~~~~~~^~~~~~~~~[m[K
[1.181s] [01m[K/opt/ros/foxy/include/rclcpp/utilities.hpp:305:1:[m[K [01;36m[Knote: [m[Kcandidate: ‘[01m[Kconst char* rclcpp::get_c_string(const string&)[m[K’
[1.181s]   305 | [01;36m[Kget_c_string[m[K(const std::string & string_in);
[1.181s]       | [01;36m[K^~~~~~~~~~~~[m[K
[1.181s] [01m[K/opt/ros/foxy/include/rclcpp/utilities.hpp:305:34:[m[K [01;36m[Knote: [m[K  no known conversion for argument 1 from ‘[01m[Kdouble[m[K’ to ‘[01m[Kconst string&[m[K’ {aka ‘[01m[Kconst std::__cxx11::basic_string<char>&[m[K’}
[1.182s]   305 | get_c_string([01;36m[Kconst std::string & string_in[m[K);
[1.182s]       |              [01;36m[K~~~~~~~~~~~~~~~~~~~~^~~~~~~~~[m[K
[2.608s] make[2]: *** [CMakeFiles/two_turtle.dir/build.make:63: CMakeFiles/two_turtle.dir/src/two_turtle.cpp.o] Error 1
[2.609s] make[1]: *** [CMakeFiles/Makefile2:78: CMakeFiles/two_turtle.dir/all] Error 2
[2.609s] make: *** [Makefile:141: all] Error 2
[2.610s] Invoked command in '/home/toffanetto/ecai21/build/two_turtle_control' returned '2': CMAKE_PREFIX_PATH=${CMAKE_PREFIX_PATH}:/opt/ros/foxy /usr/bin/cmake --build /home/toffanetto/ecai21/build/two_turtle_control -- -j12 -l12
