[0.016s] Invoking command in '/home/toffanetto/ecai21/build/two_turtle_control': CMAKE_PREFIX_PATH=/opt/ros/foxy /usr/bin/cmake --build /home/toffanetto/ecai21/build/two_turtle_control -- -j12 -l12
[0.054s] [35m[1mScanning dependencies of target two_turtle[0m
[0.083s] [ 50%] [32mBuilding CXX object CMakeFiles/two_turtle.dir/src/two_turtle.cpp.o[0m
[2.456s] [01m[K/home/toffanetto/ecai21/src/two_turtle_control/src/two_turtle.cpp:[m[K In member function ‘[01m[Kint TwoTurtle::turn_side(double, double)[m[K’:
[2.456s] [01m[K/home/toffanetto/ecai21/src/two_turtle_control/src/two_turtle.cpp:154:1:[m[K [01;35m[Kwarning: [m[Kcontrol reaches end of non-void function [[01;35m[K-Wreturn-type[m[K]
[2.456s]   154 | [01;35m[K}[m[K
[2.456s]       | [01;35m[K^[m[K
[4.976s] [100%] [32m[1mLinking CXX executable two_turtle[0m
[5.246s] [100%] Built target two_turtle
[5.268s] Invoked command in '/home/toffanetto/ecai21/build/two_turtle_control' returned '0': CMAKE_PREFIX_PATH=/opt/ros/foxy /usr/bin/cmake --build /home/toffanetto/ecai21/build/two_turtle_control -- -j12 -l12
[5.298s] Invoking command in '/home/toffanetto/ecai21/build/two_turtle_control': CMAKE_PREFIX_PATH=/opt/ros/foxy /usr/bin/cmake --install /home/toffanetto/ecai21/build/two_turtle_control
[5.308s] -- Install configuration: ""
[5.309s] -- Installing: /home/toffanetto/ecai21/install/two_turtle_control/lib/two_turtle_control/two_turtle
[5.313s] -- Set runtime path of "/home/toffanetto/ecai21/install/two_turtle_control/lib/two_turtle_control/two_turtle" to ""
[5.313s] -- Up-to-date: /home/toffanetto/ecai21/install/two_turtle_control/share/two_turtle_control/launch
[5.313s] -- Up-to-date: /home/toffanetto/ecai21/install/two_turtle_control/share/two_turtle_control/launch/two_turtle.py
[5.313s] -- Up-to-date: /home/toffanetto/ecai21/install/two_turtle_control/share/ament_index/resource_index/package_run_dependencies/two_turtle_control
[5.314s] -- Up-to-date: /home/toffanetto/ecai21/install/two_turtle_control/share/ament_index/resource_index/parent_prefix_path/two_turtle_control
[5.314s] -- Up-to-date: /home/toffanetto/ecai21/install/two_turtle_control/share/two_turtle_control/environment/ament_prefix_path.sh
[5.314s] -- Up-to-date: /home/toffanetto/ecai21/install/two_turtle_control/share/two_turtle_control/environment/ament_prefix_path.dsv
[5.314s] -- Up-to-date: /home/toffanetto/ecai21/install/two_turtle_control/share/two_turtle_control/environment/path.sh
[5.314s] -- Up-to-date: /home/toffanetto/ecai21/install/two_turtle_control/share/two_turtle_control/environment/path.dsv
[5.315s] -- Up-to-date: /home/toffanetto/ecai21/install/two_turtle_control/share/two_turtle_control/local_setup.bash
[5.315s] -- Up-to-date: /home/toffanetto/ecai21/install/two_turtle_control/share/two_turtle_control/local_setup.sh
[5.315s] -- Up-to-date: /home/toffanetto/ecai21/install/two_turtle_control/share/two_turtle_control/local_setup.zsh
[5.315s] -- Up-to-date: /home/toffanetto/ecai21/install/two_turtle_control/share/two_turtle_control/local_setup.dsv
[5.315s] -- Installing: /home/toffanetto/ecai21/install/two_turtle_control/share/two_turtle_control/package.dsv
[5.316s] -- Up-to-date: /home/toffanetto/ecai21/install/two_turtle_control/share/ament_index/resource_index/packages/two_turtle_control
[5.319s] -- Up-to-date: /home/toffanetto/ecai21/install/two_turtle_control/share/two_turtle_control/cmake/two_turtle_controlConfig.cmake
[5.320s] -- Up-to-date: /home/toffanetto/ecai21/install/two_turtle_control/share/two_turtle_control/cmake/two_turtle_controlConfig-version.cmake
[5.320s] -- Up-to-date: /home/toffanetto/ecai21/install/two_turtle_control/share/two_turtle_control/package.xml
[5.320s] Invoked command in '/home/toffanetto/ecai21/build/two_turtle_control' returned '0': CMAKE_PREFIX_PATH=/opt/ros/foxy /usr/bin/cmake --install /home/toffanetto/ecai21/build/two_turtle_control
