[0.031s] Invoking command in '/home/toffanetto/ecai21/build/teleop_cmd_vel': CMAKE_PREFIX_PATH=${CMAKE_PREFIX_PATH}:/opt/ros/foxy /usr/bin/cmake --build /home/toffanetto/ecai21/build/teleop_cmd_vel -- -j12 -l12
[0.101s] [100%] Built target teleop
[0.115s] Invoked command in '/home/toffanetto/ecai21/build/teleop_cmd_vel' returned '0': CMAKE_PREFIX_PATH=${CMAKE_PREFIX_PATH}:/opt/ros/foxy /usr/bin/cmake --build /home/toffanetto/ecai21/build/teleop_cmd_vel -- -j12 -l12
[0.156s] Invoking command in '/home/toffanetto/ecai21/build/teleop_cmd_vel': CMAKE_PREFIX_PATH=${CMAKE_PREFIX_PATH}:/opt/ros/foxy /usr/bin/cmake --install /home/toffanetto/ecai21/build/teleop_cmd_vel
[0.164s] -- Install configuration: ""
[0.164s] -- Up-to-date: /home/toffanetto/ecai21/install/teleop_cmd_vel/lib/teleop_cmd_vel/teleop
[0.164s] -- Up-to-date: /home/toffanetto/ecai21/install/teleop_cmd_vel/share/teleop_cmd_vel/launch
[0.165s] -- Up-to-date: /home/toffanetto/ecai21/install/teleop_cmd_vel/share/teleop_cmd_vel/launch/teleop_turtle.py
[0.165s] -- Up-to-date: /home/toffanetto/ecai21/install/teleop_cmd_vel/share/ament_index/resource_index/package_run_dependencies/teleop_cmd_vel
[0.165s] -- Up-to-date: /home/toffanetto/ecai21/install/teleop_cmd_vel/share/ament_index/resource_index/parent_prefix_path/teleop_cmd_vel
[0.165s] -- Up-to-date: /home/toffanetto/ecai21/install/teleop_cmd_vel/share/teleop_cmd_vel/environment/ament_prefix_path.sh
[0.165s] -- Up-to-date: /home/toffanetto/ecai21/install/teleop_cmd_vel/share/teleop_cmd_vel/environment/ament_prefix_path.dsv
[0.165s] -- Up-to-date: /home/toffanetto/ecai21/install/teleop_cmd_vel/share/teleop_cmd_vel/environment/path.sh
[0.165s] -- Up-to-date: /home/toffanetto/ecai21/install/teleop_cmd_vel/share/teleop_cmd_vel/environment/path.dsv
[0.166s] -- Up-to-date: /home/toffanetto/ecai21/install/teleop_cmd_vel/share/teleop_cmd_vel/local_setup.bash
[0.166s] -- Up-to-date: /home/toffanetto/ecai21/install/teleop_cmd_vel/share/teleop_cmd_vel/local_setup.sh
[0.166s] -- Up-to-date: /home/toffanetto/ecai21/install/teleop_cmd_vel/share/teleop_cmd_vel/local_setup.zsh
[0.166s] -- Up-to-date: /home/toffanetto/ecai21/install/teleop_cmd_vel/share/teleop_cmd_vel/local_setup.dsv
[0.166s] -- Installing: /home/toffanetto/ecai21/install/teleop_cmd_vel/share/teleop_cmd_vel/package.dsv
[0.166s] -- Up-to-date: /home/toffanetto/ecai21/install/teleop_cmd_vel/share/ament_index/resource_index/packages/teleop_cmd_vel
[0.166s] -- Up-to-date: /home/toffanetto/ecai21/install/teleop_cmd_vel/share/teleop_cmd_vel/cmake/teleop_cmd_velConfig.cmake
[0.167s] -- Up-to-date: /home/toffanetto/ecai21/install/teleop_cmd_vel/share/teleop_cmd_vel/cmake/teleop_cmd_velConfig-version.cmake
[0.167s] -- Up-to-date: /home/toffanetto/ecai21/install/teleop_cmd_vel/share/teleop_cmd_vel/package.xml
[0.168s] Invoked command in '/home/toffanetto/ecai21/build/teleop_cmd_vel' returned '0': CMAKE_PREFIX_PATH=${CMAKE_PREFIX_PATH}:/opt/ros/foxy /usr/bin/cmake --install /home/toffanetto/ecai21/build/teleop_cmd_vel
