[0.132s] DEBUG:colcon:Command line arguments: ['/usr/bin/colcon', 'build']
[0.132s] DEBUG:colcon:Parsed command line arguments: Namespace(allow_overriding=[], ament_cmake_args=None, base_paths=['.'], build_base='build', catkin_cmake_args=None, catkin_skip_building_tests=False, cmake_args=None, cmake_clean_cache=False, cmake_clean_first=False, cmake_force_configure=False, cmake_target=None, cmake_target_skip_unavailable=False, continue_on_error=False, event_handlers=None, executor='parallel', ignore_user_meta=False, install_base='install', log_base=None, log_level=None, main=<bound method BuildVerb.main of <colcon_core.verb.build.BuildVerb object at 0x7fb5e09ecd60>>, merge_install=False, metas=['./colcon.meta'], packages_above=None, packages_above_and_dependencies=None, packages_above_depth=None, packages_end=None, packages_ignore=None, packages_ignore_regex=None, packages_select=None, packages_select_build_failed=False, packages_select_by_dep=None, packages_select_regex=None, packages_select_test_failures=False, packages_skip=None, packages_skip_build_finished=False, packages_skip_by_dep=None, packages_skip_regex=None, packages_skip_test_passed=False, packages_skip_up_to=None, packages_start=None, packages_up_to=None, packages_up_to_regex=None, parallel_workers=12, paths=None, symlink_install=False, test_result_base=None, verb_extension=<colcon_core.verb.build.BuildVerb object at 0x7fb5e09ecd60>, verb_name='build', verb_parser=<colcon_defaults.argument_parser.defaults.DefaultArgumentsDecorator object at 0x7fb5e09f5310>)
[0.153s] Level 1:colcon.colcon_core.package_discovery:discover_packages(colcon_meta) check parameters
[0.153s] Level 1:colcon.colcon_core.package_discovery:discover_packages(recursive) check parameters
[0.153s] Level 1:colcon.colcon_core.package_discovery:discover_packages(ignore) check parameters
[0.153s] Level 1:colcon.colcon_core.package_discovery:discover_packages(path) check parameters
[0.153s] Level 1:colcon.colcon_core.package_discovery:discover_packages(colcon_meta) discover
[0.153s] Level 1:colcon.colcon_core.package_discovery:discover_packages(recursive) discover
[0.153s] INFO:colcon.colcon_core.package_discovery:Crawling recursively for packages in '/home/toffanetto/ecai21'
[0.153s] Level 1:colcon.colcon_core.package_identification:_identify(.) by extensions ['ignore', 'ignore_ament_install']
[0.153s] Level 1:colcon.colcon_core.package_identification:_identify(.) by extension 'ignore'
[0.154s] Level 1:colcon.colcon_core.package_identification:_identify(.) by extension 'ignore_ament_install'
[0.154s] Level 1:colcon.colcon_core.package_identification:_identify(.) by extensions ['colcon_pkg']
[0.154s] Level 1:colcon.colcon_core.package_identification:_identify(.) by extension 'colcon_pkg'
[0.154s] Level 1:colcon.colcon_core.package_identification:_identify(.) by extensions ['colcon_meta']
[0.154s] Level 1:colcon.colcon_core.package_identification:_identify(.) by extension 'colcon_meta'
[0.154s] Level 1:colcon.colcon_core.package_identification:_identify(.) by extensions ['ros']
[0.154s] Level 1:colcon.colcon_core.package_identification:_identify(.) by extension 'ros'
[0.164s] Level 1:colcon.colcon_core.package_identification:_identify(.) by extensions ['cmake', 'python']
[0.164s] Level 1:colcon.colcon_core.package_identification:_identify(.) by extension 'cmake'
[0.164s] Level 1:colcon.colcon_core.package_identification:_identify(.) by extension 'python'
[0.164s] Level 1:colcon.colcon_core.package_identification:_identify(.) by extensions ['python_setup_py']
[0.164s] Level 1:colcon.colcon_core.package_identification:_identify(.) by extension 'python_setup_py'
[0.164s] Level 1:colcon.colcon_core.package_identification:_identify(build) by extensions ['ignore', 'ignore_ament_install']
[0.164s] Level 1:colcon.colcon_core.package_identification:_identify(build) by extension 'ignore'
[0.164s] Level 1:colcon.colcon_core.package_identification:_identify(build) ignored
[0.164s] Level 1:colcon.colcon_core.package_identification:_identify(install) by extensions ['ignore', 'ignore_ament_install']
[0.164s] Level 1:colcon.colcon_core.package_identification:_identify(install) by extension 'ignore'
[0.164s] Level 1:colcon.colcon_core.package_identification:_identify(install) ignored
[0.164s] Level 1:colcon.colcon_core.package_identification:_identify(log) by extensions ['ignore', 'ignore_ament_install']
[0.165s] Level 1:colcon.colcon_core.package_identification:_identify(log) by extension 'ignore'
[0.165s] Level 1:colcon.colcon_core.package_identification:_identify(log) ignored
[0.165s] Level 1:colcon.colcon_core.package_identification:_identify(src) by extensions ['ignore', 'ignore_ament_install']
[0.165s] Level 1:colcon.colcon_core.package_identification:_identify(src) by extension 'ignore'
[0.165s] Level 1:colcon.colcon_core.package_identification:_identify(src) by extension 'ignore_ament_install'
[0.165s] Level 1:colcon.colcon_core.package_identification:_identify(src) by extensions ['colcon_pkg']
[0.165s] Level 1:colcon.colcon_core.package_identification:_identify(src) by extension 'colcon_pkg'
[0.165s] Level 1:colcon.colcon_core.package_identification:_identify(src) by extensions ['colcon_meta']
[0.165s] Level 1:colcon.colcon_core.package_identification:_identify(src) by extension 'colcon_meta'
[0.165s] Level 1:colcon.colcon_core.package_identification:_identify(src) by extensions ['ros']
[0.165s] Level 1:colcon.colcon_core.package_identification:_identify(src) by extension 'ros'
[0.165s] Level 1:colcon.colcon_core.package_identification:_identify(src) by extensions ['cmake', 'python']
[0.165s] Level 1:colcon.colcon_core.package_identification:_identify(src) by extension 'cmake'
[0.165s] Level 1:colcon.colcon_core.package_identification:_identify(src) by extension 'python'
[0.165s] Level 1:colcon.colcon_core.package_identification:_identify(src) by extensions ['python_setup_py']
[0.165s] Level 1:colcon.colcon_core.package_identification:_identify(src) by extension 'python_setup_py'
[0.165s] Level 1:colcon.colcon_core.package_identification:_identify(src/build) by extensions ['ignore', 'ignore_ament_install']
[0.165s] Level 1:colcon.colcon_core.package_identification:_identify(src/build) by extension 'ignore'
[0.165s] Level 1:colcon.colcon_core.package_identification:_identify(src/build) ignored
[0.166s] Level 1:colcon.colcon_core.package_identification:_identify(src/install) by extensions ['ignore', 'ignore_ament_install']
[0.166s] Level 1:colcon.colcon_core.package_identification:_identify(src/install) by extension 'ignore'
[0.166s] Level 1:colcon.colcon_core.package_identification:_identify(src/install) ignored
[0.166s] Level 1:colcon.colcon_core.package_identification:_identify(src/log) by extensions ['ignore', 'ignore_ament_install']
[0.166s] Level 1:colcon.colcon_core.package_identification:_identify(src/log) by extension 'ignore'
[0.166s] Level 1:colcon.colcon_core.package_identification:_identify(src/log) ignored
[0.166s] Level 1:colcon.colcon_core.package_identification:_identify(src/teleop_cmd_vel) by extensions ['ignore', 'ignore_ament_install']
[0.166s] Level 1:colcon.colcon_core.package_identification:_identify(src/teleop_cmd_vel) by extension 'ignore'
[0.166s] Level 1:colcon.colcon_core.package_identification:_identify(src/teleop_cmd_vel) by extension 'ignore_ament_install'
[0.166s] Level 1:colcon.colcon_core.package_identification:_identify(src/teleop_cmd_vel) by extensions ['colcon_pkg']
[0.166s] Level 1:colcon.colcon_core.package_identification:_identify(src/teleop_cmd_vel) by extension 'colcon_pkg'
[0.166s] Level 1:colcon.colcon_core.package_identification:_identify(src/teleop_cmd_vel) by extensions ['colcon_meta']
[0.166s] Level 1:colcon.colcon_core.package_identification:_identify(src/teleop_cmd_vel) by extension 'colcon_meta'
[0.166s] Level 1:colcon.colcon_core.package_identification:_identify(src/teleop_cmd_vel) by extensions ['ros']
[0.166s] Level 1:colcon.colcon_core.package_identification:_identify(src/teleop_cmd_vel) by extension 'ros'
[0.169s] DEBUG:colcon.colcon_core.package_identification:Package 'src/teleop_cmd_vel' with type 'ros.ament_cmake' and name 'teleop_cmd_vel'
[0.169s] Level 1:colcon.colcon_core.package_identification:_identify(src/two_turtle_control) by extensions ['ignore', 'ignore_ament_install']
[0.169s] Level 1:colcon.colcon_core.package_identification:_identify(src/two_turtle_control) by extension 'ignore'
[0.169s] Level 1:colcon.colcon_core.package_identification:_identify(src/two_turtle_control) by extension 'ignore_ament_install'
[0.169s] Level 1:colcon.colcon_core.package_identification:_identify(src/two_turtle_control) by extensions ['colcon_pkg']
[0.169s] Level 1:colcon.colcon_core.package_identification:_identify(src/two_turtle_control) by extension 'colcon_pkg'
[0.169s] Level 1:colcon.colcon_core.package_identification:_identify(src/two_turtle_control) by extensions ['colcon_meta']
[0.169s] Level 1:colcon.colcon_core.package_identification:_identify(src/two_turtle_control) by extension 'colcon_meta'
[0.169s] Level 1:colcon.colcon_core.package_identification:_identify(src/two_turtle_control) by extensions ['ros']
[0.170s] Level 1:colcon.colcon_core.package_identification:_identify(src/two_turtle_control) by extension 'ros'
[0.170s] DEBUG:colcon.colcon_core.package_identification:Package 'src/two_turtle_control' with type 'ros.ament_cmake' and name 'two_turtle_control'
[0.170s] Level 1:colcon.colcon_core.package_discovery:discover_packages(recursive) using defaults
[0.170s] Level 1:colcon.colcon_core.package_discovery:discover_packages(ignore) discover
[0.170s] Level 1:colcon.colcon_core.package_discovery:discover_packages(ignore) using defaults
[0.170s] Level 1:colcon.colcon_core.package_discovery:discover_packages(path) discover
[0.170s] Level 1:colcon.colcon_core.package_discovery:discover_packages(path) using defaults
[0.194s] Level 1:colcon.colcon_core.package_discovery:discover_packages(prefix_path) check parameters
[0.194s] Level 1:colcon.colcon_core.package_discovery:discover_packages(prefix_path) discover
[0.196s] DEBUG:colcon.colcon_installed_package_information.package_discovery:Found 2 installed packages in /home/toffanetto/ecai21/install
[0.198s] DEBUG:colcon.colcon_installed_package_information.package_discovery:Found 305 installed packages in /opt/ros/foxy
[0.199s] Level 1:colcon.colcon_core.package_discovery:discover_packages(prefix_path) using defaults
[0.268s] Level 5:colcon.colcon_core.verb:set package 'teleop_cmd_vel' build argument 'cmake_args' from command line to 'None'
[0.268s] Level 5:colcon.colcon_core.verb:set package 'teleop_cmd_vel' build argument 'cmake_target' from command line to 'None'
[0.268s] Level 5:colcon.colcon_core.verb:set package 'teleop_cmd_vel' build argument 'cmake_target_skip_unavailable' from command line to 'False'
[0.268s] Level 5:colcon.colcon_core.verb:set package 'teleop_cmd_vel' build argument 'cmake_clean_cache' from command line to 'False'
[0.268s] Level 5:colcon.colcon_core.verb:set package 'teleop_cmd_vel' build argument 'cmake_clean_first' from command line to 'False'
[0.268s] Level 5:colcon.colcon_core.verb:set package 'teleop_cmd_vel' build argument 'cmake_force_configure' from command line to 'False'
[0.268s] Level 5:colcon.colcon_core.verb:set package 'teleop_cmd_vel' build argument 'ament_cmake_args' from command line to 'None'
[0.268s] Level 5:colcon.colcon_core.verb:set package 'teleop_cmd_vel' build argument 'catkin_cmake_args' from command line to 'None'
[0.268s] Level 5:colcon.colcon_core.verb:set package 'teleop_cmd_vel' build argument 'catkin_skip_building_tests' from command line to 'False'
[0.268s] DEBUG:colcon.colcon_core.verb:Building package 'teleop_cmd_vel' with the following arguments: {'ament_cmake_args': None, 'build_base': '/home/toffanetto/ecai21/build/teleop_cmd_vel', 'catkin_cmake_args': None, 'catkin_skip_building_tests': False, 'cmake_args': None, 'cmake_clean_cache': False, 'cmake_clean_first': False, 'cmake_force_configure': False, 'cmake_target': None, 'cmake_target_skip_unavailable': False, 'install_base': '/home/toffanetto/ecai21/install/teleop_cmd_vel', 'merge_install': False, 'path': '/home/toffanetto/ecai21/src/teleop_cmd_vel', 'symlink_install': False, 'test_result_base': None}
[0.269s] Level 5:colcon.colcon_core.verb:set package 'two_turtle_control' build argument 'cmake_args' from command line to 'None'
[0.269s] Level 5:colcon.colcon_core.verb:set package 'two_turtle_control' build argument 'cmake_target' from command line to 'None'
[0.269s] Level 5:colcon.colcon_core.verb:set package 'two_turtle_control' build argument 'cmake_target_skip_unavailable' from command line to 'False'
[0.269s] Level 5:colcon.colcon_core.verb:set package 'two_turtle_control' build argument 'cmake_clean_cache' from command line to 'False'
[0.269s] Level 5:colcon.colcon_core.verb:set package 'two_turtle_control' build argument 'cmake_clean_first' from command line to 'False'
[0.269s] Level 5:colcon.colcon_core.verb:set package 'two_turtle_control' build argument 'cmake_force_configure' from command line to 'False'
[0.269s] Level 5:colcon.colcon_core.verb:set package 'two_turtle_control' build argument 'ament_cmake_args' from command line to 'None'
[0.269s] Level 5:colcon.colcon_core.verb:set package 'two_turtle_control' build argument 'catkin_cmake_args' from command line to 'None'
[0.269s] Level 5:colcon.colcon_core.verb:set package 'two_turtle_control' build argument 'catkin_skip_building_tests' from command line to 'False'
[0.269s] DEBUG:colcon.colcon_core.verb:Building package 'two_turtle_control' with the following arguments: {'ament_cmake_args': None, 'build_base': '/home/toffanetto/ecai21/build/two_turtle_control', 'catkin_cmake_args': None, 'catkin_skip_building_tests': False, 'cmake_args': None, 'cmake_clean_cache': False, 'cmake_clean_first': False, 'cmake_force_configure': False, 'cmake_target': None, 'cmake_target_skip_unavailable': False, 'install_base': '/home/toffanetto/ecai21/install/two_turtle_control', 'merge_install': False, 'path': '/home/toffanetto/ecai21/src/two_turtle_control', 'symlink_install': False, 'test_result_base': None}
[0.270s] INFO:colcon.colcon_core.executor:Executing jobs using 'parallel' executor
[0.274s] DEBUG:colcon.colcon_parallel_executor.executor.parallel:run_until_complete
[0.275s] INFO:colcon.colcon_ros.task.ament_cmake.build:Building ROS package in '/home/toffanetto/ecai21/src/teleop_cmd_vel' with build type 'ament_cmake'
[0.275s] INFO:colcon.colcon_cmake.task.cmake.build:Building CMake package in '/home/toffanetto/ecai21/src/teleop_cmd_vel'
[0.279s] INFO:colcon.colcon_core.plugin_system:Skipping extension 'colcon_core.shell.bat': Not used on non-Windows systems
[0.279s] INFO:colcon.colcon_core.shell:Skip shell extension 'powershell' for command environment: Not usable outside of PowerShell
[0.279s] DEBUG:colcon.colcon_core.shell:Skip shell extension 'dsv' for command environment
[0.285s] INFO:colcon.colcon_ros.task.ament_cmake.build:Building ROS package in '/home/toffanetto/ecai21/src/two_turtle_control' with build type 'ament_cmake'
[0.285s] INFO:colcon.colcon_cmake.task.cmake.build:Building CMake package in '/home/toffanetto/ecai21/src/two_turtle_control'
[0.286s] INFO:colcon.colcon_core.shell:Skip shell extension 'powershell' for command environment: Not usable outside of PowerShell
[0.287s] DEBUG:colcon.colcon_core.shell:Skip shell extension 'dsv' for command environment
[0.299s] DEBUG:colcon.colcon_core.event_handler.log_command:Invoking command in '/home/toffanetto/ecai21/build/teleop_cmd_vel': CMAKE_PREFIX_PATH=${CMAKE_PREFIX_PATH}:/opt/ros/foxy /usr/bin/cmake --build /home/toffanetto/ecai21/build/teleop_cmd_vel -- -j12 -l12
[0.307s] DEBUG:colcon.colcon_core.event_handler.log_command:Invoking command in '/home/toffanetto/ecai21/build/two_turtle_control': CMAKE_PREFIX_PATH=${CMAKE_PREFIX_PATH}:/opt/ros/foxy /usr/bin/cmake --build /home/toffanetto/ecai21/build/two_turtle_control -- -j12 -l12
[0.370s] DEBUG:colcon.colcon_core.event_handler.log_command:Invoked command in '/home/toffanetto/ecai21/build/teleop_cmd_vel' returned '0': CMAKE_PREFIX_PATH=${CMAKE_PREFIX_PATH}:/opt/ros/foxy /usr/bin/cmake --build /home/toffanetto/ecai21/build/teleop_cmd_vel -- -j12 -l12
[0.405s] DEBUG:colcon.colcon_core.event_handler.log_command:Invoking command in '/home/toffanetto/ecai21/build/teleop_cmd_vel': CMAKE_PREFIX_PATH=${CMAKE_PREFIX_PATH}:/opt/ros/foxy /usr/bin/cmake --install /home/toffanetto/ecai21/build/teleop_cmd_vel
[0.416s] Level 1:colcon.colcon_core.environment:create_environment_scripts_only(teleop_cmd_vel)
[0.418s] DEBUG:colcon.colcon_core.event_handler.log_command:Invoked command in '/home/toffanetto/ecai21/build/teleop_cmd_vel' returned '0': CMAKE_PREFIX_PATH=${CMAKE_PREFIX_PATH}:/opt/ros/foxy /usr/bin/cmake --install /home/toffanetto/ecai21/build/teleop_cmd_vel
[0.422s] Level 1:colcon.colcon_core.environment:checking '/home/toffanetto/ecai21/install/teleop_cmd_vel' for CMake module files
[0.423s] Level 1:colcon.colcon_core.environment:checking '/home/toffanetto/ecai21/install/teleop_cmd_vel' for CMake config files
[0.423s] Level 1:colcon.colcon_core.shell:create_environment_hook('teleop_cmd_vel', 'cmake_prefix_path')
[0.424s] INFO:colcon.colcon_core.shell:Creating environment hook '/home/toffanetto/ecai21/install/teleop_cmd_vel/share/teleop_cmd_vel/hook/cmake_prefix_path.ps1'
[0.425s] INFO:colcon.colcon_core.shell:Creating environment descriptor '/home/toffanetto/ecai21/install/teleop_cmd_vel/share/teleop_cmd_vel/hook/cmake_prefix_path.dsv'
[0.425s] INFO:colcon.colcon_core.shell:Creating environment hook '/home/toffanetto/ecai21/install/teleop_cmd_vel/share/teleop_cmd_vel/hook/cmake_prefix_path.sh'
[0.426s] Level 1:colcon.colcon_core.environment:checking '/home/toffanetto/ecai21/install/teleop_cmd_vel/lib'
[0.426s] Level 1:colcon.colcon_core.environment:checking '/home/toffanetto/ecai21/install/teleop_cmd_vel/bin'
[0.426s] Level 1:colcon.colcon_core.environment:checking '/home/toffanetto/ecai21/install/teleop_cmd_vel/lib/pkgconfig/teleop_cmd_vel.pc'
[0.426s] Level 1:colcon.colcon_core.environment:checking '/home/toffanetto/ecai21/install/teleop_cmd_vel/lib/python3.8/site-packages'
[0.426s] Level 1:colcon.colcon_core.environment:checking '/home/toffanetto/ecai21/install/teleop_cmd_vel/bin'
[0.428s] INFO:colcon.colcon_core.shell:Creating package script '/home/toffanetto/ecai21/install/teleop_cmd_vel/share/teleop_cmd_vel/package.ps1'
[0.428s] INFO:colcon.colcon_core.shell:Creating package descriptor '/home/toffanetto/ecai21/install/teleop_cmd_vel/share/teleop_cmd_vel/package.dsv'
[0.429s] INFO:colcon.colcon_core.shell:Creating package script '/home/toffanetto/ecai21/install/teleop_cmd_vel/share/teleop_cmd_vel/package.sh'
[0.429s] INFO:colcon.colcon_core.shell:Creating package script '/home/toffanetto/ecai21/install/teleop_cmd_vel/share/teleop_cmd_vel/package.bash'
[0.430s] INFO:colcon.colcon_core.shell:Creating package script '/home/toffanetto/ecai21/install/teleop_cmd_vel/share/teleop_cmd_vel/package.zsh'
[0.430s] Level 1:colcon.colcon_core.environment:create_file_with_runtime_dependencies(/home/toffanetto/ecai21/install/teleop_cmd_vel/share/colcon-core/packages/teleop_cmd_vel)
[0.455s] Level 1:colcon.colcon_core.environment:create_environment_scripts_only(teleop_cmd_vel)
[0.457s] Level 1:colcon.colcon_core.environment:checking '/home/toffanetto/ecai21/install/teleop_cmd_vel' for CMake module files
[0.457s] Level 1:colcon.colcon_core.environment:checking '/home/toffanetto/ecai21/install/teleop_cmd_vel' for CMake config files
[0.458s] Level 1:colcon.colcon_core.shell:create_environment_hook('teleop_cmd_vel', 'cmake_prefix_path')
[0.459s] INFO:colcon.colcon_core.shell:Creating environment hook '/home/toffanetto/ecai21/install/teleop_cmd_vel/share/teleop_cmd_vel/hook/cmake_prefix_path.ps1'
[0.459s] INFO:colcon.colcon_core.shell:Creating environment descriptor '/home/toffanetto/ecai21/install/teleop_cmd_vel/share/teleop_cmd_vel/hook/cmake_prefix_path.dsv'
[0.459s] INFO:colcon.colcon_core.shell:Creating environment hook '/home/toffanetto/ecai21/install/teleop_cmd_vel/share/teleop_cmd_vel/hook/cmake_prefix_path.sh'
[0.460s] Level 1:colcon.colcon_core.environment:checking '/home/toffanetto/ecai21/install/teleop_cmd_vel/lib'
[0.460s] Level 1:colcon.colcon_core.environment:checking '/home/toffanetto/ecai21/install/teleop_cmd_vel/bin'
[0.460s] Level 1:colcon.colcon_core.environment:checking '/home/toffanetto/ecai21/install/teleop_cmd_vel/lib/pkgconfig/teleop_cmd_vel.pc'
[0.460s] Level 1:colcon.colcon_core.environment:checking '/home/toffanetto/ecai21/install/teleop_cmd_vel/lib/python3.8/site-packages'
[0.460s] Level 1:colcon.colcon_core.environment:checking '/home/toffanetto/ecai21/install/teleop_cmd_vel/bin'
[0.462s] INFO:colcon.colcon_core.shell:Creating package script '/home/toffanetto/ecai21/install/teleop_cmd_vel/share/teleop_cmd_vel/package.ps1'
[0.462s] INFO:colcon.colcon_core.shell:Creating package descriptor '/home/toffanetto/ecai21/install/teleop_cmd_vel/share/teleop_cmd_vel/package.dsv'
[0.462s] INFO:colcon.colcon_core.shell:Creating package script '/home/toffanetto/ecai21/install/teleop_cmd_vel/share/teleop_cmd_vel/package.sh'
[0.463s] INFO:colcon.colcon_core.shell:Creating package script '/home/toffanetto/ecai21/install/teleop_cmd_vel/share/teleop_cmd_vel/package.bash'
[0.463s] INFO:colcon.colcon_core.shell:Creating package script '/home/toffanetto/ecai21/install/teleop_cmd_vel/share/teleop_cmd_vel/package.zsh'
[0.463s] Level 1:colcon.colcon_core.environment:create_file_with_runtime_dependencies(/home/toffanetto/ecai21/install/teleop_cmd_vel/share/colcon-core/packages/teleop_cmd_vel)
[6.499s] DEBUG:colcon.colcon_core.event_handler.log_command:Invoked command in '/home/toffanetto/ecai21/build/two_turtle_control' returned '0': CMAKE_PREFIX_PATH=${CMAKE_PREFIX_PATH}:/opt/ros/foxy /usr/bin/cmake --build /home/toffanetto/ecai21/build/two_turtle_control -- -j12 -l12
[6.522s] DEBUG:colcon.colcon_core.event_handler.log_command:Invoking command in '/home/toffanetto/ecai21/build/two_turtle_control': CMAKE_PREFIX_PATH=${CMAKE_PREFIX_PATH}:/opt/ros/foxy /usr/bin/cmake --install /home/toffanetto/ecai21/build/two_turtle_control
[6.536s] Level 1:colcon.colcon_core.environment:create_environment_scripts_only(two_turtle_control)
[6.538s] Level 1:colcon.colcon_core.environment:checking '/home/toffanetto/ecai21/install/two_turtle_control' for CMake module files
[6.538s] DEBUG:colcon.colcon_core.event_handler.log_command:Invoked command in '/home/toffanetto/ecai21/build/two_turtle_control' returned '0': CMAKE_PREFIX_PATH=${CMAKE_PREFIX_PATH}:/opt/ros/foxy /usr/bin/cmake --install /home/toffanetto/ecai21/build/two_turtle_control
[6.539s] Level 1:colcon.colcon_core.environment:checking '/home/toffanetto/ecai21/install/two_turtle_control' for CMake config files
[6.539s] Level 1:colcon.colcon_core.shell:create_environment_hook('two_turtle_control', 'cmake_prefix_path')
[6.540s] INFO:colcon.colcon_core.shell:Creating environment hook '/home/toffanetto/ecai21/install/two_turtle_control/share/two_turtle_control/hook/cmake_prefix_path.ps1'
[6.541s] INFO:colcon.colcon_core.shell:Creating environment descriptor '/home/toffanetto/ecai21/install/two_turtle_control/share/two_turtle_control/hook/cmake_prefix_path.dsv'
[6.541s] INFO:colcon.colcon_core.shell:Creating environment hook '/home/toffanetto/ecai21/install/two_turtle_control/share/two_turtle_control/hook/cmake_prefix_path.sh'
[6.541s] Level 1:colcon.colcon_core.environment:checking '/home/toffanetto/ecai21/install/two_turtle_control/lib'
[6.542s] Level 1:colcon.colcon_core.environment:checking '/home/toffanetto/ecai21/install/two_turtle_control/bin'
[6.542s] Level 1:colcon.colcon_core.environment:checking '/home/toffanetto/ecai21/install/two_turtle_control/lib/pkgconfig/two_turtle_control.pc'
[6.542s] Level 1:colcon.colcon_core.environment:checking '/home/toffanetto/ecai21/install/two_turtle_control/lib/python3.8/site-packages'
[6.542s] Level 1:colcon.colcon_core.environment:checking '/home/toffanetto/ecai21/install/two_turtle_control/bin'
[6.543s] INFO:colcon.colcon_core.shell:Creating package script '/home/toffanetto/ecai21/install/two_turtle_control/share/two_turtle_control/package.ps1'
[6.544s] INFO:colcon.colcon_core.shell:Creating package descriptor '/home/toffanetto/ecai21/install/two_turtle_control/share/two_turtle_control/package.dsv'
[6.544s] INFO:colcon.colcon_core.shell:Creating package script '/home/toffanetto/ecai21/install/two_turtle_control/share/two_turtle_control/package.sh'
[6.544s] INFO:colcon.colcon_core.shell:Creating package script '/home/toffanetto/ecai21/install/two_turtle_control/share/two_turtle_control/package.bash'
[6.545s] INFO:colcon.colcon_core.shell:Creating package script '/home/toffanetto/ecai21/install/two_turtle_control/share/two_turtle_control/package.zsh'
[6.545s] Level 1:colcon.colcon_core.environment:create_file_with_runtime_dependencies(/home/toffanetto/ecai21/install/two_turtle_control/share/colcon-core/packages/two_turtle_control)
[6.569s] Level 1:colcon.colcon_core.environment:create_environment_scripts_only(two_turtle_control)
[6.571s] Level 1:colcon.colcon_core.environment:checking '/home/toffanetto/ecai21/install/two_turtle_control' for CMake module files
[6.572s] Level 1:colcon.colcon_core.environment:checking '/home/toffanetto/ecai21/install/two_turtle_control' for CMake config files
[6.572s] Level 1:colcon.colcon_core.shell:create_environment_hook('two_turtle_control', 'cmake_prefix_path')
[6.573s] INFO:colcon.colcon_core.shell:Creating environment hook '/home/toffanetto/ecai21/install/two_turtle_control/share/two_turtle_control/hook/cmake_prefix_path.ps1'
[6.705s] INFO:colcon.colcon_core.shell:Creating environment descriptor '/home/toffanetto/ecai21/install/two_turtle_control/share/two_turtle_control/hook/cmake_prefix_path.dsv'
[6.707s] INFO:colcon.colcon_core.shell:Creating environment hook '/home/toffanetto/ecai21/install/two_turtle_control/share/two_turtle_control/hook/cmake_prefix_path.sh'
[6.709s] Level 1:colcon.colcon_core.environment:checking '/home/toffanetto/ecai21/install/two_turtle_control/lib'
[6.709s] Level 1:colcon.colcon_core.environment:checking '/home/toffanetto/ecai21/install/two_turtle_control/bin'
[6.709s] Level 1:colcon.colcon_core.environment:checking '/home/toffanetto/ecai21/install/two_turtle_control/lib/pkgconfig/two_turtle_control.pc'
[6.710s] Level 1:colcon.colcon_core.environment:checking '/home/toffanetto/ecai21/install/two_turtle_control/lib/python3.8/site-packages'
[6.711s] Level 1:colcon.colcon_core.environment:checking '/home/toffanetto/ecai21/install/two_turtle_control/bin'
[6.716s] INFO:colcon.colcon_core.shell:Creating package script '/home/toffanetto/ecai21/install/two_turtle_control/share/two_turtle_control/package.ps1'
[6.718s] INFO:colcon.colcon_core.shell:Creating package descriptor '/home/toffanetto/ecai21/install/two_turtle_control/share/two_turtle_control/package.dsv'
[6.720s] INFO:colcon.colcon_core.shell:Creating package script '/home/toffanetto/ecai21/install/two_turtle_control/share/two_turtle_control/package.sh'
[6.721s] INFO:colcon.colcon_core.shell:Creating package script '/home/toffanetto/ecai21/install/two_turtle_control/share/two_turtle_control/package.bash'
[6.722s] INFO:colcon.colcon_core.shell:Creating package script '/home/toffanetto/ecai21/install/two_turtle_control/share/two_turtle_control/package.zsh'
[6.724s] Level 1:colcon.colcon_core.environment:create_file_with_runtime_dependencies(/home/toffanetto/ecai21/install/two_turtle_control/share/colcon-core/packages/two_turtle_control)
[6.726s] DEBUG:colcon.colcon_parallel_executor.executor.parallel:closing loop
[6.727s] DEBUG:colcon.colcon_parallel_executor.executor.parallel:loop closed
[6.727s] DEBUG:colcon.colcon_parallel_executor.executor.parallel:run_until_complete finished with '0'
[6.728s] DEBUG:colcon.colcon_core.event_reactor:joining thread
[6.751s] INFO:colcon.colcon_core.plugin_system:Skipping extension 'colcon_notification.desktop_notification.notify_send': Could not find 'notify-send'
[6.752s] INFO:colcon.colcon_core.plugin_system:Skipping extension 'colcon_notification.desktop_notification.terminal_notifier': Not used on non-Darwin systems
[6.752s] INFO:colcon.colcon_core.plugin_system:Skipping extension 'colcon_notification.desktop_notification.win32': Not used on non-Windows systems
[6.752s] INFO:colcon.colcon_notification.desktop_notification:Sending desktop notification using 'notify2'
[6.828s] DEBUG:colcon.colcon_core.event_reactor:joined thread
[6.830s] INFO:colcon.colcon_core.shell:Creating prefix script '/home/toffanetto/ecai21/install/local_setup.ps1'
[6.831s] INFO:colcon.colcon_core.shell:Creating prefix util module '/home/toffanetto/ecai21/install/_local_setup_util_ps1.py'
[6.833s] INFO:colcon.colcon_core.shell:Creating prefix chain script '/home/toffanetto/ecai21/install/setup.ps1'
[6.836s] INFO:colcon.colcon_core.shell:Creating prefix script '/home/toffanetto/ecai21/install/local_setup.sh'
[6.837s] INFO:colcon.colcon_core.shell:Creating prefix util module '/home/toffanetto/ecai21/install/_local_setup_util_sh.py'
[6.837s] INFO:colcon.colcon_core.shell:Creating prefix chain script '/home/toffanetto/ecai21/install/setup.sh'
[6.840s] INFO:colcon.colcon_core.shell:Creating prefix script '/home/toffanetto/ecai21/install/local_setup.bash'
[6.841s] INFO:colcon.colcon_core.shell:Creating prefix chain script '/home/toffanetto/ecai21/install/setup.bash'
[6.844s] INFO:colcon.colcon_core.shell:Creating prefix script '/home/toffanetto/ecai21/install/local_setup.zsh'
[6.845s] INFO:colcon.colcon_core.shell:Creating prefix chain script '/home/toffanetto/ecai21/install/setup.zsh'
