[0.125s] DEBUG:colcon:Command line arguments: ['/usr/bin/colcon', 'build']
[0.126s] DEBUG:colcon:Parsed command line arguments: Namespace(allow_overriding=[], ament_cmake_args=None, base_paths=['.'], build_base='build', catkin_cmake_args=None, catkin_skip_building_tests=False, cmake_args=None, cmake_clean_cache=False, cmake_clean_first=False, cmake_force_configure=False, cmake_target=None, cmake_target_skip_unavailable=False, continue_on_error=False, event_handlers=None, executor='parallel', ignore_user_meta=False, install_base='install', log_base=None, log_level=None, main=<bound method BuildVerb.main of <colcon_core.verb.build.BuildVerb object at 0x7fb72ccaa7c0>>, merge_install=False, metas=['./colcon.meta'], packages_above=None, packages_above_and_dependencies=None, packages_above_depth=None, packages_end=None, packages_ignore=None, packages_ignore_regex=None, packages_select=None, packages_select_build_failed=False, packages_select_by_dep=None, packages_select_regex=None, packages_select_test_failures=False, packages_skip=None, packages_skip_build_finished=False, packages_skip_by_dep=None, packages_skip_regex=None, packages_skip_test_passed=False, packages_skip_up_to=None, packages_start=None, packages_up_to=None, packages_up_to_regex=None, parallel_workers=12, paths=None, symlink_install=False, test_result_base=None, verb_extension=<colcon_core.verb.build.BuildVerb object at 0x7fb72ccaa7c0>, verb_name='build', verb_parser=<colcon_defaults.argument_parser.defaults.DefaultArgumentsDecorator object at 0x7fb72ccb24c0>)
[0.146s] Level 1:colcon.colcon_core.package_discovery:discover_packages(colcon_meta) check parameters
[0.146s] Level 1:colcon.colcon_core.package_discovery:discover_packages(recursive) check parameters
[0.146s] Level 1:colcon.colcon_core.package_discovery:discover_packages(ignore) check parameters
[0.146s] Level 1:colcon.colcon_core.package_discovery:discover_packages(path) check parameters
[0.146s] Level 1:colcon.colcon_core.package_discovery:discover_packages(colcon_meta) discover
[0.146s] Level 1:colcon.colcon_core.package_discovery:discover_packages(recursive) discover
[0.146s] INFO:colcon.colcon_core.package_discovery:Crawling recursively for packages in '/home/toffanetto/ecai21'
[0.146s] Level 1:colcon.colcon_core.package_identification:_identify(.) by extensions ['ignore', 'ignore_ament_install']
[0.147s] Level 1:colcon.colcon_core.package_identification:_identify(.) by extension 'ignore'
[0.147s] Level 1:colcon.colcon_core.package_identification:_identify(.) by extension 'ignore_ament_install'
[0.147s] Level 1:colcon.colcon_core.package_identification:_identify(.) by extensions ['colcon_pkg']
[0.147s] Level 1:colcon.colcon_core.package_identification:_identify(.) by extension 'colcon_pkg'
[0.147s] Level 1:colcon.colcon_core.package_identification:_identify(.) by extensions ['colcon_meta']
[0.147s] Level 1:colcon.colcon_core.package_identification:_identify(.) by extension 'colcon_meta'
[0.147s] Level 1:colcon.colcon_core.package_identification:_identify(.) by extensions ['ros']
[0.147s] Level 1:colcon.colcon_core.package_identification:_identify(.) by extension 'ros'
[0.157s] Level 1:colcon.colcon_core.package_identification:_identify(.) by extensions ['cmake', 'python']
[0.157s] Level 1:colcon.colcon_core.package_identification:_identify(.) by extension 'cmake'
[0.158s] Level 1:colcon.colcon_core.package_identification:_identify(.) by extension 'python'
[0.158s] Level 1:colcon.colcon_core.package_identification:_identify(.) by extensions ['python_setup_py']
[0.158s] Level 1:colcon.colcon_core.package_identification:_identify(.) by extension 'python_setup_py'
[0.158s] Level 1:colcon.colcon_core.package_identification:_identify(build) by extensions ['ignore', 'ignore_ament_install']
[0.158s] Level 1:colcon.colcon_core.package_identification:_identify(build) by extension 'ignore'
[0.158s] Level 1:colcon.colcon_core.package_identification:_identify(build) ignored
[0.158s] Level 1:colcon.colcon_core.package_identification:_identify(install) by extensions ['ignore', 'ignore_ament_install']
[0.158s] Level 1:colcon.colcon_core.package_identification:_identify(install) by extension 'ignore'
[0.158s] Level 1:colcon.colcon_core.package_identification:_identify(install) ignored
[0.158s] Level 1:colcon.colcon_core.package_identification:_identify(log) by extensions ['ignore', 'ignore_ament_install']
[0.158s] Level 1:colcon.colcon_core.package_identification:_identify(log) by extension 'ignore'
[0.158s] Level 1:colcon.colcon_core.package_identification:_identify(log) ignored
[0.159s] Level 1:colcon.colcon_core.package_identification:_identify(src) by extensions ['ignore', 'ignore_ament_install']
[0.159s] Level 1:colcon.colcon_core.package_identification:_identify(src) by extension 'ignore'
[0.159s] Level 1:colcon.colcon_core.package_identification:_identify(src) by extension 'ignore_ament_install'
[0.159s] Level 1:colcon.colcon_core.package_identification:_identify(src) by extensions ['colcon_pkg']
[0.159s] Level 1:colcon.colcon_core.package_identification:_identify(src) by extension 'colcon_pkg'
[0.159s] Level 1:colcon.colcon_core.package_identification:_identify(src) by extensions ['colcon_meta']
[0.159s] Level 1:colcon.colcon_core.package_identification:_identify(src) by extension 'colcon_meta'
[0.159s] Level 1:colcon.colcon_core.package_identification:_identify(src) by extensions ['ros']
[0.159s] Level 1:colcon.colcon_core.package_identification:_identify(src) by extension 'ros'
[0.159s] Level 1:colcon.colcon_core.package_identification:_identify(src) by extensions ['cmake', 'python']
[0.159s] Level 1:colcon.colcon_core.package_identification:_identify(src) by extension 'cmake'
[0.159s] Level 1:colcon.colcon_core.package_identification:_identify(src) by extension 'python'
[0.159s] Level 1:colcon.colcon_core.package_identification:_identify(src) by extensions ['python_setup_py']
[0.159s] Level 1:colcon.colcon_core.package_identification:_identify(src) by extension 'python_setup_py'
[0.160s] Level 1:colcon.colcon_core.package_identification:_identify(src/build) by extensions ['ignore', 'ignore_ament_install']
[0.160s] Level 1:colcon.colcon_core.package_identification:_identify(src/build) by extension 'ignore'
[0.160s] Level 1:colcon.colcon_core.package_identification:_identify(src/build) ignored
[0.160s] Level 1:colcon.colcon_core.package_identification:_identify(src/install) by extensions ['ignore', 'ignore_ament_install']
[0.160s] Level 1:colcon.colcon_core.package_identification:_identify(src/install) by extension 'ignore'
[0.160s] Level 1:colcon.colcon_core.package_identification:_identify(src/install) ignored
[0.160s] Level 1:colcon.colcon_core.package_identification:_identify(src/log) by extensions ['ignore', 'ignore_ament_install']
[0.160s] Level 1:colcon.colcon_core.package_identification:_identify(src/log) by extension 'ignore'
[0.160s] Level 1:colcon.colcon_core.package_identification:_identify(src/log) ignored
[0.160s] Level 1:colcon.colcon_core.package_identification:_identify(src/teleop_cmd_vel) by extensions ['ignore', 'ignore_ament_install']
[0.160s] Level 1:colcon.colcon_core.package_identification:_identify(src/teleop_cmd_vel) by extension 'ignore'
[0.160s] Level 1:colcon.colcon_core.package_identification:_identify(src/teleop_cmd_vel) by extension 'ignore_ament_install'
[0.161s] Level 1:colcon.colcon_core.package_identification:_identify(src/teleop_cmd_vel) by extensions ['colcon_pkg']
[0.161s] Level 1:colcon.colcon_core.package_identification:_identify(src/teleop_cmd_vel) by extension 'colcon_pkg'
[0.161s] Level 1:colcon.colcon_core.package_identification:_identify(src/teleop_cmd_vel) by extensions ['colcon_meta']
[0.161s] Level 1:colcon.colcon_core.package_identification:_identify(src/teleop_cmd_vel) by extension 'colcon_meta'
[0.161s] Level 1:colcon.colcon_core.package_identification:_identify(src/teleop_cmd_vel) by extensions ['ros']
[0.161s] Level 1:colcon.colcon_core.package_identification:_identify(src/teleop_cmd_vel) by extension 'ros'
[0.165s] DEBUG:colcon.colcon_core.package_identification:Package 'src/teleop_cmd_vel' with type 'ros.ament_cmake' and name 'teleop_cmd_vel'
[0.165s] Level 1:colcon.colcon_core.package_identification:_identify(src/two_turtle_control) by extensions ['ignore', 'ignore_ament_install']
[0.165s] Level 1:colcon.colcon_core.package_identification:_identify(src/two_turtle_control) by extension 'ignore'
[0.165s] Level 1:colcon.colcon_core.package_identification:_identify(src/two_turtle_control) by extension 'ignore_ament_install'
[0.165s] Level 1:colcon.colcon_core.package_identification:_identify(src/two_turtle_control) by extensions ['colcon_pkg']
[0.165s] Level 1:colcon.colcon_core.package_identification:_identify(src/two_turtle_control) by extension 'colcon_pkg'
[0.165s] Level 1:colcon.colcon_core.package_identification:_identify(src/two_turtle_control) by extensions ['colcon_meta']
[0.166s] Level 1:colcon.colcon_core.package_identification:_identify(src/two_turtle_control) by extension 'colcon_meta'
[0.166s] Level 1:colcon.colcon_core.package_identification:_identify(src/two_turtle_control) by extensions ['ros']
[0.166s] Level 1:colcon.colcon_core.package_identification:_identify(src/two_turtle_control) by extension 'ros'
[0.166s] DEBUG:colcon.colcon_core.package_identification:Package 'src/two_turtle_control' with type 'ros.ament_cmake' and name 'two_turtle_control'
[0.166s] Level 1:colcon.colcon_core.package_discovery:discover_packages(recursive) using defaults
[0.166s] Level 1:colcon.colcon_core.package_discovery:discover_packages(ignore) discover
[0.166s] Level 1:colcon.colcon_core.package_discovery:discover_packages(ignore) using defaults
[0.166s] Level 1:colcon.colcon_core.package_discovery:discover_packages(path) discover
[0.166s] Level 1:colcon.colcon_core.package_discovery:discover_packages(path) using defaults
[0.189s] Level 1:colcon.colcon_core.package_discovery:discover_packages(prefix_path) check parameters
[0.190s] Level 1:colcon.colcon_core.package_discovery:discover_packages(prefix_path) discover
[0.192s] DEBUG:colcon.colcon_installed_package_information.package_discovery:Found 2 installed packages in /home/toffanetto/ecai21/install
[0.193s] DEBUG:colcon.colcon_installed_package_information.package_discovery:Found 305 installed packages in /opt/ros/foxy
[0.195s] Level 1:colcon.colcon_core.package_discovery:discover_packages(prefix_path) using defaults
[0.258s] Level 5:colcon.colcon_core.verb:set package 'teleop_cmd_vel' build argument 'cmake_args' from command line to 'None'
[0.258s] Level 5:colcon.colcon_core.verb:set package 'teleop_cmd_vel' build argument 'cmake_target' from command line to 'None'
[0.258s] Level 5:colcon.colcon_core.verb:set package 'teleop_cmd_vel' build argument 'cmake_target_skip_unavailable' from command line to 'False'
[0.258s] Level 5:colcon.colcon_core.verb:set package 'teleop_cmd_vel' build argument 'cmake_clean_cache' from command line to 'False'
[0.258s] Level 5:colcon.colcon_core.verb:set package 'teleop_cmd_vel' build argument 'cmake_clean_first' from command line to 'False'
[0.258s] Level 5:colcon.colcon_core.verb:set package 'teleop_cmd_vel' build argument 'cmake_force_configure' from command line to 'False'
[0.259s] Level 5:colcon.colcon_core.verb:set package 'teleop_cmd_vel' build argument 'ament_cmake_args' from command line to 'None'
[0.259s] Level 5:colcon.colcon_core.verb:set package 'teleop_cmd_vel' build argument 'catkin_cmake_args' from command line to 'None'
[0.259s] Level 5:colcon.colcon_core.verb:set package 'teleop_cmd_vel' build argument 'catkin_skip_building_tests' from command line to 'False'
[0.259s] DEBUG:colcon.colcon_core.verb:Building package 'teleop_cmd_vel' with the following arguments: {'ament_cmake_args': None, 'build_base': '/home/toffanetto/ecai21/build/teleop_cmd_vel', 'catkin_cmake_args': None, 'catkin_skip_building_tests': False, 'cmake_args': None, 'cmake_clean_cache': False, 'cmake_clean_first': False, 'cmake_force_configure': False, 'cmake_target': None, 'cmake_target_skip_unavailable': False, 'install_base': '/home/toffanetto/ecai21/install/teleop_cmd_vel', 'merge_install': False, 'path': '/home/toffanetto/ecai21/src/teleop_cmd_vel', 'symlink_install': False, 'test_result_base': None}
[0.259s] Level 5:colcon.colcon_core.verb:set package 'two_turtle_control' build argument 'cmake_args' from command line to 'None'
[0.259s] Level 5:colcon.colcon_core.verb:set package 'two_turtle_control' build argument 'cmake_target' from command line to 'None'
[0.259s] Level 5:colcon.colcon_core.verb:set package 'two_turtle_control' build argument 'cmake_target_skip_unavailable' from command line to 'False'
[0.260s] Level 5:colcon.colcon_core.verb:set package 'two_turtle_control' build argument 'cmake_clean_cache' from command line to 'False'
[0.260s] Level 5:colcon.colcon_core.verb:set package 'two_turtle_control' build argument 'cmake_clean_first' from command line to 'False'
[0.260s] Level 5:colcon.colcon_core.verb:set package 'two_turtle_control' build argument 'cmake_force_configure' from command line to 'False'
[0.260s] Level 5:colcon.colcon_core.verb:set package 'two_turtle_control' build argument 'ament_cmake_args' from command line to 'None'
[0.260s] Level 5:colcon.colcon_core.verb:set package 'two_turtle_control' build argument 'catkin_cmake_args' from command line to 'None'
[0.260s] Level 5:colcon.colcon_core.verb:set package 'two_turtle_control' build argument 'catkin_skip_building_tests' from command line to 'False'
[0.260s] DEBUG:colcon.colcon_core.verb:Building package 'two_turtle_control' with the following arguments: {'ament_cmake_args': None, 'build_base': '/home/toffanetto/ecai21/build/two_turtle_control', 'catkin_cmake_args': None, 'catkin_skip_building_tests': False, 'cmake_args': None, 'cmake_clean_cache': False, 'cmake_clean_first': False, 'cmake_force_configure': False, 'cmake_target': None, 'cmake_target_skip_unavailable': False, 'install_base': '/home/toffanetto/ecai21/install/two_turtle_control', 'merge_install': False, 'path': '/home/toffanetto/ecai21/src/two_turtle_control', 'symlink_install': False, 'test_result_base': None}
[0.261s] INFO:colcon.colcon_core.executor:Executing jobs using 'parallel' executor
[0.264s] DEBUG:colcon.colcon_parallel_executor.executor.parallel:run_until_complete
[0.265s] INFO:colcon.colcon_ros.task.ament_cmake.build:Building ROS package in '/home/toffanetto/ecai21/src/teleop_cmd_vel' with build type 'ament_cmake'
[0.265s] INFO:colcon.colcon_cmake.task.cmake.build:Building CMake package in '/home/toffanetto/ecai21/src/teleop_cmd_vel'
[0.269s] INFO:colcon.colcon_core.plugin_system:Skipping extension 'colcon_core.shell.bat': Not used on non-Windows systems
[0.269s] INFO:colcon.colcon_core.shell:Skip shell extension 'powershell' for command environment: Not usable outside of PowerShell
[0.269s] DEBUG:colcon.colcon_core.shell:Skip shell extension 'dsv' for command environment
[0.274s] INFO:colcon.colcon_ros.task.ament_cmake.build:Building ROS package in '/home/toffanetto/ecai21/src/two_turtle_control' with build type 'ament_cmake'
[0.275s] INFO:colcon.colcon_cmake.task.cmake.build:Building CMake package in '/home/toffanetto/ecai21/src/two_turtle_control'
[0.276s] INFO:colcon.colcon_core.shell:Skip shell extension 'powershell' for command environment: Not usable outside of PowerShell
[0.276s] DEBUG:colcon.colcon_core.shell:Skip shell extension 'dsv' for command environment
[0.289s] DEBUG:colcon.colcon_core.event_handler.log_command:Invoking command in '/home/toffanetto/ecai21/build/teleop_cmd_vel': CMAKE_PREFIX_PATH=${CMAKE_PREFIX_PATH}:/opt/ros/foxy /usr/bin/cmake --build /home/toffanetto/ecai21/build/teleop_cmd_vel -- -j12 -l12
[0.298s] DEBUG:colcon.colcon_core.event_handler.log_command:Invoking command in '/home/toffanetto/ecai21/build/two_turtle_control': CMAKE_PREFIX_PATH=${CMAKE_PREFIX_PATH}:/opt/ros/foxy /usr/bin/cmake --build /home/toffanetto/ecai21/build/two_turtle_control -- -j12 -l12
[0.363s] DEBUG:colcon.colcon_core.event_handler.log_command:Invoked command in '/home/toffanetto/ecai21/build/teleop_cmd_vel' returned '0': CMAKE_PREFIX_PATH=${CMAKE_PREFIX_PATH}:/opt/ros/foxy /usr/bin/cmake --build /home/toffanetto/ecai21/build/teleop_cmd_vel -- -j12 -l12
[0.404s] DEBUG:colcon.colcon_core.event_handler.log_command:Invoking command in '/home/toffanetto/ecai21/build/teleop_cmd_vel': CMAKE_PREFIX_PATH=${CMAKE_PREFIX_PATH}:/opt/ros/foxy /usr/bin/cmake --install /home/toffanetto/ecai21/build/teleop_cmd_vel
[0.415s] Level 1:colcon.colcon_core.environment:create_environment_scripts_only(teleop_cmd_vel)
[0.416s] DEBUG:colcon.colcon_core.event_handler.log_command:Invoked command in '/home/toffanetto/ecai21/build/teleop_cmd_vel' returned '0': CMAKE_PREFIX_PATH=${CMAKE_PREFIX_PATH}:/opt/ros/foxy /usr/bin/cmake --install /home/toffanetto/ecai21/build/teleop_cmd_vel
[0.422s] Level 1:colcon.colcon_core.environment:checking '/home/toffanetto/ecai21/install/teleop_cmd_vel' for CMake module files
[0.422s] Level 1:colcon.colcon_core.environment:checking '/home/toffanetto/ecai21/install/teleop_cmd_vel' for CMake config files
[0.422s] Level 1:colcon.colcon_core.shell:create_environment_hook('teleop_cmd_vel', 'cmake_prefix_path')
[0.423s] INFO:colcon.colcon_core.shell:Creating environment hook '/home/toffanetto/ecai21/install/teleop_cmd_vel/share/teleop_cmd_vel/hook/cmake_prefix_path.ps1'
[0.424s] INFO:colcon.colcon_core.shell:Creating environment descriptor '/home/toffanetto/ecai21/install/teleop_cmd_vel/share/teleop_cmd_vel/hook/cmake_prefix_path.dsv'
[0.424s] INFO:colcon.colcon_core.shell:Creating environment hook '/home/toffanetto/ecai21/install/teleop_cmd_vel/share/teleop_cmd_vel/hook/cmake_prefix_path.sh'
[0.425s] Level 1:colcon.colcon_core.environment:checking '/home/toffanetto/ecai21/install/teleop_cmd_vel/lib'
[0.425s] Level 1:colcon.colcon_core.environment:checking '/home/toffanetto/ecai21/install/teleop_cmd_vel/bin'
[0.425s] Level 1:colcon.colcon_core.environment:checking '/home/toffanetto/ecai21/install/teleop_cmd_vel/lib/pkgconfig/teleop_cmd_vel.pc'
[0.425s] Level 1:colcon.colcon_core.environment:checking '/home/toffanetto/ecai21/install/teleop_cmd_vel/lib/python3.8/site-packages'
[0.426s] Level 1:colcon.colcon_core.environment:checking '/home/toffanetto/ecai21/install/teleop_cmd_vel/bin'
[0.427s] INFO:colcon.colcon_core.shell:Creating package script '/home/toffanetto/ecai21/install/teleop_cmd_vel/share/teleop_cmd_vel/package.ps1'
[0.427s] INFO:colcon.colcon_core.shell:Creating package descriptor '/home/toffanetto/ecai21/install/teleop_cmd_vel/share/teleop_cmd_vel/package.dsv'
[0.428s] INFO:colcon.colcon_core.shell:Creating package script '/home/toffanetto/ecai21/install/teleop_cmd_vel/share/teleop_cmd_vel/package.sh'
[0.428s] INFO:colcon.colcon_core.shell:Creating package script '/home/toffanetto/ecai21/install/teleop_cmd_vel/share/teleop_cmd_vel/package.bash'
[0.429s] INFO:colcon.colcon_core.shell:Creating package script '/home/toffanetto/ecai21/install/teleop_cmd_vel/share/teleop_cmd_vel/package.zsh'
[0.430s] Level 1:colcon.colcon_core.environment:create_file_with_runtime_dependencies(/home/toffanetto/ecai21/install/teleop_cmd_vel/share/colcon-core/packages/teleop_cmd_vel)
[0.454s] Level 1:colcon.colcon_core.environment:create_environment_scripts_only(teleop_cmd_vel)
[0.455s] Level 1:colcon.colcon_core.environment:checking '/home/toffanetto/ecai21/install/teleop_cmd_vel' for CMake module files
[0.456s] Level 1:colcon.colcon_core.environment:checking '/home/toffanetto/ecai21/install/teleop_cmd_vel' for CMake config files
[0.456s] Level 1:colcon.colcon_core.shell:create_environment_hook('teleop_cmd_vel', 'cmake_prefix_path')
[0.457s] INFO:colcon.colcon_core.shell:Creating environment hook '/home/toffanetto/ecai21/install/teleop_cmd_vel/share/teleop_cmd_vel/hook/cmake_prefix_path.ps1'
[0.458s] INFO:colcon.colcon_core.shell:Creating environment descriptor '/home/toffanetto/ecai21/install/teleop_cmd_vel/share/teleop_cmd_vel/hook/cmake_prefix_path.dsv'
[0.458s] INFO:colcon.colcon_core.shell:Creating environment hook '/home/toffanetto/ecai21/install/teleop_cmd_vel/share/teleop_cmd_vel/hook/cmake_prefix_path.sh'
[0.459s] Level 1:colcon.colcon_core.environment:checking '/home/toffanetto/ecai21/install/teleop_cmd_vel/lib'
[0.459s] Level 1:colcon.colcon_core.environment:checking '/home/toffanetto/ecai21/install/teleop_cmd_vel/bin'
[0.459s] Level 1:colcon.colcon_core.environment:checking '/home/toffanetto/ecai21/install/teleop_cmd_vel/lib/pkgconfig/teleop_cmd_vel.pc'
[0.459s] Level 1:colcon.colcon_core.environment:checking '/home/toffanetto/ecai21/install/teleop_cmd_vel/lib/python3.8/site-packages'
[0.459s] Level 1:colcon.colcon_core.environment:checking '/home/toffanetto/ecai21/install/teleop_cmd_vel/bin'
[0.461s] INFO:colcon.colcon_core.shell:Creating package script '/home/toffanetto/ecai21/install/teleop_cmd_vel/share/teleop_cmd_vel/package.ps1'
[0.461s] INFO:colcon.colcon_core.shell:Creating package descriptor '/home/toffanetto/ecai21/install/teleop_cmd_vel/share/teleop_cmd_vel/package.dsv'
[0.462s] INFO:colcon.colcon_core.shell:Creating package script '/home/toffanetto/ecai21/install/teleop_cmd_vel/share/teleop_cmd_vel/package.sh'
[0.462s] INFO:colcon.colcon_core.shell:Creating package script '/home/toffanetto/ecai21/install/teleop_cmd_vel/share/teleop_cmd_vel/package.bash'
[0.462s] INFO:colcon.colcon_core.shell:Creating package script '/home/toffanetto/ecai21/install/teleop_cmd_vel/share/teleop_cmd_vel/package.zsh'
[0.463s] Level 1:colcon.colcon_core.environment:create_file_with_runtime_dependencies(/home/toffanetto/ecai21/install/teleop_cmd_vel/share/colcon-core/packages/teleop_cmd_vel)
[5.827s] DEBUG:colcon.colcon_core.event_handler.log_command:Invoked command in '/home/toffanetto/ecai21/build/two_turtle_control' returned '0': CMAKE_PREFIX_PATH=${CMAKE_PREFIX_PATH}:/opt/ros/foxy /usr/bin/cmake --build /home/toffanetto/ecai21/build/two_turtle_control -- -j12 -l12
[5.850s] DEBUG:colcon.colcon_core.event_handler.log_command:Invoking command in '/home/toffanetto/ecai21/build/two_turtle_control': CMAKE_PREFIX_PATH=${CMAKE_PREFIX_PATH}:/opt/ros/foxy /usr/bin/cmake --install /home/toffanetto/ecai21/build/two_turtle_control
[5.864s] Level 1:colcon.colcon_core.environment:create_environment_scripts_only(two_turtle_control)
[5.866s] Level 1:colcon.colcon_core.environment:checking '/home/toffanetto/ecai21/install/two_turtle_control' for CMake module files
[5.867s] DEBUG:colcon.colcon_core.event_handler.log_command:Invoked command in '/home/toffanetto/ecai21/build/two_turtle_control' returned '0': CMAKE_PREFIX_PATH=${CMAKE_PREFIX_PATH}:/opt/ros/foxy /usr/bin/cmake --install /home/toffanetto/ecai21/build/two_turtle_control
[5.867s] Level 1:colcon.colcon_core.environment:checking '/home/toffanetto/ecai21/install/two_turtle_control' for CMake config files
[5.868s] Level 1:colcon.colcon_core.shell:create_environment_hook('two_turtle_control', 'cmake_prefix_path')
[5.869s] INFO:colcon.colcon_core.shell:Creating environment hook '/home/toffanetto/ecai21/install/two_turtle_control/share/two_turtle_control/hook/cmake_prefix_path.ps1'
[5.869s] INFO:colcon.colcon_core.shell:Creating environment descriptor '/home/toffanetto/ecai21/install/two_turtle_control/share/two_turtle_control/hook/cmake_prefix_path.dsv'
[5.870s] INFO:colcon.colcon_core.shell:Creating environment hook '/home/toffanetto/ecai21/install/two_turtle_control/share/two_turtle_control/hook/cmake_prefix_path.sh'
[5.870s] Level 1:colcon.colcon_core.environment:checking '/home/toffanetto/ecai21/install/two_turtle_control/lib'
[5.870s] Level 1:colcon.colcon_core.environment:checking '/home/toffanetto/ecai21/install/two_turtle_control/bin'
[5.870s] Level 1:colcon.colcon_core.environment:checking '/home/toffanetto/ecai21/install/two_turtle_control/lib/pkgconfig/two_turtle_control.pc'
[5.870s] Level 1:colcon.colcon_core.environment:checking '/home/toffanetto/ecai21/install/two_turtle_control/lib/python3.8/site-packages'
[5.871s] Level 1:colcon.colcon_core.environment:checking '/home/toffanetto/ecai21/install/two_turtle_control/bin'
[5.872s] INFO:colcon.colcon_core.shell:Creating package script '/home/toffanetto/ecai21/install/two_turtle_control/share/two_turtle_control/package.ps1'
[5.872s] INFO:colcon.colcon_core.shell:Creating package descriptor '/home/toffanetto/ecai21/install/two_turtle_control/share/two_turtle_control/package.dsv'
[5.872s] INFO:colcon.colcon_core.shell:Creating package script '/home/toffanetto/ecai21/install/two_turtle_control/share/two_turtle_control/package.sh'
[5.873s] INFO:colcon.colcon_core.shell:Creating package script '/home/toffanetto/ecai21/install/two_turtle_control/share/two_turtle_control/package.bash'
[5.873s] INFO:colcon.colcon_core.shell:Creating package script '/home/toffanetto/ecai21/install/two_turtle_control/share/two_turtle_control/package.zsh'
[5.873s] Level 1:colcon.colcon_core.environment:create_file_with_runtime_dependencies(/home/toffanetto/ecai21/install/two_turtle_control/share/colcon-core/packages/two_turtle_control)
[5.896s] Level 1:colcon.colcon_core.environment:create_environment_scripts_only(two_turtle_control)
[5.898s] Level 1:colcon.colcon_core.environment:checking '/home/toffanetto/ecai21/install/two_turtle_control' for CMake module files
[5.898s] Level 1:colcon.colcon_core.environment:checking '/home/toffanetto/ecai21/install/two_turtle_control' for CMake config files
[5.899s] Level 1:colcon.colcon_core.shell:create_environment_hook('two_turtle_control', 'cmake_prefix_path')
[5.900s] INFO:colcon.colcon_core.shell:Creating environment hook '/home/toffanetto/ecai21/install/two_turtle_control/share/two_turtle_control/hook/cmake_prefix_path.ps1'
[6.090s] INFO:colcon.colcon_core.shell:Creating environment descriptor '/home/toffanetto/ecai21/install/two_turtle_control/share/two_turtle_control/hook/cmake_prefix_path.dsv'
[6.091s] INFO:colcon.colcon_core.shell:Creating environment hook '/home/toffanetto/ecai21/install/two_turtle_control/share/two_turtle_control/hook/cmake_prefix_path.sh'
[6.093s] Level 1:colcon.colcon_core.environment:checking '/home/toffanetto/ecai21/install/two_turtle_control/lib'
[6.093s] Level 1:colcon.colcon_core.environment:checking '/home/toffanetto/ecai21/install/two_turtle_control/bin'
[6.094s] Level 1:colcon.colcon_core.environment:checking '/home/toffanetto/ecai21/install/two_turtle_control/lib/pkgconfig/two_turtle_control.pc'
[6.095s] Level 1:colcon.colcon_core.environment:checking '/home/toffanetto/ecai21/install/two_turtle_control/lib/python3.8/site-packages'
[6.095s] Level 1:colcon.colcon_core.environment:checking '/home/toffanetto/ecai21/install/two_turtle_control/bin'
[6.101s] INFO:colcon.colcon_core.shell:Creating package script '/home/toffanetto/ecai21/install/two_turtle_control/share/two_turtle_control/package.ps1'
[6.103s] INFO:colcon.colcon_core.shell:Creating package descriptor '/home/toffanetto/ecai21/install/two_turtle_control/share/two_turtle_control/package.dsv'
[6.104s] INFO:colcon.colcon_core.shell:Creating package script '/home/toffanetto/ecai21/install/two_turtle_control/share/two_turtle_control/package.sh'
[6.106s] INFO:colcon.colcon_core.shell:Creating package script '/home/toffanetto/ecai21/install/two_turtle_control/share/two_turtle_control/package.bash'
[6.107s] INFO:colcon.colcon_core.shell:Creating package script '/home/toffanetto/ecai21/install/two_turtle_control/share/two_turtle_control/package.zsh'
[6.109s] Level 1:colcon.colcon_core.environment:create_file_with_runtime_dependencies(/home/toffanetto/ecai21/install/two_turtle_control/share/colcon-core/packages/two_turtle_control)
[6.110s] DEBUG:colcon.colcon_parallel_executor.executor.parallel:closing loop
[6.111s] DEBUG:colcon.colcon_parallel_executor.executor.parallel:loop closed
[6.111s] DEBUG:colcon.colcon_parallel_executor.executor.parallel:run_until_complete finished with '0'
[6.112s] DEBUG:colcon.colcon_core.event_reactor:joining thread
[6.137s] INFO:colcon.colcon_core.plugin_system:Skipping extension 'colcon_notification.desktop_notification.notify_send': Could not find 'notify-send'
[6.137s] INFO:colcon.colcon_core.plugin_system:Skipping extension 'colcon_notification.desktop_notification.terminal_notifier': Not used on non-Darwin systems
[6.138s] INFO:colcon.colcon_core.plugin_system:Skipping extension 'colcon_notification.desktop_notification.win32': Not used on non-Windows systems
[6.138s] INFO:colcon.colcon_notification.desktop_notification:Sending desktop notification using 'notify2'
[6.197s] DEBUG:colcon.colcon_core.event_reactor:joined thread
[6.203s] INFO:colcon.colcon_core.shell:Creating prefix script '/home/toffanetto/ecai21/install/local_setup.ps1'
[6.206s] INFO:colcon.colcon_core.shell:Creating prefix util module '/home/toffanetto/ecai21/install/_local_setup_util_ps1.py'
[6.210s] INFO:colcon.colcon_core.shell:Creating prefix chain script '/home/toffanetto/ecai21/install/setup.ps1'
[6.214s] INFO:colcon.colcon_core.shell:Creating prefix script '/home/toffanetto/ecai21/install/local_setup.sh'
[6.215s] INFO:colcon.colcon_core.shell:Creating prefix util module '/home/toffanetto/ecai21/install/_local_setup_util_sh.py'
[6.215s] INFO:colcon.colcon_core.shell:Creating prefix chain script '/home/toffanetto/ecai21/install/setup.sh'
[6.217s] INFO:colcon.colcon_core.shell:Creating prefix script '/home/toffanetto/ecai21/install/local_setup.bash'
[6.218s] INFO:colcon.colcon_core.shell:Creating prefix chain script '/home/toffanetto/ecai21/install/setup.bash'
[6.220s] INFO:colcon.colcon_core.shell:Creating prefix script '/home/toffanetto/ecai21/install/local_setup.zsh'
[6.220s] INFO:colcon.colcon_core.shell:Creating prefix chain script '/home/toffanetto/ecai21/install/setup.zsh'
