-- Found ament_cmake: 0.9.11 (/opt/ros/foxy/share/ament_cmake/cmake)
-- Using PYTHON_EXECUTABLE: /usr/bin/python3
-- Found rclcpp: 2.4.2 (/opt/ros/foxy/share/rclcpp/cmake)
-- Using all available rosidl_typesupport_c: rosidl_typesupport_fastrtps_c;rosidl_typesupport_introspection_c
-- Found rosidl_adapter: 1.3.0 (/opt/ros/foxy/share/rosidl_adapter/cmake)
-- Using all available rosidl_typesupport_cpp: rosidl_typesupport_fastrtps_cpp;rosidl_typesupport_introspection_cpp
-- Found rmw_implementation_cmake: 1.0.3 (/opt/ros/foxy/share/rmw_implementation_cmake/cmake)
-- Using RMW implementation 'rmw_fastrtps_cpp' as default
-- Found geometry_msgs: 2.0.5 (/opt/ros/foxy/share/geometry_msgs/cmake)
-- Found turtlesim: 1.2.6 (/opt/ros/foxy/share/turtlesim/cmake)
-- Found teleop_cmd_vel: 0.0.0 (/home/toffanetto/ecai21/install/teleop_cmd_vel/share/teleop_cmd_vel/cmake)
-- Found ament_lint_auto: 0.9.7 (/opt/ros/foxy/share/ament_lint_auto/cmake)
-- Added test 'copyright' to check source files copyright and LICENSE
-- Added test 'cppcheck' to perform static code analysis on C / C++ code
-- Configured cppcheck include dirs: $<BUILD_INTERFACE:/home/toffanetto/ecai21/src/two_turtle_control/include>
-- Configured cppcheck exclude dirs and/or files: 
-- Added test 'cpplint' to check C / C++ code against the Google style
-- Configured cpplint exclude dirs and/or files: 
-- Added test 'flake8' to check Python code syntax and style conventions
-- Added test 'lint_cmake' to check CMake code style
-- Added test 'pep257' to check Python code against some of the style conventions in PEP 257
-- Added test 'uncrustify' to check C / C++ code style
-- Configured uncrustify additional arguments: 
-- Added test 'xmllint' to check XML markup files
-- Configuring done
-- Generating done
-- Build files have been written to: /home/toffanetto/ecai21/build/two_turtle_control
[100%] Built target two_turtle
-- Install configuration: ""
-- Up-to-date: /home/toffanetto/ecai21/install/two_turtle_control/lib/two_turtle_control/two_turtle
-- Up-to-date: /home/toffanetto/ecai21/install/two_turtle_control/share/two_turtle_control/launch
-- Up-to-date: /home/toffanetto/ecai21/install/two_turtle_control/share/two_turtle_control/launch/two_turtle.py
-- Up-to-date: /home/toffanetto/ecai21/install/two_turtle_control/share/ament_index/resource_index/package_run_dependencies/two_turtle_control
-- Up-to-date: /home/toffanetto/ecai21/install/two_turtle_control/share/ament_index/resource_index/parent_prefix_path/two_turtle_control
-- Up-to-date: /home/toffanetto/ecai21/install/two_turtle_control/share/two_turtle_control/environment/ament_prefix_path.sh
-- Installing: /home/toffanetto/ecai21/install/two_turtle_control/share/two_turtle_control/environment/ament_prefix_path.dsv
-- Up-to-date: /home/toffanetto/ecai21/install/two_turtle_control/share/two_turtle_control/environment/path.sh
-- Installing: /home/toffanetto/ecai21/install/two_turtle_control/share/two_turtle_control/environment/path.dsv
-- Up-to-date: /home/toffanetto/ecai21/install/two_turtle_control/share/two_turtle_control/local_setup.bash
-- Up-to-date: /home/toffanetto/ecai21/install/two_turtle_control/share/two_turtle_control/local_setup.sh
-- Up-to-date: /home/toffanetto/ecai21/install/two_turtle_control/share/two_turtle_control/local_setup.zsh
-- Installing: /home/toffanetto/ecai21/install/two_turtle_control/share/two_turtle_control/local_setup.dsv
-- Installing: /home/toffanetto/ecai21/install/two_turtle_control/share/two_turtle_control/package.dsv
-- Up-to-date: /home/toffanetto/ecai21/install/two_turtle_control/share/ament_index/resource_index/packages/two_turtle_control
-- Up-to-date: /home/toffanetto/ecai21/install/two_turtle_control/share/two_turtle_control/cmake/two_turtle_controlConfig.cmake
-- Up-to-date: /home/toffanetto/ecai21/install/two_turtle_control/share/two_turtle_control/cmake/two_turtle_controlConfig-version.cmake
-- Up-to-date: /home/toffanetto/ecai21/install/two_turtle_control/share/two_turtle_control/package.xml
