[35m[1mScanning dependencies of target teleop[0m
[ 50%] [32mBuilding CXX object CMakeFiles/teleop.dir/src/teleop.cpp.o[0m
[100%] [32m[1mLinking CXX executable teleop[0m
[100%] Built target teleop
-- Install configuration: ""
-- Installing: /home/toffanetto/ecai21/install/teleop_cmd_vel/lib/teleop_cmd_vel/teleop
-- Set runtime path of "/home/toffanetto/ecai21/install/teleop_cmd_vel/lib/teleop_cmd_vel/teleop" to ""
-- Up-to-date: /home/toffanetto/ecai21/install/teleop_cmd_vel/share/teleop_cmd_vel/launch
-- Up-to-date: /home/toffanetto/ecai21/install/teleop_cmd_vel/share/teleop_cmd_vel/launch/teleop_turtle.py
-- Up-to-date: /home/toffanetto/ecai21/install/teleop_cmd_vel/share/ament_index/resource_index/package_run_dependencies/teleop_cmd_vel
-- Up-to-date: /home/toffanetto/ecai21/install/teleop_cmd_vel/share/ament_index/resource_index/parent_prefix_path/teleop_cmd_vel
-- Up-to-date: /home/toffanetto/ecai21/install/teleop_cmd_vel/share/teleop_cmd_vel/environment/ament_prefix_path.sh
-- Up-to-date: /home/toffanetto/ecai21/install/teleop_cmd_vel/share/teleop_cmd_vel/environment/ament_prefix_path.dsv
-- Up-to-date: /home/toffanetto/ecai21/install/teleop_cmd_vel/share/teleop_cmd_vel/environment/path.sh
-- Up-to-date: /home/toffanetto/ecai21/install/teleop_cmd_vel/share/teleop_cmd_vel/environment/path.dsv
-- Up-to-date: /home/toffanetto/ecai21/install/teleop_cmd_vel/share/teleop_cmd_vel/local_setup.bash
-- Up-to-date: /home/toffanetto/ecai21/install/teleop_cmd_vel/share/teleop_cmd_vel/local_setup.sh
-- Up-to-date: /home/toffanetto/ecai21/install/teleop_cmd_vel/share/teleop_cmd_vel/local_setup.zsh
-- Up-to-date: /home/toffanetto/ecai21/install/teleop_cmd_vel/share/teleop_cmd_vel/local_setup.dsv
-- Installing: /home/toffanetto/ecai21/install/teleop_cmd_vel/share/teleop_cmd_vel/package.dsv
-- Up-to-date: /home/toffanetto/ecai21/install/teleop_cmd_vel/share/ament_index/resource_index/packages/teleop_cmd_vel
-- Up-to-date: /home/toffanetto/ecai21/install/teleop_cmd_vel/share/teleop_cmd_vel/cmake/teleop_cmd_velConfig.cmake
-- Up-to-date: /home/toffanetto/ecai21/install/teleop_cmd_vel/share/teleop_cmd_vel/cmake/teleop_cmd_velConfig-version.cmake
-- Up-to-date: /home/toffanetto/ecai21/install/teleop_cmd_vel/share/teleop_cmd_vel/package.xml
