[0.011s] Invoking command in '/home/toffanetto/ecai21/build/two_turtle_control': CMAKE_PREFIX_PATH=${CMAKE_PREFIX_PATH}:/opt/ros/foxy /usr/bin/cmake /home/toffanetto/ecai21/src/two_turtle_control -DCMAKE_INSTALL_PREFIX=/home/toffanetto/ecai21/install/two_turtle_control
[0.103s] -- The C compiler identification is GNU 9.4.0
[0.290s] -- The CXX compiler identification is GNU 9.4.0
[0.312s] -- Check for working C compiler: /usr/bin/cc
[0.426s] -- Check for working C compiler: /usr/bin/cc -- works
[0.427s] -- Detecting C compiler ABI info
[0.629s] -- Detecting C compiler ABI info - done
[0.649s] -- Detecting C compile features
[0.649s] -- Detecting C compile features - done
[0.657s] -- Check for working CXX compiler: /usr/bin/c++
[0.967s] -- Check for working CXX compiler: /usr/bin/c++ -- works
[0.968s] -- Detecting CXX compiler ABI info
[1.201s] -- Detecting CXX compiler ABI info - done
[1.211s] -- Detecting CXX compile features
[1.212s] -- Detecting CXX compile features - done
[1.213s] -- Found ament_cmake: 0.9.11 (/opt/ros/foxy/share/ament_cmake/cmake)
[1.235s] -- Found PythonInterp: /usr/bin/python3 (found suitable version "3.8.10", minimum required is "3") 
[1.235s] -- Using PYTHON_EXECUTABLE: /usr/bin/python3
[1.411s] -- Found rclcpp: 2.4.2 (/opt/ros/foxy/share/rclcpp/cmake)
[1.452s] -- Using all available rosidl_typesupport_c: rosidl_typesupport_fastrtps_c;rosidl_typesupport_introspection_c
[1.458s] -- Found rosidl_adapter: 1.3.0 (/opt/ros/foxy/share/rosidl_adapter/cmake)
[1.539s] -- Found OpenSSL: /usr/lib/x86_64-linux-gnu/libcrypto.so (found version "1.1.1f")  
[1.570s] -- Found FastRTPS: /opt/ros/foxy/include  
[1.642s] -- Using all available rosidl_typesupport_cpp: rosidl_typesupport_fastrtps_cpp;rosidl_typesupport_introspection_cpp
[1.697s] -- Found rmw_implementation_cmake: 1.0.3 (/opt/ros/foxy/share/rmw_implementation_cmake/cmake)
[1.699s] -- Using RMW implementation 'rmw_fastrtps_cpp' as default
[1.699s] -- Looking for pthread.h
[1.768s] -- Looking for pthread.h - found
[1.768s] -- Performing Test CMAKE_HAVE_LIBC_PTHREAD
[1.856s] -- Performing Test CMAKE_HAVE_LIBC_PTHREAD - Failed
[1.856s] -- Looking for pthread_create in pthreads
[1.924s] -- Looking for pthread_create in pthreads - not found
[1.924s] -- Looking for pthread_create in pthread
[1.990s] -- Looking for pthread_create in pthread - found
[1.991s] -- Found Threads: TRUE  
[2.138s] -- Found geometry_msgs: 2.0.5 (/opt/ros/foxy/share/geometry_msgs/cmake)
[2.180s] -- Found turtlesim: 1.2.6 (/opt/ros/foxy/share/turtlesim/cmake)
[2.297s] -- Found ament_lint_auto: 0.9.7 (/opt/ros/foxy/share/ament_lint_auto/cmake)
[2.372s] -- Added test 'copyright' to check source files copyright and LICENSE
[2.373s] -- Added test 'cppcheck' to perform static code analysis on C / C++ code
[2.374s] -- Configured cppcheck include dirs: $<BUILD_INTERFACE:/home/toffanetto/ecai21/src/two_turtle_control/include>
[2.374s] -- Configured cppcheck exclude dirs and/or files: 
[2.374s] -- Added test 'cpplint' to check C / C++ code against the Google style
[2.374s] -- Configured cpplint exclude dirs and/or files: 
[2.375s] -- Added test 'lint_cmake' to check CMake code style
[2.376s] -- Added test 'uncrustify' to check C / C++ code style
[2.376s] -- Configured uncrustify additional arguments: 
[2.376s] -- Added test 'xmllint' to check XML markup files
[2.380s] -- Configuring done
[2.388s] -- Generating done
[2.389s] -- Build files have been written to: /home/toffanetto/ecai21/build/two_turtle_control
[2.396s] Invoked command in '/home/toffanetto/ecai21/build/two_turtle_control' returned '0': CMAKE_PREFIX_PATH=${CMAKE_PREFIX_PATH}:/opt/ros/foxy /usr/bin/cmake /home/toffanetto/ecai21/src/two_turtle_control -DCMAKE_INSTALL_PREFIX=/home/toffanetto/ecai21/install/two_turtle_control
[2.399s] Invoking command in '/home/toffanetto/ecai21/build/two_turtle_control': CMAKE_PREFIX_PATH=${CMAKE_PREFIX_PATH}:/opt/ros/foxy /usr/bin/cmake --build /home/toffanetto/ecai21/build/two_turtle_control -- -j12 -l12
[2.440s] [35m[1mScanning dependencies of target two_turtle[0m
[2.476s] [ 50%] [32mBuilding CXX object CMakeFiles/two_turtle.dir/src/two_turtle.cpp.o[0m
[7.921s] [100%] [32m[1mLinking CXX executable two_turtle[0m
[8.210s] [100%] Built target two_turtle
[8.221s] Invoked command in '/home/toffanetto/ecai21/build/two_turtle_control' returned '0': CMAKE_PREFIX_PATH=${CMAKE_PREFIX_PATH}:/opt/ros/foxy /usr/bin/cmake --build /home/toffanetto/ecai21/build/two_turtle_control -- -j12 -l12
[8.256s] Invoking command in '/home/toffanetto/ecai21/build/two_turtle_control': CMAKE_PREFIX_PATH=${CMAKE_PREFIX_PATH}:/opt/ros/foxy /usr/bin/cmake --install /home/toffanetto/ecai21/build/two_turtle_control
[8.264s] -- Install configuration: ""
[8.264s] -- Installing: /home/toffanetto/ecai21/install/two_turtle_control/lib/two_turtle_control/two_turtle
[8.266s] -- Set runtime path of "/home/toffanetto/ecai21/install/two_turtle_control/lib/two_turtle_control/two_turtle" to ""
[8.266s] -- Installing: /home/toffanetto/ecai21/install/two_turtle_control/share/ament_index/resource_index/package_run_dependencies/two_turtle_control
[8.267s] -- Installing: /home/toffanetto/ecai21/install/two_turtle_control/share/ament_index/resource_index/parent_prefix_path/two_turtle_control
[8.267s] -- Installing: /home/toffanetto/ecai21/install/two_turtle_control/share/two_turtle_control/environment/ament_prefix_path.sh
[8.267s] -- Installing: /home/toffanetto/ecai21/install/two_turtle_control/share/two_turtle_control/environment/ament_prefix_path.dsv
[8.267s] -- Installing: /home/toffanetto/ecai21/install/two_turtle_control/share/two_turtle_control/environment/path.sh
[8.267s] -- Installing: /home/toffanetto/ecai21/install/two_turtle_control/share/two_turtle_control/environment/path.dsv
[8.267s] -- Installing: /home/toffanetto/ecai21/install/two_turtle_control/share/two_turtle_control/local_setup.bash
[8.267s] -- Installing: /home/toffanetto/ecai21/install/two_turtle_control/share/two_turtle_control/local_setup.sh
[8.267s] -- Installing: /home/toffanetto/ecai21/install/two_turtle_control/share/two_turtle_control/local_setup.zsh
[8.267s] -- Installing: /home/toffanetto/ecai21/install/two_turtle_control/share/two_turtle_control/local_setup.dsv
[8.268s] -- Installing: /home/toffanetto/ecai21/install/two_turtle_control/share/two_turtle_control/package.dsv
[8.268s] -- Installing: /home/toffanetto/ecai21/install/two_turtle_control/share/ament_index/resource_index/packages/two_turtle_control
[8.268s] -- Installing: /home/toffanetto/ecai21/install/two_turtle_control/share/two_turtle_control/cmake/two_turtle_controlConfig.cmake
[8.268s] -- Installing: /home/toffanetto/ecai21/install/two_turtle_control/share/two_turtle_control/cmake/two_turtle_controlConfig-version.cmake
[8.268s] -- Installing: /home/toffanetto/ecai21/install/two_turtle_control/share/two_turtle_control/package.xml
[8.272s] Invoked command in '/home/toffanetto/ecai21/build/two_turtle_control' returned '0': CMAKE_PREFIX_PATH=${CMAKE_PREFIX_PATH}:/opt/ros/foxy /usr/bin/cmake --install /home/toffanetto/ecai21/build/two_turtle_control
