[0.012s] Invoking command in '/home/toffanetto/ecai21/src/build/two_turtle_control': CMAKE_PREFIX_PATH=/opt/ros/foxy /usr/bin/cmake /home/toffanetto/ecai21/src/two_turtle_control -DCMAKE_INSTALL_PREFIX=/home/toffanetto/ecai21/src/install/two_turtle_control
[0.064s] -- The C compiler identification is GNU 9.4.0
[0.113s] -- The CXX compiler identification is GNU 9.4.0
[0.117s] -- Check for working C compiler: /usr/bin/cc
[0.197s] -- Check for working C compiler: /usr/bin/cc -- works
[0.199s] -- Detecting C compiler ABI info
[0.275s] -- Detecting C compiler ABI info - done
[0.286s] -- Detecting C compile features
[0.286s] -- Detecting C compile features - done
[0.288s] -- Check for working CXX compiler: /usr/bin/c++
[0.359s] -- Check for working CXX compiler: /usr/bin/c++ -- works
[0.360s] -- Detecting CXX compiler ABI info
[0.432s] -- Detecting CXX compiler ABI info - done
[0.443s] -- Detecting CXX compile features
[0.443s] -- Detecting CXX compile features - done
[0.445s] -- Found ament_cmake: 0.9.11 (/opt/ros/foxy/share/ament_cmake/cmake)
[0.465s] -- Found PythonInterp: /usr/bin/python3 (found suitable version "3.8.10", minimum required is "3") 
[0.465s] -- Using PYTHON_EXECUTABLE: /usr/bin/python3
[0.640s] -- Found rclcpp: 2.4.2 (/opt/ros/foxy/share/rclcpp/cmake)
[0.680s] -- Using all available rosidl_typesupport_c: rosidl_typesupport_fastrtps_c;rosidl_typesupport_introspection_c
[0.685s] -- Found rosidl_adapter: 1.3.0 (/opt/ros/foxy/share/rosidl_adapter/cmake)
[0.760s] -- Found OpenSSL: /usr/lib/x86_64-linux-gnu/libcrypto.so (found version "1.1.1f")  
[0.788s] -- Found FastRTPS: /opt/ros/foxy/include  
[0.859s] -- Using all available rosidl_typesupport_cpp: rosidl_typesupport_fastrtps_cpp;rosidl_typesupport_introspection_cpp
[0.911s] -- Found rmw_implementation_cmake: 1.0.3 (/opt/ros/foxy/share/rmw_implementation_cmake/cmake)
[0.912s] -- Using RMW implementation 'rmw_fastrtps_cpp' as default
[0.913s] -- Looking for pthread.h
[0.982s] -- Looking for pthread.h - found
[0.983s] -- Performing Test CMAKE_HAVE_LIBC_PTHREAD
[1.061s] -- Performing Test CMAKE_HAVE_LIBC_PTHREAD - Failed
[1.061s] -- Looking for pthread_create in pthreads
[1.125s] -- Looking for pthread_create in pthreads - not found
[1.125s] -- Looking for pthread_create in pthread
[1.202s] -- Looking for pthread_create in pthread - found
[1.204s] -- Found Threads: TRUE  
[1.344s] -- Found geometry_msgs: 2.0.5 (/opt/ros/foxy/share/geometry_msgs/cmake)
[1.375s] -- Found turtlesim: 1.2.6 (/opt/ros/foxy/share/turtlesim/cmake)
[1.469s] -- Found ament_lint_auto: 0.9.7 (/opt/ros/foxy/share/ament_lint_auto/cmake)
[1.533s] -- Added test 'copyright' to check source files copyright and LICENSE
[1.534s] -- Added test 'cppcheck' to perform static code analysis on C / C++ code
[1.534s] -- Configured cppcheck include dirs: $<BUILD_INTERFACE:/home/toffanetto/ecai21/src/two_turtle_control/include>
[1.534s] -- Configured cppcheck exclude dirs and/or files: 
[1.535s] -- Added test 'cpplint' to check C / C++ code against the Google style
[1.535s] -- Configured cpplint exclude dirs and/or files: 
[1.536s] -- Added test 'lint_cmake' to check CMake code style
[1.537s] -- Added test 'uncrustify' to check C / C++ code style
[1.537s] -- Configured uncrustify additional arguments: 
[1.537s] -- Added test 'xmllint' to check XML markup files
[1.541s] -- Configuring done
[1.553s] -- Generating done
[1.555s] -- Build files have been written to: /home/toffanetto/ecai21/src/build/two_turtle_control
[1.563s] Invoked command in '/home/toffanetto/ecai21/src/build/two_turtle_control' returned '0': CMAKE_PREFIX_PATH=/opt/ros/foxy /usr/bin/cmake /home/toffanetto/ecai21/src/two_turtle_control -DCMAKE_INSTALL_PREFIX=/home/toffanetto/ecai21/src/install/two_turtle_control
[1.566s] Invoking command in '/home/toffanetto/ecai21/src/build/two_turtle_control': CMAKE_PREFIX_PATH=/opt/ros/foxy /usr/bin/cmake --build /home/toffanetto/ecai21/src/build/two_turtle_control -- -j12 -l12
[1.603s] [35m[1mScanning dependencies of target two_turtle[0m
[1.637s] [ 50%] [32mBuilding CXX object CMakeFiles/two_turtle.dir/src/two_turtle.cpp.o[0m
[2.658s] In file included from [01m[K/opt/ros/foxy/include/rclcpp/context.hpp:19[m[K,
[2.658s]                  from [01m[K/opt/ros/foxy/include/rclcpp/contexts/default_context.hpp:18[m[K,
[2.658s]                  from [01m[K/opt/ros/foxy/include/rclcpp/executor.hpp:32[m[K,
[2.658s]                  from [01m[K/opt/ros/foxy/include/rclcpp/executors/multi_threaded_executor.hpp:26[m[K,
[2.658s]                  from [01m[K/opt/ros/foxy/include/rclcpp/executors.hpp:21[m[K,
[2.658s]                  from [01m[K/opt/ros/foxy/include/rclcpp/rclcpp.hpp:146[m[K,
[2.658s]                  from [01m[K/home/toffanetto/ecai21/src/two_turtle_control/src/two_turtle.cpp:6[m[K:
[2.658s] /usr/include/c++/9/functional: In instantiation of ‘[01m[Kstruct std::_Bind_check_arity<void (TwoTurtle::*)(), TwoTurtle*, const std::_Placeholder<1>&>[m[K’:
[2.658s] [01m[K/usr/include/c++/9/functional:787:12:[m[K   required from ‘[01m[Kstruct std::_Bind_helper<false, void (TwoTurtle::*)(), TwoTurtle*, const std::_Placeholder<1>&>[m[K’
[2.658s] [01m[K/usr/include/c++/9/functional:808:5:[m[K   required by substitution of ‘[01m[Ktemplate<class _Func, class ... _BoundArgs> typename std::_Bind_helper<std::__is_socketlike<_Func>::value, _Func, _BoundArgs ...>::type std::bind(_Func&&, _BoundArgs&& ...) [with _Func = void (TwoTurtle::*)(); _BoundArgs = {TwoTurtle*, const std::_Placeholder<1>&}][m[K’
[2.658s] [01m[K/home/toffanetto/ecai21/src/two_turtle_control/src/two_turtle.cpp:32:97:[m[K   required from here
[2.658s] [01m[K/usr/include/c++/9/functional:775:7:[m[K [01;31m[Kerror: [m[Kstatic assertion failed: Wrong number of arguments for pointer-to-member
[2.658s]   774 |       static_assert(_Varargs::[01;31m[Kvalue[m[K
[2.658s]       |                               [01;31m[K~~~~~[m[K
[2.658s]   775 | [01;31m[K      ? sizeof...(_BoundArgs) >= _Arity::value + 1[m[K
[2.659s]       |       [01;31m[K^~~~~~~~~~~~~~~~~~~~~~~~~~~~~~~~~~~~~~~~~~~~[m[K
[2.659s]   776 | [01;31m[K      : sizeof...(_BoundArgs) == _Arity::value + 1[m[K,
[2.659s]       |       [01;31m[K~~~~~~~~~~~~~~~~~~~~~~~~~~~~~~~~~~~~~~~~~~~~[m[K
[2.663s] In file included from [01m[K/usr/include/c++/9/bits/unique_ptr.h:37[m[K,
[2.663s]                  from [01m[K/usr/include/c++/9/memory:80[m[K,
[2.663s]                  from [01m[K/home/toffanetto/ecai21/src/two_turtle_control/src/two_turtle.cpp:2[m[K:
[2.663s] /usr/include/c++/9/tuple: In instantiation of ‘[01m[Kstruct std::tuple_element<0, std::tuple<> >[m[K’:
[2.663s] [01m[K/opt/ros/foxy/include/rclcpp/function_traits.hpp:71:9:[m[K   required by substitution of ‘[01m[Ktemplate<class ReturnTypeT, class ... Args> template<long unsigned int N> using argument_type = typename std::tuple_element<N, std::tuple<_Elements ...> >::type [with long unsigned int N = 0; ReturnTypeT = void; Args = {}][m[K’
[2.664s] [01m[K/opt/ros/foxy/include/rclcpp/subscription_traits.hpp:97:8:[m[K   required from ‘[01m[Kstruct rclcpp::subscription_traits::has_message_type<std::_Bind<void (TwoTurtle::*(TwoTurtle*, std::_Placeholder<1>))()>, std::allocator<void>, void, void, void, void>[m[K’
[2.664s] [01m[K/opt/ros/foxy/include/rclcpp/node.hpp:204:5:[m[K   required by substitution of ‘[01m[Ktemplate<class MessageT, class CallbackT, class AllocatorT, class CallbackMessageT, class SubscriptionT, class MessageMemoryStrategyT> std::shared_ptr<SubscriptionT> rclcpp::Node::create_subscription(const string&, const rclcpp::QoS&, CallbackT&&, const rclcpp::SubscriptionOptionsWithAllocator<AllocatorT>&, typename MessageMemoryStrategyT::SharedPtr) [with MessageT = turtlesim::msg::Pose_<std::allocator<void> >; CallbackT = std::_Bind<void (TwoTurtle::*(TwoTurtle*, std::_Placeholder<1>))()>; AllocatorT = std::allocator<void>; CallbackMessageT = <missing>; SubscriptionT = <missing>; MessageMemoryStrategyT = <missing>][m[K’
[2.664s] [01m[K/home/toffanetto/ecai21/src/two_turtle_control/src/two_turtle.cpp:32:98:[m[K   required from here
[2.664s] [01m[K/usr/include/c++/9/tuple:1303:25:[m[K [01;31m[Kerror: [m[Kstatic assertion failed: tuple index is in range
[2.664s]  1303 |       static_assert([01;31m[K__i < tuple_size<tuple<>>::value[m[K,
[2.664s]       |                     [01;31m[K~~~~^~~~~~~~~~~~~~~~~~~~~~~~~~~~[m[K
[2.664s] In file included from [01m[K/opt/ros/foxy/include/rclcpp/client.hpp:32[m[K,
[2.664s]                  from [01m[K/opt/ros/foxy/include/rclcpp/callback_group.hpp:23[m[K,
[2.664s]                  from [01m[K/opt/ros/foxy/include/rclcpp/any_executable.hpp:20[m[K,
[2.664s]                  from [01m[K/opt/ros/foxy/include/rclcpp/memory_strategy.hpp:24[m[K,
[2.664s]                  from [01m[K/opt/ros/foxy/include/rclcpp/memory_strategies.hpp:18[m[K,
[2.664s]                  from [01m[K/opt/ros/foxy/include/rclcpp/executor_options.hpp:20[m[K,
[2.664s]                  from [01m[K/opt/ros/foxy/include/rclcpp/executor.hpp:33[m[K,
[2.664s]                  from [01m[K/opt/ros/foxy/include/rclcpp/executors/multi_threaded_executor.hpp:26[m[K,
[2.664s]                  from [01m[K/opt/ros/foxy/include/rclcpp/executors.hpp:21[m[K,
[2.664s]                  from [01m[K/opt/ros/foxy/include/rclcpp/rclcpp.hpp:146[m[K,
[2.664s]                  from [01m[K/home/toffanetto/ecai21/src/two_turtle_control/src/two_turtle.cpp:6[m[K:
[2.664s] /opt/ros/foxy/include/rclcpp/function_traits.hpp: In substitution of ‘[01m[Ktemplate<class ReturnTypeT, class ... Args> template<long unsigned int N> using argument_type = typename std::tuple_element<N, std::tuple<_Elements ...> >::type [with long unsigned int N = 0; ReturnTypeT = void; Args = {}][m[K’:
[2.664s] [01m[K/opt/ros/foxy/include/rclcpp/subscription_traits.hpp:97:8:[m[K   required from ‘[01m[Kstruct rclcpp::subscription_traits::has_message_type<std::_Bind<void (TwoTurtle::*(TwoTurtle*, std::_Placeholder<1>))()>, std::allocator<void>, void, void, void, void>[m[K’
[2.665s] [01m[K/opt/ros/foxy/include/rclcpp/node.hpp:204:5:[m[K   required by substitution of ‘[01m[Ktemplate<class MessageT, class CallbackT, class AllocatorT, class CallbackMessageT, class SubscriptionT, class MessageMemoryStrategyT> std::shared_ptr<SubscriptionT> rclcpp::Node::create_subscription(const string&, const rclcpp::QoS&, CallbackT&&, const rclcpp::SubscriptionOptionsWithAllocator<AllocatorT>&, typename MessageMemoryStrategyT::SharedPtr) [with MessageT = turtlesim::msg::Pose_<std::allocator<void> >; CallbackT = std::_Bind<void (TwoTurtle::*(TwoTurtle*, std::_Placeholder<1>))()>; AllocatorT = std::allocator<void>; CallbackMessageT = <missing>; SubscriptionT = <missing>; MessageMemoryStrategyT = <missing>][m[K’
[2.665s] [01m[K/home/toffanetto/ecai21/src/two_turtle_control/src/two_turtle.cpp:32:98:[m[K   required from here
[2.665s] [01m[K/opt/ros/foxy/include/rclcpp/function_traits.hpp:71:9:[m[K [01;31m[Kerror: [m[Kno type named ‘[01m[Ktype[m[K’ in ‘[01m[Kstruct std::tuple_element<0, std::tuple<> >[m[K’
[2.665s]    71 |   using [01;31m[Kargument_type[m[K = typename std::tuple_element<N, arguments>::type;
[2.665s]       |         [01;31m[K^~~~~~~~~~~~~[m[K
[2.665s] [01m[K/home/toffanetto/ecai21/src/two_turtle_control/src/two_turtle.cpp:[m[K In constructor ‘[01m[KTwoTurtle::TwoTurtle()[m[K’:
[2.665s] [01m[K/home/toffanetto/ecai21/src/two_turtle_control/src/two_turtle.cpp:32:98:[m[K [01;31m[Kerror: [m[Kno matching function for call to ‘[01m[KTwoTurtle::create_subscription<turtlesim::msg::Pose>(const char [14], rclcpp::QoS&, std::_Bind_helper<false, void (TwoTurtle::*)(), TwoTurtle*, const std::_Placeholder<1>&>::type)[m[K’
[2.665s]    32 |                 std::bind(&TwoTurtle::pose_callback, this, std::placeholders::_1)[01;31m[K)[m[K;
[2.665s]       |                                                                                  [01;31m[K^[m[K
[2.665s] 
[2.665s] In file included from [01m[K/opt/ros/foxy/include/rclcpp/executors/single_threaded_executor.hpp:28[m[K,
[2.665s]                  from [01m[K/opt/ros/foxy/include/rclcpp/executors.hpp:22[m[K,
[2.665s]                  from [01m[K/opt/ros/foxy/include/rclcpp/rclcpp.hpp:146[m[K,
[2.665s]                  from [01m[K/home/toffanetto/ecai21/src/two_turtle_control/src/two_turtle.cpp:6[m[K:
[2.665s] [01m[K/opt/ros/foxy/include/rclcpp/node.hpp:213:3:[m[K [01;36m[Knote: [m[Kcandidate: ‘[01m[Ktemplate<class MessageT, class CallbackT, class AllocatorT, class CallbackMessageT, class SubscriptionT, class MessageMemoryStrategyT> std::shared_ptr<SubscriptionT> rclcpp::Node::create_subscription(const string&, const rclcpp::QoS&, CallbackT&&, const rclcpp::SubscriptionOptionsWithAllocator<AllocatorT>&, typename MessageMemoryStrategyT::SharedPtr)[m[K’
[2.665s]   213 |   [01;36m[Kcreate_subscription[m[K(
[2.665s]       |   [01;36m[K^~~~~~~~~~~~~~~~~~~[m[K
[2.665s] [01m[K/opt/ros/foxy/include/rclcpp/node.hpp:213:3:[m[K [01;36m[Knote: [m[K  substitution of deduced template arguments resulted in errors seen above
[3.324s] make[2]: *** [CMakeFiles/two_turtle.dir/build.make:63: CMakeFiles/two_turtle.dir/src/two_turtle.cpp.o] Error 1
[3.324s] make[1]: *** [CMakeFiles/Makefile2:78: CMakeFiles/two_turtle.dir/all] Error 2
[3.324s] make: *** [Makefile:141: all] Error 2
[3.326s] Invoked command in '/home/toffanetto/ecai21/src/build/two_turtle_control' returned '2': CMAKE_PREFIX_PATH=/opt/ros/foxy /usr/bin/cmake --build /home/toffanetto/ecai21/src/build/two_turtle_control -- -j12 -l12
