[0.022s] Invoking command in '/home/toffanetto/ecai21/build/teleop_cmd_vel': CMAKE_PREFIX_PATH=${CMAKE_PREFIX_PATH}:/opt/ros/foxy /usr/bin/cmake --build /home/toffanetto/ecai21/build/teleop_cmd_vel -- -j12 -l12
[0.081s] [100%] Built target teleop
[0.093s] Invoked command in '/home/toffanetto/ecai21/build/teleop_cmd_vel' returned '0': CMAKE_PREFIX_PATH=${CMAKE_PREFIX_PATH}:/opt/ros/foxy /usr/bin/cmake --build /home/toffanetto/ecai21/build/teleop_cmd_vel -- -j12 -l12
[0.128s] Invoking command in '/home/toffanetto/ecai21/build/teleop_cmd_vel': CMAKE_PREFIX_PATH=${CMAKE_PREFIX_PATH}:/opt/ros/foxy /usr/bin/cmake --install /home/toffanetto/ecai21/build/teleop_cmd_vel
[0.135s] -- Install configuration: ""
[0.136s] -- Up-to-date: /home/toffanetto/ecai21/install/teleop_cmd_vel/lib/teleop_cmd_vel/teleop
[0.136s] -- Up-to-date: /home/toffanetto/ecai21/install/teleop_cmd_vel/share/teleop_cmd_vel/launch
[0.136s] -- Up-to-date: /home/toffanetto/ecai21/install/teleop_cmd_vel/share/teleop_cmd_vel/launch/teleop_turtle.py
[0.136s] -- Up-to-date: /home/toffanetto/ecai21/install/teleop_cmd_vel/share/ament_index/resource_index/package_run_dependencies/teleop_cmd_vel
[0.136s] -- Up-to-date: /home/toffanetto/ecai21/install/teleop_cmd_vel/share/ament_index/resource_index/parent_prefix_path/teleop_cmd_vel
[0.137s] -- Up-to-date: /home/toffanetto/ecai21/install/teleop_cmd_vel/share/teleop_cmd_vel/environment/ament_prefix_path.sh
[0.137s] -- Up-to-date: /home/toffanetto/ecai21/install/teleop_cmd_vel/share/teleop_cmd_vel/environment/ament_prefix_path.dsv
[0.137s] -- Up-to-date: /home/toffanetto/ecai21/install/teleop_cmd_vel/share/teleop_cmd_vel/environment/path.sh
[0.137s] -- Up-to-date: /home/toffanetto/ecai21/install/teleop_cmd_vel/share/teleop_cmd_vel/environment/path.dsv
[0.137s] -- Up-to-date: /home/toffanetto/ecai21/install/teleop_cmd_vel/share/teleop_cmd_vel/local_setup.bash
[0.138s] -- Up-to-date: /home/toffanetto/ecai21/install/teleop_cmd_vel/share/teleop_cmd_vel/local_setup.sh
[0.138s] -- Up-to-date: /home/toffanetto/ecai21/install/teleop_cmd_vel/share/teleop_cmd_vel/local_setup.zsh
[0.138s] -- Up-to-date: /home/toffanetto/ecai21/install/teleop_cmd_vel/share/teleop_cmd_vel/local_setup.dsv
[0.138s] -- Installing: /home/toffanetto/ecai21/install/teleop_cmd_vel/share/teleop_cmd_vel/package.dsv
[0.139s] -- Up-to-date: /home/toffanetto/ecai21/install/teleop_cmd_vel/share/ament_index/resource_index/packages/teleop_cmd_vel
[0.139s] -- Up-to-date: /home/toffanetto/ecai21/install/teleop_cmd_vel/share/teleop_cmd_vel/cmake/teleop_cmd_velConfig.cmake
[0.140s] -- Up-to-date: /home/toffanetto/ecai21/install/teleop_cmd_vel/share/teleop_cmd_vel/cmake/teleop_cmd_velConfig-version.cmake
[0.140s] -- Up-to-date: /home/toffanetto/ecai21/install/teleop_cmd_vel/share/teleop_cmd_vel/package.xml
[0.141s] Invoked command in '/home/toffanetto/ecai21/build/teleop_cmd_vel' returned '0': CMAKE_PREFIX_PATH=${CMAKE_PREFIX_PATH}:/opt/ros/foxy /usr/bin/cmake --install /home/toffanetto/ecai21/build/teleop_cmd_vel
