[0.126s] DEBUG:colcon:Command line arguments: ['/usr/bin/colcon', 'build', '--packages-select', 'two_turtle_control']
[0.126s] DEBUG:colcon:Parsed command line arguments: Namespace(allow_overriding=[], ament_cmake_args=None, base_paths=['.'], build_base='build', catkin_cmake_args=None, catkin_skip_building_tests=False, cmake_args=None, cmake_clean_cache=False, cmake_clean_first=False, cmake_force_configure=False, cmake_target=None, cmake_target_skip_unavailable=False, continue_on_error=False, event_handlers=None, executor='parallel', ignore_user_meta=False, install_base='install', log_base=None, log_level=None, main=<bound method BuildVerb.main of <colcon_core.verb.build.BuildVerb object at 0x7f0c61c487c0>>, merge_install=False, metas=['./colcon.meta'], packages_above=None, packages_above_and_dependencies=None, packages_above_depth=None, packages_end=None, packages_ignore=None, packages_ignore_regex=None, packages_select=['two_turtle_control'], packages_select_build_failed=False, packages_select_by_dep=None, packages_select_regex=None, packages_select_test_failures=False, packages_skip=None, packages_skip_build_finished=False, packages_skip_by_dep=None, packages_skip_regex=None, packages_skip_test_passed=False, packages_skip_up_to=None, packages_start=None, packages_up_to=None, packages_up_to_regex=None, parallel_workers=12, paths=None, symlink_install=False, test_result_base=None, verb_extension=<colcon_core.verb.build.BuildVerb object at 0x7f0c61c487c0>, verb_name='build', verb_parser=<colcon_defaults.argument_parser.defaults.DefaultArgumentsDecorator object at 0x7f0c61c514c0>)
[0.148s] Level 1:colcon.colcon_core.package_discovery:discover_packages(colcon_meta) check parameters
[0.149s] Level 1:colcon.colcon_core.package_discovery:discover_packages(recursive) check parameters
[0.149s] Level 1:colcon.colcon_core.package_discovery:discover_packages(ignore) check parameters
[0.149s] Level 1:colcon.colcon_core.package_discovery:discover_packages(path) check parameters
[0.149s] Level 1:colcon.colcon_core.package_discovery:discover_packages(colcon_meta) discover
[0.149s] Level 1:colcon.colcon_core.package_discovery:discover_packages(recursive) discover
[0.149s] INFO:colcon.colcon_core.package_discovery:Crawling recursively for packages in '/home/toffanetto/ecai21/src'
[0.149s] Level 1:colcon.colcon_core.package_identification:_identify(.) by extensions ['ignore', 'ignore_ament_install']
[0.149s] Level 1:colcon.colcon_core.package_identification:_identify(.) by extension 'ignore'
[0.149s] Level 1:colcon.colcon_core.package_identification:_identify(.) by extension 'ignore_ament_install'
[0.149s] Level 1:colcon.colcon_core.package_identification:_identify(.) by extensions ['colcon_pkg']
[0.149s] Level 1:colcon.colcon_core.package_identification:_identify(.) by extension 'colcon_pkg'
[0.149s] Level 1:colcon.colcon_core.package_identification:_identify(.) by extensions ['colcon_meta']
[0.149s] Level 1:colcon.colcon_core.package_identification:_identify(.) by extension 'colcon_meta'
[0.150s] Level 1:colcon.colcon_core.package_identification:_identify(.) by extensions ['ros']
[0.150s] Level 1:colcon.colcon_core.package_identification:_identify(.) by extension 'ros'
[0.162s] Level 1:colcon.colcon_core.package_identification:_identify(.) by extensions ['cmake', 'python']
[0.162s] Level 1:colcon.colcon_core.package_identification:_identify(.) by extension 'cmake'
[0.162s] Level 1:colcon.colcon_core.package_identification:_identify(.) by extension 'python'
[0.162s] Level 1:colcon.colcon_core.package_identification:_identify(.) by extensions ['python_setup_py']
[0.162s] Level 1:colcon.colcon_core.package_identification:_identify(.) by extension 'python_setup_py'
[0.162s] Level 1:colcon.colcon_core.package_identification:_identify(build) by extensions ['ignore', 'ignore_ament_install']
[0.163s] Level 1:colcon.colcon_core.package_identification:_identify(build) by extension 'ignore'
[0.163s] Level 1:colcon.colcon_core.package_identification:_identify(build) ignored
[0.163s] Level 1:colcon.colcon_core.package_identification:_identify(install) by extensions ['ignore', 'ignore_ament_install']
[0.163s] Level 1:colcon.colcon_core.package_identification:_identify(install) by extension 'ignore'
[0.163s] Level 1:colcon.colcon_core.package_identification:_identify(install) ignored
[0.163s] Level 1:colcon.colcon_core.package_identification:_identify(log) by extensions ['ignore', 'ignore_ament_install']
[0.163s] Level 1:colcon.colcon_core.package_identification:_identify(log) by extension 'ignore'
[0.163s] Level 1:colcon.colcon_core.package_identification:_identify(log) ignored
[0.163s] Level 1:colcon.colcon_core.package_identification:_identify(teleop_cmd_vel) by extensions ['ignore', 'ignore_ament_install']
[0.163s] Level 1:colcon.colcon_core.package_identification:_identify(teleop_cmd_vel) by extension 'ignore'
[0.164s] Level 1:colcon.colcon_core.package_identification:_identify(teleop_cmd_vel) by extension 'ignore_ament_install'
[0.164s] Level 1:colcon.colcon_core.package_identification:_identify(teleop_cmd_vel) by extensions ['colcon_pkg']
[0.164s] Level 1:colcon.colcon_core.package_identification:_identify(teleop_cmd_vel) by extension 'colcon_pkg'
[0.164s] Level 1:colcon.colcon_core.package_identification:_identify(teleop_cmd_vel) by extensions ['colcon_meta']
[0.164s] Level 1:colcon.colcon_core.package_identification:_identify(teleop_cmd_vel) by extension 'colcon_meta'
[0.164s] Level 1:colcon.colcon_core.package_identification:_identify(teleop_cmd_vel) by extensions ['ros']
[0.164s] Level 1:colcon.colcon_core.package_identification:_identify(teleop_cmd_vel) by extension 'ros'
[0.168s] DEBUG:colcon.colcon_core.package_identification:Package 'teleop_cmd_vel' with type 'ros.ament_cmake' and name 'teleop_cmd_vel'
[0.169s] Level 1:colcon.colcon_core.package_identification:_identify(two_turtle_control) by extensions ['ignore', 'ignore_ament_install']
[0.169s] Level 1:colcon.colcon_core.package_identification:_identify(two_turtle_control) by extension 'ignore'
[0.169s] Level 1:colcon.colcon_core.package_identification:_identify(two_turtle_control) by extension 'ignore_ament_install'
[0.169s] Level 1:colcon.colcon_core.package_identification:_identify(two_turtle_control) by extensions ['colcon_pkg']
[0.169s] Level 1:colcon.colcon_core.package_identification:_identify(two_turtle_control) by extension 'colcon_pkg'
[0.169s] Level 1:colcon.colcon_core.package_identification:_identify(two_turtle_control) by extensions ['colcon_meta']
[0.169s] Level 1:colcon.colcon_core.package_identification:_identify(two_turtle_control) by extension 'colcon_meta'
[0.169s] Level 1:colcon.colcon_core.package_identification:_identify(two_turtle_control) by extensions ['ros']
[0.169s] Level 1:colcon.colcon_core.package_identification:_identify(two_turtle_control) by extension 'ros'
[0.171s] DEBUG:colcon.colcon_core.package_identification:Package 'two_turtle_control' with type 'ros.ament_cmake' and name 'two_turtle_control'
[0.171s] Level 1:colcon.colcon_core.package_discovery:discover_packages(recursive) using defaults
[0.171s] Level 1:colcon.colcon_core.package_discovery:discover_packages(ignore) discover
[0.171s] Level 1:colcon.colcon_core.package_discovery:discover_packages(ignore) using defaults
[0.171s] Level 1:colcon.colcon_core.package_discovery:discover_packages(path) discover
[0.171s] Level 1:colcon.colcon_core.package_discovery:discover_packages(path) using defaults
[0.197s] INFO:colcon.colcon_core.package_selection:Skipping not selected package 'teleop_cmd_vel' in 'teleop_cmd_vel'
[0.197s] Level 1:colcon.colcon_core.package_discovery:discover_packages(prefix_path) check parameters
[0.197s] Level 1:colcon.colcon_core.package_discovery:discover_packages(prefix_path) discover
[0.200s] DEBUG:colcon.colcon_installed_package_information.package_discovery:Found 305 installed packages in /opt/ros/foxy
[0.202s] Level 1:colcon.colcon_core.package_discovery:discover_packages(prefix_path) using defaults
[0.264s] Level 5:colcon.colcon_core.verb:set package 'two_turtle_control' build argument 'cmake_args' from command line to 'None'
[0.264s] Level 5:colcon.colcon_core.verb:set package 'two_turtle_control' build argument 'cmake_target' from command line to 'None'
[0.264s] Level 5:colcon.colcon_core.verb:set package 'two_turtle_control' build argument 'cmake_target_skip_unavailable' from command line to 'False'
[0.265s] Level 5:colcon.colcon_core.verb:set package 'two_turtle_control' build argument 'cmake_clean_cache' from command line to 'False'
[0.265s] Level 5:colcon.colcon_core.verb:set package 'two_turtle_control' build argument 'cmake_clean_first' from command line to 'False'
[0.265s] Level 5:colcon.colcon_core.verb:set package 'two_turtle_control' build argument 'cmake_force_configure' from command line to 'False'
[0.265s] Level 5:colcon.colcon_core.verb:set package 'two_turtle_control' build argument 'ament_cmake_args' from command line to 'None'
[0.265s] Level 5:colcon.colcon_core.verb:set package 'two_turtle_control' build argument 'catkin_cmake_args' from command line to 'None'
[0.265s] Level 5:colcon.colcon_core.verb:set package 'two_turtle_control' build argument 'catkin_skip_building_tests' from command line to 'False'
[0.265s] DEBUG:colcon.colcon_core.verb:Building package 'two_turtle_control' with the following arguments: {'ament_cmake_args': None, 'build_base': '/home/toffanetto/ecai21/src/build/two_turtle_control', 'catkin_cmake_args': None, 'catkin_skip_building_tests': False, 'cmake_args': None, 'cmake_clean_cache': False, 'cmake_clean_first': False, 'cmake_force_configure': False, 'cmake_target': None, 'cmake_target_skip_unavailable': False, 'install_base': '/home/toffanetto/ecai21/src/install/two_turtle_control', 'merge_install': False, 'path': '/home/toffanetto/ecai21/src/two_turtle_control', 'symlink_install': False, 'test_result_base': None}
[0.266s] INFO:colcon.colcon_core.executor:Executing jobs using 'parallel' executor
[0.272s] DEBUG:colcon.colcon_parallel_executor.executor.parallel:run_until_complete
[0.272s] INFO:colcon.colcon_ros.task.ament_cmake.build:Building ROS package in '/home/toffanetto/ecai21/src/two_turtle_control' with build type 'ament_cmake'
[0.272s] INFO:colcon.colcon_cmake.task.cmake.build:Building CMake package in '/home/toffanetto/ecai21/src/two_turtle_control'
[0.276s] INFO:colcon.colcon_core.plugin_system:Skipping extension 'colcon_core.shell.bat': Not used on non-Windows systems
[0.276s] INFO:colcon.colcon_core.shell:Skip shell extension 'powershell' for command environment: Not usable outside of PowerShell
[0.276s] DEBUG:colcon.colcon_core.shell:Skip shell extension 'dsv' for command environment
[0.288s] DEBUG:colcon.colcon_core.event_handler.log_command:Invoking command in '/home/toffanetto/ecai21/src/build/two_turtle_control': CMAKE_PREFIX_PATH=/opt/ros/foxy /usr/bin/cmake --build /home/toffanetto/ecai21/src/build/two_turtle_control -- -j12 -l12
[4.698s] DEBUG:colcon.colcon_core.event_handler.log_command:Invoked command in '/home/toffanetto/ecai21/src/build/two_turtle_control' returned '0': CMAKE_PREFIX_PATH=/opt/ros/foxy /usr/bin/cmake --build /home/toffanetto/ecai21/src/build/two_turtle_control -- -j12 -l12
[4.734s] DEBUG:colcon.colcon_core.event_handler.log_command:Invoking command in '/home/toffanetto/ecai21/src/build/two_turtle_control': CMAKE_PREFIX_PATH=/opt/ros/foxy /usr/bin/cmake --install /home/toffanetto/ecai21/src/build/two_turtle_control
[4.746s] Level 1:colcon.colcon_core.environment:create_environment_scripts_only(two_turtle_control)
[4.747s] DEBUG:colcon.colcon_core.event_handler.log_command:Invoked command in '/home/toffanetto/ecai21/src/build/two_turtle_control' returned '0': CMAKE_PREFIX_PATH=/opt/ros/foxy /usr/bin/cmake --install /home/toffanetto/ecai21/src/build/two_turtle_control
[4.751s] Level 1:colcon.colcon_core.environment:checking '/home/toffanetto/ecai21/src/install/two_turtle_control' for CMake module files
[4.752s] Level 1:colcon.colcon_core.environment:checking '/home/toffanetto/ecai21/src/install/two_turtle_control' for CMake config files
[4.752s] Level 1:colcon.colcon_core.shell:create_environment_hook('two_turtle_control', 'cmake_prefix_path')
[4.754s] INFO:colcon.colcon_core.shell:Creating environment hook '/home/toffanetto/ecai21/src/install/two_turtle_control/share/two_turtle_control/hook/cmake_prefix_path.ps1'
[4.754s] INFO:colcon.colcon_core.shell:Creating environment descriptor '/home/toffanetto/ecai21/src/install/two_turtle_control/share/two_turtle_control/hook/cmake_prefix_path.dsv'
[4.755s] INFO:colcon.colcon_core.shell:Creating environment hook '/home/toffanetto/ecai21/src/install/two_turtle_control/share/two_turtle_control/hook/cmake_prefix_path.sh'
[4.755s] Level 1:colcon.colcon_core.environment:checking '/home/toffanetto/ecai21/src/install/two_turtle_control/lib'
[4.756s] Level 1:colcon.colcon_core.environment:checking '/home/toffanetto/ecai21/src/install/two_turtle_control/bin'
[4.756s] Level 1:colcon.colcon_core.environment:checking '/home/toffanetto/ecai21/src/install/two_turtle_control/lib/pkgconfig/two_turtle_control.pc'
[4.756s] Level 1:colcon.colcon_core.environment:checking '/home/toffanetto/ecai21/src/install/two_turtle_control/lib/python3.8/site-packages'
[4.756s] Level 1:colcon.colcon_core.environment:checking '/home/toffanetto/ecai21/src/install/two_turtle_control/bin'
[4.757s] INFO:colcon.colcon_core.shell:Creating package script '/home/toffanetto/ecai21/src/install/two_turtle_control/share/two_turtle_control/package.ps1'
[4.758s] INFO:colcon.colcon_core.shell:Creating package descriptor '/home/toffanetto/ecai21/src/install/two_turtle_control/share/two_turtle_control/package.dsv'
[4.759s] INFO:colcon.colcon_core.shell:Creating package script '/home/toffanetto/ecai21/src/install/two_turtle_control/share/two_turtle_control/package.sh'
[4.759s] INFO:colcon.colcon_core.shell:Creating package script '/home/toffanetto/ecai21/src/install/two_turtle_control/share/two_turtle_control/package.bash'
[4.760s] INFO:colcon.colcon_core.shell:Creating package script '/home/toffanetto/ecai21/src/install/two_turtle_control/share/two_turtle_control/package.zsh'
[4.760s] Level 1:colcon.colcon_core.environment:create_file_with_runtime_dependencies(/home/toffanetto/ecai21/src/install/two_turtle_control/share/colcon-core/packages/two_turtle_control)
[4.783s] Level 1:colcon.colcon_core.environment:create_environment_scripts_only(two_turtle_control)
[4.784s] Level 1:colcon.colcon_core.environment:checking '/home/toffanetto/ecai21/src/install/two_turtle_control' for CMake module files
[4.785s] Level 1:colcon.colcon_core.environment:checking '/home/toffanetto/ecai21/src/install/two_turtle_control' for CMake config files
[4.785s] Level 1:colcon.colcon_core.shell:create_environment_hook('two_turtle_control', 'cmake_prefix_path')
[4.787s] INFO:colcon.colcon_core.shell:Creating environment hook '/home/toffanetto/ecai21/src/install/two_turtle_control/share/two_turtle_control/hook/cmake_prefix_path.ps1'
[4.787s] INFO:colcon.colcon_core.shell:Creating environment descriptor '/home/toffanetto/ecai21/src/install/two_turtle_control/share/two_turtle_control/hook/cmake_prefix_path.dsv'
[4.787s] INFO:colcon.colcon_core.shell:Creating environment hook '/home/toffanetto/ecai21/src/install/two_turtle_control/share/two_turtle_control/hook/cmake_prefix_path.sh'
[4.788s] Level 1:colcon.colcon_core.environment:checking '/home/toffanetto/ecai21/src/install/two_turtle_control/lib'
[4.788s] Level 1:colcon.colcon_core.environment:checking '/home/toffanetto/ecai21/src/install/two_turtle_control/bin'
[4.788s] Level 1:colcon.colcon_core.environment:checking '/home/toffanetto/ecai21/src/install/two_turtle_control/lib/pkgconfig/two_turtle_control.pc'
[4.788s] Level 1:colcon.colcon_core.environment:checking '/home/toffanetto/ecai21/src/install/two_turtle_control/lib/python3.8/site-packages'
[4.788s] Level 1:colcon.colcon_core.environment:checking '/home/toffanetto/ecai21/src/install/two_turtle_control/bin'
[4.790s] INFO:colcon.colcon_core.shell:Creating package script '/home/toffanetto/ecai21/src/install/two_turtle_control/share/two_turtle_control/package.ps1'
[4.790s] INFO:colcon.colcon_core.shell:Creating package descriptor '/home/toffanetto/ecai21/src/install/two_turtle_control/share/two_turtle_control/package.dsv'
[4.790s] INFO:colcon.colcon_core.shell:Creating package script '/home/toffanetto/ecai21/src/install/two_turtle_control/share/two_turtle_control/package.sh'
[4.791s] INFO:colcon.colcon_core.shell:Creating package script '/home/toffanetto/ecai21/src/install/two_turtle_control/share/two_turtle_control/package.bash'
[4.791s] INFO:colcon.colcon_core.shell:Creating package script '/home/toffanetto/ecai21/src/install/two_turtle_control/share/two_turtle_control/package.zsh'
[4.791s] Level 1:colcon.colcon_core.environment:create_file_with_runtime_dependencies(/home/toffanetto/ecai21/src/install/two_turtle_control/share/colcon-core/packages/two_turtle_control)
[4.792s] DEBUG:colcon.colcon_parallel_executor.executor.parallel:closing loop
[4.792s] DEBUG:colcon.colcon_parallel_executor.executor.parallel:loop closed
[4.792s] DEBUG:colcon.colcon_parallel_executor.executor.parallel:run_until_complete finished with '0'
[4.792s] DEBUG:colcon.colcon_core.event_reactor:joining thread
[4.799s] INFO:colcon.colcon_core.plugin_system:Skipping extension 'colcon_notification.desktop_notification.notify_send': Could not find 'notify-send'
[4.799s] INFO:colcon.colcon_core.plugin_system:Skipping extension 'colcon_notification.desktop_notification.terminal_notifier': Not used on non-Darwin systems
[4.799s] INFO:colcon.colcon_core.plugin_system:Skipping extension 'colcon_notification.desktop_notification.win32': Not used on non-Windows systems
[4.799s] INFO:colcon.colcon_notification.desktop_notification:Sending desktop notification using 'notify2'
[5.124s] DEBUG:colcon.colcon_core.event_reactor:joined thread
[5.126s] INFO:colcon.colcon_core.shell:Creating prefix script '/home/toffanetto/ecai21/src/install/local_setup.ps1'
[5.128s] INFO:colcon.colcon_core.shell:Creating prefix util module '/home/toffanetto/ecai21/src/install/_local_setup_util_ps1.py'
[5.163s] INFO:colcon.colcon_core.shell:Creating prefix chain script '/home/toffanetto/ecai21/src/install/setup.ps1'
[5.164s] INFO:colcon.colcon_core.shell:Creating prefix script '/home/toffanetto/ecai21/src/install/local_setup.sh'
[5.165s] INFO:colcon.colcon_core.shell:Creating prefix util module '/home/toffanetto/ecai21/src/install/_local_setup_util_sh.py'
[5.165s] INFO:colcon.colcon_core.shell:Creating prefix chain script '/home/toffanetto/ecai21/src/install/setup.sh'
[5.167s] INFO:colcon.colcon_core.shell:Creating prefix script '/home/toffanetto/ecai21/src/install/local_setup.bash'
[5.168s] INFO:colcon.colcon_core.shell:Creating prefix chain script '/home/toffanetto/ecai21/src/install/setup.bash'
[5.169s] INFO:colcon.colcon_core.shell:Creating prefix script '/home/toffanetto/ecai21/src/install/local_setup.zsh'
[5.170s] INFO:colcon.colcon_core.shell:Creating prefix chain script '/home/toffanetto/ecai21/src/install/setup.zsh'
