[0.020s] Invoking command in '/home/toffanetto/ecai21/build/two_turtle_control': CMAKE_PREFIX_PATH=${CMAKE_PREFIX_PATH}:/opt/ros/foxy /usr/bin/cmake --build /home/toffanetto/ecai21/build/two_turtle_control -- -j12 -l12
[0.062s] [35m[1mScanning dependencies of target two_turtle[0m
[0.095s] [ 50%] [32mBuilding CXX object CMakeFiles/two_turtle.dir/src/two_turtle.cpp.o[0m
[2.401s] [01m[K/home/toffanetto/ecai21/src/two_turtle_control/src/two_turtle.cpp:[m[K In member function ‘[01m[Kint TwoTurtle::turn_side(double, double)[m[K’:
[2.401s] [01m[K/home/toffanetto/ecai21/src/two_turtle_control/src/two_turtle.cpp:153:1:[m[K [01;35m[Kwarning: [m[Kcontrol reaches end of non-void function [[01;35m[K-Wreturn-type[m[K]
[2.401s]   153 | [01;35m[K}[m[K
[2.401s]       | [01;35m[K^[m[K
[4.975s] [100%] [32m[1mLinking CXX executable two_turtle[0m
[5.239s] [100%] Built target two_turtle
[5.407s] Invoked command in '/home/toffanetto/ecai21/build/two_turtle_control' returned '0': CMAKE_PREFIX_PATH=${CMAKE_PREFIX_PATH}:/opt/ros/foxy /usr/bin/cmake --build /home/toffanetto/ecai21/build/two_turtle_control -- -j12 -l12
[5.466s] Invoking command in '/home/toffanetto/ecai21/build/two_turtle_control': CMAKE_PREFIX_PATH=${CMAKE_PREFIX_PATH}:/opt/ros/foxy /usr/bin/cmake --install /home/toffanetto/ecai21/build/two_turtle_control
[5.484s] -- Install configuration: ""
[5.484s] -- Installing: /home/toffanetto/ecai21/install/two_turtle_control/lib/two_turtle_control/two_turtle
[5.489s] -- Set runtime path of "/home/toffanetto/ecai21/install/two_turtle_control/lib/two_turtle_control/two_turtle" to ""
[5.489s] -- Up-to-date: /home/toffanetto/ecai21/install/two_turtle_control/share/two_turtle_control/launch
[5.489s] -- Up-to-date: /home/toffanetto/ecai21/install/two_turtle_control/share/two_turtle_control/launch/two_turtle.py
[5.489s] -- Up-to-date: /home/toffanetto/ecai21/install/two_turtle_control/share/ament_index/resource_index/package_run_dependencies/two_turtle_control
[5.490s] -- Up-to-date: /home/toffanetto/ecai21/install/two_turtle_control/share/ament_index/resource_index/parent_prefix_path/two_turtle_control
[5.490s] -- Up-to-date: /home/toffanetto/ecai21/install/two_turtle_control/share/two_turtle_control/environment/ament_prefix_path.sh
[5.490s] -- Up-to-date: /home/toffanetto/ecai21/install/two_turtle_control/share/two_turtle_control/environment/ament_prefix_path.dsv
[5.490s] -- Up-to-date: /home/toffanetto/ecai21/install/two_turtle_control/share/two_turtle_control/environment/path.sh
[5.490s] -- Up-to-date: /home/toffanetto/ecai21/install/two_turtle_control/share/two_turtle_control/environment/path.dsv
[5.491s] -- Up-to-date: /home/toffanetto/ecai21/install/two_turtle_control/share/two_turtle_control/local_setup.bash
[5.491s] -- Up-to-date: /home/toffanetto/ecai21/install/two_turtle_control/share/two_turtle_control/local_setup.sh
[5.491s] -- Up-to-date: /home/toffanetto/ecai21/install/two_turtle_control/share/two_turtle_control/local_setup.zsh
[5.491s] -- Up-to-date: /home/toffanetto/ecai21/install/two_turtle_control/share/two_turtle_control/local_setup.dsv
[5.491s] -- Installing: /home/toffanetto/ecai21/install/two_turtle_control/share/two_turtle_control/package.dsv
[5.491s] -- Up-to-date: /home/toffanetto/ecai21/install/two_turtle_control/share/ament_index/resource_index/packages/two_turtle_control
[5.492s] -- Up-to-date: /home/toffanetto/ecai21/install/two_turtle_control/share/two_turtle_control/cmake/two_turtle_controlConfig.cmake
[5.492s] -- Up-to-date: /home/toffanetto/ecai21/install/two_turtle_control/share/two_turtle_control/cmake/two_turtle_controlConfig-version.cmake
[5.492s] -- Up-to-date: /home/toffanetto/ecai21/install/two_turtle_control/share/two_turtle_control/package.xml
[5.497s] Invoked command in '/home/toffanetto/ecai21/build/two_turtle_control' returned '0': CMAKE_PREFIX_PATH=${CMAKE_PREFIX_PATH}:/opt/ros/foxy /usr/bin/cmake --install /home/toffanetto/ecai21/build/two_turtle_control
